<?xml version="1.0" ?>
<coverage version="5.3" timestamp="1627918833607" lines-valid="5409" lines-covered="3357" line-rate="0.6206" branches-covered="0" branches-valid="0" branch-rate="0" complexity="0">
	<!-- Generated by coverage.py: https://coverage.readthedocs.io -->
	<!-- Based on https://raw.githubusercontent.com/cobertura/web/master/htdocs/xml/coverage-04.dtd -->
	<sources>
		<source></source>
	</sources>
	<packages>
		<package name=".Users.Vincent.Github.pyds9fb.pyds9fb" line-rate="0.4762" branch-rate="0" complexity="0">
			<classes>
				<class name="profile_coverage.py" filename="/Users/Vincent/Github/pyds9fb/pyds9fb/profile_coverage.py" complexity="0" line-rate="0.4762" branch-rate="0">
					<methods/>
					<lines>
						<line number="3" hits="1"/>
						<line number="9" hits="1"/>
						<line number="10" hits="1"/>
						<line number="11" hits="1"/>
						<line number="13" hits="1"/>
						<line number="14" hits="0"/>
						<line number="15" hits="0"/>
						<line number="17" hits="1"/>
						<line number="19" hits="1"/>
						<line number="20" hits="1"/>
						<line number="22" hits="1"/>
						<line number="23" hits="0"/>
						<line number="24" hits="1"/>
						<line number="25" hits="0"/>
						<line number="26" hits="0"/>
						<line number="27" hits="0"/>
						<line number="28" hits="0"/>
						<line number="29" hits="0"/>
						<line number="30" hits="0"/>
						<line number="31" hits="0"/>
						<line number="34" hits="0"/>
					</lines>
				</class>
			</classes>
		</package>
		<package name="pyds9plugin" line-rate="0.6185" branch-rate="0" complexity="0">
			<classes>
				<class name="BasicFunctions.py" filename="pyds9plugin/BasicFunctions.py" complexity="0" line-rate="0.4" branch-rate="0">
					<methods/>
					<lines>
						<line number="3" hits="1"/>
						<line number="44" hits="1"/>
						<line number="48" hits="0"/>
						<line number="50" hits="0"/>
						<line number="51" hits="0"/>
					</lines>
				</class>
				<class name="DS9Utils.py" filename="pyds9plugin/DS9Utils.py" complexity="0" line-rate="0.6187" branch-rate="0">
					<methods/>
					<lines>
						<line number="3" hits="1"/>
						<line number="42" hits="1"/>
						<line number="43" hits="1"/>
						<line number="44" hits="1"/>
						<line number="45" hits="1"/>
						<line number="46" hits="1"/>
						<line number="48" hits="1"/>
						<line number="49" hits="1"/>
						<line number="51" hits="1"/>
						<line number="52" hits="1"/>
						<line number="53" hits="1"/>
						<line number="54" hits="0"/>
						<line number="56" hits="1"/>
						<line number="57" hits="1"/>
						<line number="59" hits="1"/>
						<line number="60" hits="1"/>
						<line number="61" hits="1"/>
						<line number="62" hits="1"/>
						<line number="65" hits="1"/>
						<line number="66" hits="1"/>
						<line number="69" hits="1"/>
						<line number="70" hits="1"/>
						<line number="72" hits="1"/>
						<line number="73" hits="1"/>
						<line number="74" hits="1"/>
						<line number="75" hits="1"/>
						<line number="76" hits="0"/>
						<line number="77" hits="0"/>
						<line number="78" hits="1"/>
						<line number="81" hits="1"/>
						<line number="82" hits="1"/>
						<line number="83" hits="1"/>
						<line number="84" hits="1"/>
						<line number="85" hits="1"/>
						<line number="87" hits="1"/>
						<line number="88" hits="1"/>
						<line number="89" hits="1"/>
						<line number="91" hits="1"/>
						<line number="92" hits="1"/>
						<line number="93" hits="1"/>
						<line number="94" hits="1"/>
						<line number="95" hits="1"/>
						<line number="96" hits="0"/>
						<line number="97" hits="1"/>
						<line number="100" hits="1"/>
						<line number="101" hits="1"/>
						<line number="102" hits="1"/>
						<line number="105" hits="1"/>
						<line number="113" hits="1"/>
						<line number="114" hits="1"/>
						<line number="122" hits="1"/>
						<line number="123" hits="1"/>
						<line number="130" hits="1"/>
						<line number="133" hits="1"/>
						<line number="135" hits="1"/>
						<line number="137" hits="1"/>
						<line number="138" hits="1"/>
						<line number="139" hits="1"/>
						<line number="140" hits="1"/>
						<line number="141" hits="1"/>
						<line number="142" hits="1"/>
						<line number="143" hits="0"/>
						<line number="144" hits="0"/>
						<line number="146" hits="0"/>
						<line number="147" hits="1"/>
						<line number="151" hits="1"/>
						<line number="155" hits="1"/>
						<line number="156" hits="1"/>
						<line number="157" hits="1"/>
						<line number="158" hits="1"/>
						<line number="159" hits="1"/>
						<line number="160" hits="1"/>
						<line number="161" hits="1"/>
						<line number="162" hits="0"/>
						<line number="163" hits="0"/>
						<line number="165" hits="1"/>
						<line number="166" hits="1"/>
						<line number="168" hits="0"/>
						<line number="169" hits="1"/>
						<line number="172" hits="1"/>
						<line number="173" hits="1"/>
						<line number="176" hits="1"/>
						<line number="178" hits="1"/>
						<line number="179" hits="0"/>
						<line number="181" hits="1"/>
						<line number="182" hits="0"/>
						<line number="185" hits="1"/>
						<line number="189" hits="1"/>
						<line number="191" hits="1"/>
						<line number="192" hits="1"/>
						<line number="193" hits="1"/>
						<line number="195" hits="0"/>
						<line number="196" hits="1"/>
						<line number="197" hits="0"/>
						<line number="198" hits="0"/>
						<line number="199" hits="1"/>
						<line number="201" hits="1"/>
						<line number="202" hits="1"/>
						<line number="205" hits="1"/>
						<line number="206" hits="0"/>
						<line number="209" hits="1"/>
						<line number="211" hits="1"/>
						<line number="213" hits="1"/>
						<line number="214" hits="1"/>
						<line number="215" hits="0"/>
						<line number="216" hits="0"/>
						<line number="217" hits="0"/>
						<line number="220" hits="1"/>
						<line number="223" hits="0"/>
						<line number="224" hits="0"/>
						<line number="225" hits="0"/>
						<line number="226" hits="0"/>
						<line number="227" hits="0"/>
						<line number="228" hits="0"/>
						<line number="229" hits="0"/>
						<line number="230" hits="0"/>
						<line number="231" hits="0"/>
						<line number="232" hits="0"/>
						<line number="233" hits="0"/>
						<line number="234" hits="0"/>
						<line number="235" hits="0"/>
						<line number="236" hits="0"/>
						<line number="237" hits="0"/>
						<line number="238" hits="0"/>
						<line number="239" hits="0"/>
						<line number="242" hits="1"/>
						<line number="243" hits="0"/>
						<line number="250" hits="1"/>
						<line number="251" hits="1"/>
						<line number="254" hits="1"/>
						<line number="256" hits="1"/>
						<line number="257" hits="1"/>
						<line number="260" hits="1"/>
						<line number="262" hits="1"/>
						<line number="263" hits="1"/>
						<line number="264" hits="1"/>
						<line number="265" hits="0"/>
						<line number="266" hits="1"/>
						<line number="267" hits="1"/>
						<line number="268" hits="1"/>
						<line number="269" hits="1"/>
						<line number="270" hits="1"/>
						<line number="271" hits="1"/>
						<line number="272" hits="1"/>
						<line number="275" hits="1"/>
						<line number="278" hits="1"/>
						<line number="280" hits="1"/>
						<line number="281" hits="1"/>
						<line number="284" hits="1"/>
						<line number="286" hits="1"/>
						<line number="287" hits="1"/>
						<line number="288" hits="0"/>
						<line number="289" hits="0"/>
						<line number="290" hits="0"/>
						<line number="292" hits="0"/>
						<line number="294" hits="1"/>
						<line number="297" hits="1"/>
						<line number="299" hits="1"/>
						<line number="300" hits="1"/>
						<line number="301" hits="0"/>
						<line number="302" hits="0"/>
						<line number="303" hits="0"/>
						<line number="305" hits="0"/>
						<line number="313" hits="1"/>
						<line number="316" hits="1"/>
						<line number="318" hits="1"/>
						<line number="319" hits="1"/>
						<line number="320" hits="1"/>
						<line number="321" hits="0"/>
						<line number="323" hits="0"/>
						<line number="325" hits="0"/>
						<line number="331" hits="0"/>
						<line number="332" hits="0"/>
						<line number="333" hits="1"/>
						<line number="336" hits="1"/>
						<line number="338" hits="1"/>
						<line number="339" hits="1"/>
						<line number="340" hits="0"/>
						<line number="341" hits="0"/>
						<line number="342" hits="0"/>
						<line number="343" hits="0"/>
						<line number="344" hits="0"/>
						<line number="345" hits="0"/>
						<line number="346" hits="0"/>
						<line number="347" hits="0"/>
						<line number="348" hits="0"/>
						<line number="349" hits="0"/>
						<line number="350" hits="1"/>
						<line number="351" hits="0"/>
						<line number="353" hits="1"/>
						<line number="356" hits="1"/>
						<line number="359" hits="1"/>
						<line number="361" hits="1"/>
						<line number="362" hits="1"/>
						<line number="369" hits="1"/>
						<line number="376" hits="1"/>
						<line number="377" hits="1"/>
						<line number="378" hits="1"/>
						<line number="379" hits="1"/>
						<line number="381" hits="1"/>
						<line number="382" hits="1"/>
						<line number="383" hits="1"/>
						<line number="384" hits="1"/>
						<line number="385" hits="1"/>
						<line number="386" hits="1"/>
						<line number="387" hits="1"/>
						<line number="388" hits="1"/>
						<line number="389" hits="1"/>
						<line number="390" hits="1"/>
						<line number="391" hits="1"/>
						<line number="392" hits="1"/>
						<line number="393" hits="1"/>
						<line number="394" hits="1"/>
						<line number="397" hits="1"/>
						<line number="400" hits="1"/>
						<line number="401" hits="1"/>
						<line number="402" hits="1"/>
						<line number="403" hits="1"/>
						<line number="404" hits="1"/>
						<line number="405" hits="1"/>
						<line number="406" hits="1"/>
						<line number="408" hits="1"/>
						<line number="411" hits="1"/>
						<line number="414" hits="1"/>
						<line number="415" hits="1"/>
						<line number="416" hits="1"/>
						<line number="417" hits="1"/>
						<line number="418" hits="1"/>
						<line number="419" hits="1"/>
						<line number="420" hits="1"/>
						<line number="424" hits="1"/>
						<line number="426" hits="1"/>
						<line number="429" hits="1"/>
						<line number="432" hits="1"/>
						<line number="433" hits="1"/>
						<line number="434" hits="1"/>
						<line number="435" hits="1"/>
						<line number="438" hits="1"/>
						<line number="440" hits="1"/>
						<line number="443" hits="1"/>
						<line number="444" hits="1"/>
						<line number="445" hits="1"/>
						<line number="446" hits="1"/>
						<line number="460" hits="0"/>
						<line number="462" hits="0"/>
						<line number="463" hits="0"/>
						<line number="466" hits="0"/>
						<line number="474" hits="0"/>
						<line number="475" hits="0"/>
						<line number="476" hits="0"/>
						<line number="478" hits="0"/>
						<line number="479" hits="0"/>
						<line number="481" hits="0"/>
						<line number="482" hits="0"/>
						<line number="483" hits="0"/>
						<line number="484" hits="0"/>
						<line number="485" hits="0"/>
						<line number="494" hits="0"/>
						<line number="495" hits="0"/>
						<line number="511" hits="0"/>
						<line number="523" hits="0"/>
						<line number="525" hits="0"/>
						<line number="526" hits="0"/>
						<line number="527" hits="0"/>
						<line number="528" hits="0"/>
						<line number="529" hits="0"/>
						<line number="530" hits="0"/>
						<line number="531" hits="0"/>
						<line number="540" hits="0"/>
						<line number="541" hits="0"/>
						<line number="543" hits="0"/>
						<line number="544" hits="0"/>
						<line number="545" hits="0"/>
						<line number="547" hits="0"/>
						<line number="555" hits="1"/>
						<line number="557" hits="1"/>
						<line number="559" hits="1"/>
						<line number="560" hits="1"/>
						<line number="561" hits="1"/>
						<line number="567" hits="1"/>
						<line number="570" hits="1"/>
						<line number="572" hits="1"/>
						<line number="573" hits="1"/>
						<line number="574" hits="1"/>
						<line number="577" hits="1"/>
						<line number="578" hits="1"/>
						<line number="579" hits="1"/>
						<line number="580" hits="1"/>
						<line number="581" hits="1"/>
						<line number="582" hits="1"/>
						<line number="583" hits="1"/>
						<line number="586" hits="1"/>
						<line number="587" hits="0"/>
						<line number="588" hits="0"/>
						<line number="592" hits="0"/>
						<line number="600" hits="0"/>
						<line number="609" hits="0"/>
						<line number="613" hits="0"/>
						<line number="614" hits="0"/>
						<line number="620" hits="0"/>
						<line number="626" hits="0"/>
						<line number="631" hits="0"/>
						<line number="635" hits="0"/>
						<line number="641" hits="0"/>
						<line number="642" hits="0"/>
						<line number="648" hits="0"/>
						<line number="650" hits="1"/>
						<line number="652" hits="0"/>
						<line number="658" hits="0"/>
						<line number="659" hits="0"/>
						<line number="665" hits="1"/>
						<line number="666" hits="1"/>
						<line number="667" hits="0"/>
						<line number="671" hits="1"/>
						<line number="674" hits="1"/>
						<line number="675" hits="0"/>
						<line number="678" hits="1"/>
						<line number="679" hits="0"/>
						<line number="684" hits="0"/>
						<line number="686" hits="1"/>
						<line number="689" hits="1"/>
						<line number="691" hits="1"/>
						<line number="692" hits="1"/>
						<line number="693" hits="1"/>
						<line number="694" hits="1"/>
						<line number="695" hits="1"/>
						<line number="696" hits="0"/>
						<line number="697" hits="0"/>
						<line number="698" hits="0"/>
						<line number="699" hits="0"/>
						<line number="701" hits="1"/>
						<line number="702" hits="1"/>
						<line number="703" hits="1"/>
						<line number="704" hits="1"/>
						<line number="707" hits="1"/>
						<line number="710" hits="1"/>
						<line number="712" hits="1"/>
						<line number="713" hits="0"/>
						<line number="717" hits="1"/>
						<line number="718" hits="0"/>
						<line number="722" hits="1"/>
						<line number="743" hits="1"/>
						<line number="748" hits="1"/>
						<line number="752" hits="1"/>
						<line number="754" hits="1"/>
						<line number="755" hits="1"/>
						<line number="773" hits="1"/>
						<line number="780" hits="1"/>
						<line number="784" hits="1"/>
						<line number="786" hits="1"/>
						<line number="787" hits="1"/>
						<line number="788" hits="1"/>
						<line number="789" hits="1"/>
						<line number="790" hits="1"/>
						<line number="792" hits="1"/>
						<line number="793" hits="1"/>
						<line number="794" hits="0"/>
						<line number="795" hits="0"/>
						<line number="796" hits="1"/>
						<line number="797" hits="1"/>
						<line number="798" hits="1"/>
						<line number="799" hits="1"/>
						<line number="800" hits="1"/>
						<line number="801" hits="1"/>
						<line number="802" hits="0"/>
						<line number="809" hits="1"/>
						<line number="815" hits="1"/>
						<line number="816" hits="1"/>
						<line number="817" hits="1"/>
						<line number="818" hits="1"/>
						<line number="819" hits="1"/>
						<line number="828" hits="0"/>
						<line number="829" hits="0"/>
						<line number="831" hits="1"/>
						<line number="834" hits="1"/>
						<line number="838" hits="1"/>
						<line number="839" hits="1"/>
						<line number="840" hits="1"/>
						<line number="842" hits="1"/>
						<line number="843" hits="1"/>
						<line number="850" hits="1"/>
						<line number="858" hits="1"/>
						<line number="866" hits="1"/>
						<line number="874" hits="1"/>
						<line number="875" hits="1"/>
						<line number="876" hits="1"/>
						<line number="882" hits="1"/>
						<line number="883" hits="1"/>
						<line number="884" hits="1"/>
						<line number="885" hits="1"/>
						<line number="886" hits="1"/>
						<line number="887" hits="1"/>
						<line number="888" hits="1"/>
						<line number="889" hits="1"/>
						<line number="890" hits="1"/>
						<line number="896" hits="1"/>
						<line number="898" hits="0"/>
						<line number="899" hits="1"/>
						<line number="900" hits="1"/>
						<line number="901" hits="0"/>
						<line number="902" hits="0"/>
						<line number="903" hits="0"/>
						<line number="904" hits="0"/>
						<line number="905" hits="1"/>
						<line number="906" hits="1"/>
						<line number="907" hits="1"/>
						<line number="908" hits="1"/>
						<line number="909" hits="1"/>
						<line number="910" hits="1"/>
						<line number="911" hits="0"/>
						<line number="912" hits="0"/>
						<line number="917" hits="0"/>
						<line number="918" hits="1"/>
						<line number="920" hits="0"/>
						<line number="921" hits="1"/>
						<line number="922" hits="0"/>
						<line number="923" hits="0"/>
						<line number="924" hits="1"/>
						<line number="925" hits="1"/>
						<line number="926" hits="1"/>
						<line number="927" hits="1"/>
						<line number="928" hits="1"/>
						<line number="929" hits="1"/>
						<line number="931" hits="1"/>
						<line number="932" hits="1"/>
						<line number="933" hits="1"/>
						<line number="934" hits="1"/>
						<line number="935" hits="1"/>
						<line number="936" hits="1"/>
						<line number="937" hits="1"/>
						<line number="938" hits="1"/>
						<line number="939" hits="0"/>
						<line number="940" hits="0"/>
						<line number="942" hits="1"/>
						<line number="943" hits="1"/>
						<line number="944" hits="1"/>
						<line number="945" hits="1"/>
						<line number="946" hits="1"/>
						<line number="947" hits="1"/>
						<line number="948" hits="1"/>
						<line number="949" hits="1"/>
						<line number="951" hits="1"/>
						<line number="952" hits="1"/>
						<line number="953" hits="1"/>
						<line number="954" hits="1"/>
						<line number="957" hits="1"/>
						<line number="960" hits="0"/>
						<line number="961" hits="0"/>
						<line number="962" hits="0"/>
						<line number="964" hits="0"/>
						<line number="965" hits="0"/>
						<line number="966" hits="0"/>
						<line number="969" hits="1"/>
						<line number="992" hits="1"/>
						<line number="993" hits="1"/>
						<line number="994" hits="1"/>
						<line number="995" hits="1"/>
						<line number="997" hits="1"/>
						<line number="999" hits="1"/>
						<line number="1000" hits="1"/>
						<line number="1002" hits="1"/>
						<line number="1003" hits="1"/>
						<line number="1004" hits="1"/>
						<line number="1005" hits="1"/>
						<line number="1007" hits="1"/>
						<line number="1008" hits="1"/>
						<line number="1010" hits="1"/>
						<line number="1011" hits="1"/>
						<line number="1013" hits="1"/>
						<line number="1014" hits="0"/>
						<line number="1020" hits="0"/>
						<line number="1021" hits="0"/>
						<line number="1024" hits="1"/>
						<line number="1025" hits="1"/>
						<line number="1031" hits="1"/>
						<line number="1033" hits="1"/>
						<line number="1034" hits="1"/>
						<line number="1035" hits="1"/>
						<line number="1036" hits="1"/>
						<line number="1037" hits="1"/>
						<line number="1038" hits="1"/>
						<line number="1039" hits="1"/>
						<line number="1041" hits="1"/>
						<line number="1043" hits="1"/>
						<line number="1045" hits="1"/>
						<line number="1046" hits="0"/>
						<line number="1047" hits="0"/>
						<line number="1049" hits="1"/>
						<line number="1050" hits="1"/>
						<line number="1051" hits="1"/>
						<line number="1052" hits="1"/>
						<line number="1053" hits="1"/>
						<line number="1054" hits="1"/>
						<line number="1055" hits="0"/>
						<line number="1057" hits="0"/>
						<line number="1058" hits="0"/>
						<line number="1059" hits="0"/>
						<line number="1060" hits="0"/>
						<line number="1061" hits="0"/>
						<line number="1062" hits="1"/>
						<line number="1063" hits="1"/>
						<line number="1064" hits="1"/>
						<line number="1065" hits="1"/>
						<line number="1068" hits="1"/>
						<line number="1070" hits="1"/>
						<line number="1071" hits="0"/>
						<line number="1072" hits="0"/>
						<line number="1073" hits="1"/>
						<line number="1074" hits="1"/>
						<line number="1075" hits="1"/>
						<line number="1080" hits="1"/>
						<line number="1081" hits="1"/>
						<line number="1086" hits="1"/>
						<line number="1087" hits="1"/>
						<line number="1093" hits="0"/>
						<line number="1094" hits="0"/>
						<line number="1095" hits="0"/>
						<line number="1096" hits="0"/>
						<line number="1097" hits="0"/>
						<line number="1099" hits="1"/>
						<line number="1100" hits="1"/>
						<line number="1101" hits="0"/>
						<line number="1103" hits="0"/>
						<line number="1104" hits="0"/>
						<line number="1105" hits="0"/>
						<line number="1111" hits="0"/>
						<line number="1112" hits="0"/>
						<line number="1113" hits="0"/>
						<line number="1119" hits="0"/>
						<line number="1120" hits="0"/>
						<line number="1126" hits="0"/>
						<line number="1127" hits="0"/>
						<line number="1133" hits="0"/>
						<line number="1134" hits="0"/>
						<line number="1135" hits="0"/>
						<line number="1143" hits="1"/>
						<line number="1144" hits="1"/>
						<line number="1145" hits="1"/>
						<line number="1146" hits="1"/>
						<line number="1147" hits="1"/>
						<line number="1148" hits="1"/>
						<line number="1149" hits="1"/>
						<line number="1150" hits="1"/>
						<line number="1151" hits="0"/>
						<line number="1152" hits="0"/>
						<line number="1154" hits="0"/>
						<line number="1155" hits="0"/>
						<line number="1156" hits="0"/>
						<line number="1162" hits="0"/>
						<line number="1163" hits="0"/>
						<line number="1169" hits="0"/>
						<line number="1170" hits="0"/>
						<line number="1177" hits="0"/>
						<line number="1178" hits="0"/>
						<line number="1185" hits="0"/>
						<line number="1186" hits="0"/>
						<line number="1195" hits="1"/>
						<line number="1203" hits="0"/>
						<line number="1204" hits="0"/>
						<line number="1205" hits="0"/>
						<line number="1206" hits="0"/>
						<line number="1207" hits="1"/>
						<line number="1211" hits="1"/>
						<line number="1212" hits="1"/>
						<line number="1213" hits="1"/>
						<line number="1214" hits="1"/>
						<line number="1219" hits="1"/>
						<line number="1220" hits="1"/>
						<line number="1221" hits="1"/>
						<line number="1222" hits="1"/>
						<line number="1223" hits="1"/>
						<line number="1224" hits="1"/>
						<line number="1225" hits="1"/>
						<line number="1232" hits="1"/>
						<line number="1233" hits="1"/>
						<line number="1234" hits="1"/>
						<line number="1235" hits="1"/>
						<line number="1236" hits="1"/>
						<line number="1237" hits="1"/>
						<line number="1238" hits="1"/>
						<line number="1239" hits="1"/>
						<line number="1240" hits="1"/>
						<line number="1242" hits="0"/>
						<line number="1247" hits="0"/>
						<line number="1248" hits="0"/>
						<line number="1249" hits="0"/>
						<line number="1250" hits="0"/>
						<line number="1251" hits="1"/>
						<line number="1252" hits="1"/>
						<line number="1265" hits="0"/>
						<line number="1276" hits="0"/>
						<line number="1289" hits="1"/>
						<line number="1292" hits="0"/>
						<line number="1296" hits="0"/>
						<line number="1297" hits="0"/>
						<line number="1298" hits="0"/>
						<line number="1299" hits="0"/>
						<line number="1300" hits="0"/>
						<line number="1301" hits="0"/>
						<line number="1302" hits="0"/>
						<line number="1305" hits="1"/>
						<line number="1309" hits="0"/>
						<line number="1310" hits="0"/>
						<line number="1312" hits="0"/>
						<line number="1313" hits="0"/>
						<line number="1315" hits="0"/>
						<line number="1317" hits="0"/>
						<line number="1318" hits="0"/>
						<line number="1326" hits="0"/>
						<line number="1327" hits="0"/>
						<line number="1337" hits="0"/>
						<line number="1340" hits="1"/>
						<line number="1343" hits="0"/>
						<line number="1344" hits="0"/>
						<line number="1345" hits="0"/>
						<line number="1348" hits="1"/>
						<line number="1351" hits="1"/>
						<line number="1352" hits="1"/>
						<line number="1353" hits="1"/>
						<line number="1354" hits="1"/>
						<line number="1355" hits="0"/>
						<line number="1357" hits="1"/>
						<line number="1358" hits="1"/>
						<line number="1365" hits="1"/>
						<line number="1372" hits="0"/>
						<line number="1374" hits="1"/>
						<line number="1375" hits="1"/>
						<line number="1376" hits="1"/>
						<line number="1377" hits="1"/>
						<line number="1378" hits="1"/>
						<line number="1379" hits="1"/>
						<line number="1380" hits="1"/>
						<line number="1383" hits="1"/>
						<line number="1384" hits="1"/>
						<line number="1385" hits="1"/>
						<line number="1386" hits="1"/>
						<line number="1387" hits="1"/>
						<line number="1388" hits="1"/>
						<line number="1389" hits="0"/>
						<line number="1390" hits="0"/>
						<line number="1391" hits="1"/>
						<line number="1392" hits="0"/>
						<line number="1394" hits="1"/>
						<line number="1395" hits="1"/>
						<line number="1396" hits="1"/>
						<line number="1397" hits="1"/>
						<line number="1400" hits="1"/>
						<line number="1401" hits="1"/>
						<line number="1402" hits="1"/>
						<line number="1403" hits="1"/>
						<line number="1404" hits="1"/>
						<line number="1405" hits="1"/>
						<line number="1406" hits="1"/>
						<line number="1407" hits="1"/>
						<line number="1408" hits="1"/>
						<line number="1409" hits="1"/>
						<line number="1410" hits="1"/>
						<line number="1411" hits="1"/>
						<line number="1412" hits="1"/>
						<line number="1413" hits="1"/>
						<line number="1414" hits="1"/>
						<line number="1419" hits="1"/>
						<line number="1420" hits="1"/>
						<line number="1421" hits="1"/>
						<line number="1422" hits="1"/>
						<line number="1423" hits="1"/>
						<line number="1426" hits="1"/>
						<line number="1427" hits="1"/>
						<line number="1437" hits="0"/>
						<line number="1439" hits="0"/>
						<line number="1442" hits="1"/>
						<line number="1459" hits="0"/>
						<line number="1461" hits="1"/>
						<line number="1472" hits="1"/>
						<line number="1478" hits="0"/>
						<line number="1483" hits="1"/>
						<line number="1484" hits="1"/>
						<line number="1485" hits="1"/>
						<line number="1486" hits="1"/>
						<line number="1487" hits="1"/>
						<line number="1488" hits="1"/>
						<line number="1489" hits="1"/>
						<line number="1490" hits="0"/>
						<line number="1491" hits="0"/>
						<line number="1492" hits="0"/>
						<line number="1494" hits="1"/>
						<line number="1495" hits="1"/>
						<line number="1496" hits="1"/>
						<line number="1497" hits="1"/>
						<line number="1498" hits="1"/>
						<line number="1499" hits="0"/>
						<line number="1501" hits="0"/>
						<line number="1502" hits="0"/>
						<line number="1505" hits="0"/>
						<line number="1507" hits="1"/>
						<line number="1510" hits="1"/>
						<line number="1511" hits="0"/>
						<line number="1513" hits="0"/>
						<line number="1514" hits="0"/>
						<line number="1515" hits="0"/>
						<line number="1516" hits="0"/>
						<line number="1518" hits="1"/>
						<line number="1519" hits="1"/>
						<line number="1520" hits="1"/>
						<line number="1521" hits="1"/>
						<line number="1522" hits="0"/>
						<line number="1525" hits="1"/>
						<line number="1528" hits="0"/>
						<line number="1530" hits="0"/>
						<line number="1532" hits="0"/>
						<line number="1534" hits="1"/>
						<line number="1535" hits="1"/>
						<line number="1536" hits="1"/>
						<line number="1537" hits="1"/>
						<line number="1538" hits="0"/>
						<line number="1539" hits="0"/>
						<line number="1541" hits="1"/>
						<line number="1542" hits="1"/>
						<line number="1543" hits="1"/>
						<line number="1544" hits="1"/>
						<line number="1547" hits="1"/>
						<line number="1551" hits="1"/>
						<line number="1552" hits="1"/>
						<line number="1553" hits="0"/>
						<line number="1554" hits="0"/>
						<line number="1556" hits="0"/>
						<line number="1562" hits="1"/>
						<line number="1563" hits="1"/>
						<line number="1567" hits="1"/>
						<line number="1568" hits="1"/>
						<line number="1569" hits="1"/>
						<line number="1574" hits="1"/>
						<line number="1575" hits="0"/>
						<line number="1576" hits="0"/>
						<line number="1578" hits="0"/>
						<line number="1581" hits="1"/>
						<line number="1582" hits="1"/>
						<line number="1589" hits="1"/>
						<line number="1590" hits="0"/>
						<line number="1595" hits="0"/>
						<line number="1598" hits="1"/>
						<line number="1601" hits="1"/>
						<line number="1602" hits="1"/>
						<line number="1603" hits="1"/>
						<line number="1604" hits="1"/>
						<line number="1606" hits="1"/>
						<line number="1607" hits="1"/>
						<line number="1615" hits="1"/>
						<line number="1616" hits="1"/>
						<line number="1617" hits="1"/>
						<line number="1618" hits="1"/>
						<line number="1619" hits="1"/>
						<line number="1620" hits="1"/>
						<line number="1621" hits="1"/>
						<line number="1622" hits="1"/>
						<line number="1623" hits="1"/>
						<line number="1624" hits="1"/>
						<line number="1626" hits="1"/>
						<line number="1628" hits="1"/>
						<line number="1629" hits="1"/>
						<line number="1630" hits="1"/>
						<line number="1631" hits="1"/>
						<line number="1634" hits="1"/>
						<line number="1635" hits="1"/>
						<line number="1636" hits="1"/>
						<line number="1637" hits="1"/>
						<line number="1638" hits="1"/>
						<line number="1639" hits="1"/>
						<line number="1640" hits="1"/>
						<line number="1641" hits="1"/>
						<line number="1642" hits="1"/>
						<line number="1643" hits="1"/>
						<line number="1644" hits="1"/>
						<line number="1645" hits="0"/>
						<line number="1654" hits="1"/>
						<line number="1666" hits="1"/>
						<line number="1670" hits="1"/>
						<line number="1679" hits="1"/>
						<line number="1684" hits="0"/>
						<line number="1685" hits="0"/>
						<line number="1686" hits="0"/>
						<line number="1695" hits="0"/>
						<line number="1714" hits="0"/>
						<line number="1718" hits="0"/>
						<line number="1727" hits="0"/>
						<line number="1731" hits="1"/>
						<line number="1732" hits="1"/>
						<line number="1733" hits="1"/>
						<line number="1734" hits="1"/>
						<line number="1735" hits="1"/>
						<line number="1736" hits="1"/>
						<line number="1737" hits="1"/>
						<line number="1738" hits="1"/>
						<line number="1739" hits="1"/>
						<line number="1740" hits="1"/>
						<line number="1741" hits="1"/>
						<line number="1742" hits="1"/>
						<line number="1749" hits="1"/>
						<line number="1760" hits="1"/>
						<line number="1761" hits="1"/>
						<line number="1763" hits="1"/>
						<line number="1764" hits="1"/>
						<line number="1765" hits="1"/>
						<line number="1766" hits="1"/>
						<line number="1777" hits="1"/>
						<line number="1778" hits="1"/>
						<line number="1779" hits="1"/>
						<line number="1780" hits="1"/>
						<line number="1781" hits="1"/>
						<line number="1782" hits="1"/>
						<line number="1789" hits="1"/>
						<line number="1790" hits="1"/>
						<line number="1791" hits="1"/>
						<line number="1796" hits="1"/>
						<line number="1797" hits="1"/>
						<line number="1798" hits="1"/>
						<line number="1799" hits="1"/>
						<line number="1800" hits="1"/>
						<line number="1810" hits="1"/>
						<line number="1819" hits="1"/>
						<line number="1830" hits="1"/>
						<line number="1832" hits="1"/>
						<line number="1833" hits="1"/>
						<line number="1834" hits="1"/>
						<line number="1835" hits="1"/>
						<line number="1837" hits="1"/>
						<line number="1838" hits="0"/>
						<line number="1840" hits="1"/>
						<line number="1841" hits="0"/>
						<line number="1843" hits="0"/>
						<line number="1846" hits="0"/>
						<line number="1847" hits="0"/>
						<line number="1851" hits="0"/>
						<line number="1855" hits="0"/>
						<line number="1864" hits="0"/>
						<line number="1873" hits="0"/>
						<line number="1874" hits="0"/>
						<line number="1877" hits="0"/>
						<line number="1878" hits="0"/>
						<line number="1881" hits="0"/>
						<line number="1882" hits="0"/>
						<line number="1883" hits="0"/>
						<line number="1884" hits="0"/>
						<line number="1893" hits="0"/>
						<line number="1894" hits="0"/>
						<line number="1904" hits="0"/>
						<line number="1906" hits="1"/>
						<line number="1919" hits="1"/>
						<line number="1929" hits="1"/>
						<line number="1930" hits="1"/>
						<line number="1931" hits="1"/>
						<line number="1932" hits="1"/>
						<line number="1935" hits="1"/>
						<line number="1938" hits="1"/>
						<line number="1939" hits="1"/>
						<line number="1941" hits="1"/>
						<line number="1942" hits="1"/>
						<line number="1943" hits="1"/>
						<line number="1949" hits="1"/>
						<line number="1956" hits="1"/>
						<line number="1963" hits="1"/>
						<line number="1966" hits="1"/>
						<line number="1973" hits="1"/>
						<line number="1976" hits="1"/>
						<line number="1979" hits="1"/>
						<line number="1986" hits="1"/>
						<line number="1993" hits="1"/>
						<line number="2000" hits="1"/>
						<line number="2006" hits="1"/>
						<line number="2014" hits="1"/>
						<line number="2022" hits="1"/>
						<line number="2024" hits="1"/>
						<line number="2025" hits="1"/>
						<line number="2026" hits="0"/>
						<line number="2027" hits="0"/>
						<line number="2028" hits="0"/>
						<line number="2029" hits="1"/>
						<line number="2030" hits="1"/>
						<line number="2031" hits="0"/>
						<line number="2032" hits="1"/>
						<line number="2035" hits="1"/>
						<line number="2036" hits="0"/>
						<line number="2037" hits="1"/>
						<line number="2038" hits="1"/>
						<line number="2040" hits="1"/>
						<line number="2041" hits="1"/>
						<line number="2042" hits="1"/>
						<line number="2043" hits="0"/>
						<line number="2044" hits="0"/>
						<line number="2045" hits="1"/>
						<line number="2046" hits="1"/>
						<line number="2047" hits="1"/>
						<line number="2048" hits="1"/>
						<line number="2054" hits="1"/>
						<line number="2055" hits="1"/>
						<line number="2060" hits="1"/>
						<line number="2063" hits="1"/>
						<line number="2068" hits="1"/>
						<line number="2085" hits="0"/>
						<line number="2086" hits="0"/>
						<line number="2087" hits="0"/>
						<line number="2088" hits="0"/>
						<line number="2089" hits="0"/>
						<line number="2090" hits="1"/>
						<line number="2091" hits="1"/>
						<line number="2093" hits="0"/>
						<line number="2094" hits="1"/>
						<line number="2095" hits="0"/>
						<line number="2097" hits="1"/>
						<line number="2099" hits="0"/>
						<line number="2100" hits="1"/>
						<line number="2101" hits="1"/>
						<line number="2103" hits="1"/>
						<line number="2106" hits="1"/>
						<line number="2107" hits="1"/>
						<line number="2108" hits="1"/>
						<line number="2109" hits="1"/>
						<line number="2110" hits="1"/>
						<line number="2121" hits="1"/>
						<line number="2122" hits="1"/>
						<line number="2124" hits="1"/>
						<line number="2127" hits="1"/>
						<line number="2128" hits="1"/>
						<line number="2129" hits="0"/>
						<line number="2130" hits="0"/>
						<line number="2131" hits="1"/>
						<line number="2134" hits="1"/>
						<line number="2137" hits="1"/>
						<line number="2138" hits="1"/>
						<line number="2140" hits="1"/>
						<line number="2141" hits="1"/>
						<line number="2142" hits="1"/>
						<line number="2143" hits="1"/>
						<line number="2144" hits="1"/>
						<line number="2145" hits="0"/>
						<line number="2146" hits="0"/>
						<line number="2147" hits="1"/>
						<line number="2150" hits="1"/>
						<line number="2153" hits="1"/>
						<line number="2154" hits="1"/>
						<line number="2155" hits="0"/>
						<line number="2157" hits="1"/>
						<line number="2158" hits="1"/>
						<line number="2159" hits="1"/>
						<line number="2160" hits="0"/>
						<line number="2162" hits="1"/>
						<line number="2165" hits="1"/>
						<line number="2168" hits="0"/>
						<line number="2170" hits="0"/>
						<line number="2171" hits="0"/>
						<line number="2172" hits="0"/>
						<line number="2173" hits="0"/>
						<line number="2174" hits="0"/>
						<line number="2175" hits="0"/>
						<line number="2176" hits="0"/>
						<line number="2177" hits="0"/>
						<line number="2178" hits="0"/>
						<line number="2179" hits="0"/>
						<line number="2180" hits="0"/>
						<line number="2181" hits="0"/>
						<line number="2182" hits="0"/>
						<line number="2183" hits="0"/>
						<line number="2184" hits="0"/>
						<line number="2185" hits="0"/>
						<line number="2186" hits="0"/>
						<line number="2187" hits="0"/>
						<line number="2188" hits="0"/>
						<line number="2189" hits="1"/>
						<line number="2192" hits="1"/>
						<line number="2195" hits="1"/>
						<line number="2196" hits="1"/>
						<line number="2198" hits="1"/>
						<line number="2200" hits="1"/>
						<line number="2201" hits="1"/>
						<line number="2202" hits="1"/>
						<line number="2203" hits="0"/>
						<line number="2204" hits="0"/>
						<line number="2205" hits="1"/>
						<line number="2206" hits="1"/>
						<line number="2207" hits="0"/>
						<line number="2208" hits="1"/>
						<line number="2209" hits="1"/>
						<line number="2211" hits="1"/>
						<line number="2212" hits="1"/>
						<line number="2213" hits="1"/>
						<line number="2214" hits="0"/>
						<line number="2215" hits="0"/>
						<line number="2216" hits="0"/>
						<line number="2218" hits="1"/>
						<line number="2220" hits="1"/>
						<line number="2221" hits="1"/>
						<line number="2222" hits="0"/>
						<line number="2223" hits="0"/>
						<line number="2224" hits="1"/>
						<line number="2225" hits="1"/>
						<line number="2226" hits="1"/>
						<line number="2227" hits="1"/>
						<line number="2228" hits="1"/>
						<line number="2229" hits="1"/>
						<line number="2230" hits="1"/>
						<line number="2231" hits="1"/>
						<line number="2232" hits="1"/>
						<line number="2233" hits="0"/>
						<line number="2234" hits="0"/>
						<line number="2235" hits="0"/>
						<line number="2236" hits="0"/>
						<line number="2237" hits="0"/>
						<line number="2238" hits="0"/>
						<line number="2239" hits="0"/>
						<line number="2241" hits="0"/>
						<line number="2242" hits="0"/>
						<line number="2243" hits="0"/>
						<line number="2244" hits="0"/>
						<line number="2247" hits="0"/>
						<line number="2248" hits="0"/>
						<line number="2249" hits="0"/>
						<line number="2250" hits="0"/>
						<line number="2251" hits="0"/>
						<line number="2254" hits="0"/>
						<line number="2256" hits="0"/>
						<line number="2257" hits="0"/>
						<line number="2261" hits="0"/>
						<line number="2264" hits="0"/>
						<line number="2266" hits="0"/>
						<line number="2268" hits="0"/>
						<line number="2272" hits="1"/>
						<line number="2276" hits="1"/>
						<line number="2289" hits="1"/>
						<line number="2290" hits="1"/>
						<line number="2291" hits="1"/>
						<line number="2292" hits="1"/>
						<line number="2293" hits="1"/>
						<line number="2294" hits="1"/>
						<line number="2295" hits="1"/>
						<line number="2296" hits="1"/>
						<line number="2297" hits="1"/>
						<line number="2298" hits="0"/>
						<line number="2299" hits="1"/>
						<line number="2300" hits="0"/>
						<line number="2302" hits="0"/>
						<line number="2305" hits="0"/>
						<line number="2306" hits="0"/>
						<line number="2307" hits="0"/>
						<line number="2308" hits="0"/>
						<line number="2309" hits="0"/>
						<line number="2310" hits="1"/>
						<line number="2311" hits="1"/>
						<line number="2313" hits="1"/>
						<line number="2314" hits="1"/>
						<line number="2315" hits="1"/>
						<line number="2316" hits="1"/>
						<line number="2317" hits="1"/>
						<line number="2323" hits="1"/>
						<line number="2327" hits="1"/>
						<line number="2330" hits="1"/>
						<line number="2331" hits="1"/>
						<line number="2333" hits="1"/>
						<line number="2336" hits="1"/>
						<line number="2339" hits="1"/>
						<line number="2342" hits="0"/>
						<line number="2343" hits="1"/>
						<line number="2346" hits="1"/>
						<line number="2349" hits="0"/>
						<line number="2351" hits="1"/>
						<line number="2354" hits="1"/>
						<line number="2373" hits="0"/>
						<line number="2374" hits="1"/>
						<line number="2375" hits="0"/>
						<line number="2377" hits="1"/>
						<line number="2379" hits="1"/>
						<line number="2380" hits="1"/>
						<line number="2381" hits="1"/>
						<line number="2382" hits="1"/>
						<line number="2383" hits="1"/>
						<line number="2384" hits="1"/>
						<line number="2385" hits="1"/>
						<line number="2386" hits="1"/>
						<line number="2387" hits="1"/>
						<line number="2388" hits="1"/>
						<line number="2389" hits="1"/>
						<line number="2390" hits="1"/>
						<line number="2391" hits="1"/>
						<line number="2392" hits="1"/>
						<line number="2393" hits="1"/>
						<line number="2394" hits="1"/>
						<line number="2395" hits="1"/>
						<line number="2396" hits="0"/>
						<line number="2397" hits="0"/>
						<line number="2398" hits="0"/>
						<line number="2399" hits="1"/>
						<line number="2404" hits="0"/>
						<line number="2405" hits="0"/>
						<line number="2406" hits="0"/>
						<line number="2408" hits="0"/>
						<line number="2409" hits="0"/>
						<line number="2410" hits="1"/>
						<line number="2413" hits="1"/>
						<line number="2415" hits="1"/>
						<line number="2416" hits="1"/>
						<line number="2423" hits="1"/>
						<line number="2424" hits="1"/>
						<line number="2425" hits="1"/>
						<line number="2429" hits="1"/>
						<line number="2431" hits="1"/>
						<line number="2432" hits="1"/>
						<line number="2433" hits="1"/>
						<line number="2434" hits="1"/>
						<line number="2435" hits="1"/>
						<line number="2436" hits="1"/>
						<line number="2437" hits="1"/>
						<line number="2438" hits="1"/>
						<line number="2439" hits="1"/>
						<line number="2440" hits="0"/>
						<line number="2441" hits="0"/>
						<line number="2442" hits="0"/>
						<line number="2456" hits="1"/>
						<line number="2457" hits="0"/>
						<line number="2458" hits="0"/>
						<line number="2459" hits="0"/>
						<line number="2460" hits="0"/>
						<line number="2461" hits="0"/>
						<line number="2462" hits="1"/>
						<line number="2463" hits="1"/>
						<line number="2464" hits="1"/>
						<line number="2465" hits="1"/>
						<line number="2466" hits="0"/>
						<line number="2467" hits="0"/>
						<line number="2468" hits="0"/>
						<line number="2469" hits="0"/>
						<line number="2470" hits="1"/>
						<line number="2471" hits="1"/>
						<line number="2472" hits="1"/>
						<line number="2473" hits="1"/>
						<line number="2474" hits="0"/>
						<line number="2475" hits="0"/>
						<line number="2476" hits="0"/>
						<line number="2477" hits="0"/>
						<line number="2478" hits="1"/>
						<line number="2479" hits="1"/>
						<line number="2480" hits="1"/>
						<line number="2481" hits="1"/>
						<line number="2482" hits="0"/>
						<line number="2483" hits="0"/>
						<line number="2484" hits="0"/>
						<line number="2485" hits="0"/>
						<line number="2486" hits="0"/>
						<line number="2487" hits="1"/>
						<line number="2489" hits="1"/>
						<line number="2490" hits="0"/>
						<line number="2491" hits="0"/>
						<line number="2492" hits="0"/>
						<line number="2493" hits="0"/>
						<line number="2494" hits="0"/>
						<line number="2495" hits="0"/>
						<line number="2496" hits="0"/>
						<line number="2508" hits="1"/>
						<line number="2515" hits="1"/>
						<line number="2530" hits="1"/>
						<line number="2545" hits="1"/>
						<line number="2546" hits="1"/>
						<line number="2547" hits="1"/>
						<line number="2548" hits="0"/>
						<line number="2549" hits="0"/>
						<line number="2550" hits="0"/>
						<line number="2551" hits="0"/>
						<line number="2552" hits="1"/>
						<line number="2553" hits="1"/>
						<line number="2555" hits="1"/>
						<line number="2556" hits="1"/>
						<line number="2557" hits="1"/>
						<line number="2558" hits="1"/>
						<line number="2559" hits="1"/>
						<line number="2560" hits="1"/>
						<line number="2564" hits="1"/>
						<line number="2565" hits="1"/>
						<line number="2566" hits="1"/>
						<line number="2567" hits="1"/>
						<line number="2568" hits="1"/>
						<line number="2569" hits="1"/>
						<line number="2570" hits="1"/>
						<line number="2571" hits="1"/>
						<line number="2572" hits="1"/>
						<line number="2573" hits="1"/>
						<line number="2574" hits="1"/>
						<line number="2575" hits="1"/>
						<line number="2576" hits="1"/>
						<line number="2580" hits="1"/>
						<line number="2581" hits="1"/>
						<line number="2582" hits="1"/>
						<line number="2583" hits="1"/>
						<line number="2584" hits="1"/>
						<line number="2585" hits="1"/>
						<line number="2586" hits="1"/>
						<line number="2587" hits="1"/>
						<line number="2588" hits="1"/>
						<line number="2589" hits="1"/>
						<line number="2590" hits="1"/>
						<line number="2591" hits="1"/>
						<line number="2592" hits="1"/>
						<line number="2596" hits="1"/>
						<line number="2597" hits="1"/>
						<line number="2598" hits="1"/>
						<line number="2599" hits="1"/>
						<line number="2600" hits="1"/>
						<line number="2601" hits="1"/>
						<line number="2602" hits="1"/>
						<line number="2603" hits="1"/>
						<line number="2604" hits="1"/>
						<line number="2605" hits="1"/>
						<line number="2606" hits="1"/>
						<line number="2607" hits="1"/>
						<line number="2608" hits="1"/>
						<line number="2612" hits="1"/>
						<line number="2613" hits="1"/>
						<line number="2614" hits="1"/>
						<line number="2615" hits="1"/>
						<line number="2616" hits="1"/>
						<line number="2617" hits="1"/>
						<line number="2618" hits="1"/>
						<line number="2619" hits="1"/>
						<line number="2620" hits="1"/>
						<line number="2621" hits="1"/>
						<line number="2622" hits="1"/>
						<line number="2623" hits="1"/>
						<line number="2624" hits="1"/>
						<line number="2625" hits="0"/>
						<line number="2626" hits="0"/>
						<line number="2627" hits="0"/>
						<line number="2630" hits="1"/>
						<line number="2645" hits="0"/>
						<line number="2646" hits="1"/>
						<line number="2647" hits="1"/>
						<line number="2649" hits="1"/>
						<line number="2652" hits="1"/>
						<line number="2655" hits="1"/>
						<line number="2656" hits="1"/>
						<line number="2657" hits="0"/>
						<line number="2658" hits="0"/>
						<line number="2662" hits="1"/>
						<line number="2672" hits="1"/>
						<line number="2673" hits="0"/>
						<line number="2674" hits="1"/>
						<line number="2677" hits="1"/>
						<line number="2678" hits="1"/>
						<line number="2679" hits="1"/>
						<line number="2680" hits="1"/>
						<line number="2681" hits="1"/>
						<line number="2690" hits="0"/>
						<line number="2692" hits="1"/>
						<line number="2701" hits="0"/>
						<line number="2702" hits="1"/>
						<line number="2705" hits="1"/>
						<line number="2709" hits="0"/>
						<line number="2710" hits="1"/>
						<line number="2711" hits="1"/>
						<line number="2713" hits="1"/>
						<line number="2714" hits="1"/>
						<line number="2722" hits="1"/>
						<line number="2731" hits="1"/>
						<line number="2739" hits="1"/>
						<line number="2747" hits="1"/>
						<line number="2749" hits="1"/>
						<line number="2750" hits="0"/>
						<line number="2751" hits="0"/>
						<line number="2752" hits="1"/>
						<line number="2753" hits="1"/>
						<line number="2754" hits="1"/>
						<line number="2755" hits="0"/>
						<line number="2756" hits="0"/>
						<line number="2757" hits="0"/>
						<line number="2759" hits="1"/>
						<line number="2761" hits="0"/>
						<line number="2762" hits="0"/>
						<line number="2763" hits="1"/>
						<line number="2764" hits="1"/>
						<line number="2765" hits="1"/>
						<line number="2766" hits="0"/>
						<line number="2767" hits="1"/>
						<line number="2768" hits="1"/>
						<line number="2770" hits="1"/>
						<line number="2771" hits="1"/>
						<line number="2772" hits="1"/>
						<line number="2773" hits="0"/>
						<line number="2774" hits="0"/>
						<line number="2775" hits="0"/>
						<line number="2776" hits="0"/>
						<line number="2777" hits="1"/>
						<line number="2778" hits="1"/>
						<line number="2779" hits="0"/>
						<line number="2780" hits="0"/>
						<line number="2781" hits="0"/>
						<line number="2782" hits="1"/>
						<line number="2788" hits="0"/>
						<line number="2789" hits="0"/>
						<line number="2791" hits="0"/>
						<line number="2794" hits="0"/>
						<line number="2795" hits="1"/>
						<line number="2802" hits="0"/>
						<line number="2803" hits="1"/>
						<line number="2806" hits="1"/>
						<line number="2807" hits="0"/>
						<line number="2808" hits="1"/>
						<line number="2814" hits="0"/>
						<line number="2815" hits="0"/>
						<line number="2817" hits="0"/>
						<line number="2819" hits="0"/>
						<line number="2820" hits="0"/>
						<line number="2822" hits="0"/>
						<line number="2824" hits="0"/>
						<line number="2826" hits="0"/>
						<line number="2827" hits="1"/>
						<line number="2828" hits="1"/>
						<line number="2830" hits="1"/>
						<line number="2831" hits="1"/>
						<line number="2845" hits="1"/>
						<line number="2847" hits="1"/>
						<line number="2851" hits="1"/>
						<line number="2852" hits="0"/>
						<line number="2853" hits="0"/>
						<line number="2854" hits="1"/>
						<line number="2857" hits="1"/>
						<line number="2860" hits="0"/>
						<line number="2861" hits="1"/>
						<line number="2862" hits="1"/>
						<line number="2864" hits="1"/>
						<line number="2865" hits="1"/>
						<line number="2872" hits="1"/>
						<line number="2888" hits="1"/>
						<line number="2889" hits="1"/>
						<line number="2890" hits="1"/>
						<line number="2891" hits="0"/>
						<line number="2892" hits="0"/>
						<line number="2893" hits="0"/>
						<line number="2894" hits="1"/>
						<line number="2899" hits="1"/>
						<line number="2900" hits="1"/>
						<line number="2901" hits="1"/>
						<line number="2902" hits="1"/>
						<line number="2906" hits="1"/>
						<line number="2910" hits="1"/>
						<line number="2911" hits="0"/>
						<line number="2912" hits="0"/>
						<line number="2913" hits="1"/>
						<line number="2916" hits="1"/>
						<line number="2919" hits="1"/>
						<line number="2922" hits="1"/>
						<line number="2924" hits="1"/>
						<line number="2925" hits="1"/>
						<line number="2934" hits="1"/>
						<line number="2935" hits="1"/>
						<line number="2936" hits="1"/>
						<line number="2947" hits="0"/>
						<line number="2949" hits="0"/>
						<line number="2951" hits="0"/>
						<line number="2952" hits="1"/>
						<line number="2953" hits="1"/>
						<line number="2955" hits="1"/>
						<line number="2956" hits="1"/>
						<line number="2957" hits="1"/>
						<line number="2958" hits="1"/>
						<line number="2959" hits="1"/>
						<line number="2960" hits="1"/>
						<line number="2961" hits="1"/>
						<line number="2962" hits="0"/>
						<line number="2963" hits="1"/>
						<line number="2964" hits="0"/>
						<line number="2966" hits="0"/>
						<line number="2968" hits="0"/>
						<line number="2969" hits="0"/>
						<line number="2970" hits="0"/>
						<line number="2972" hits="0"/>
						<line number="2973" hits="0"/>
						<line number="2976" hits="0"/>
						<line number="2977" hits="0"/>
						<line number="2978" hits="0"/>
						<line number="2979" hits="0"/>
						<line number="2980" hits="0"/>
						<line number="2982" hits="1"/>
						<line number="2984" hits="0"/>
						<line number="2985" hits="1"/>
						<line number="2986" hits="0"/>
						<line number="2988" hits="1"/>
						<line number="2990" hits="1"/>
						<line number="2991" hits="1"/>
						<line number="2992" hits="1"/>
						<line number="2993" hits="1"/>
						<line number="2994" hits="1"/>
						<line number="2995" hits="1"/>
						<line number="2996" hits="0"/>
						<line number="2997" hits="1"/>
						<line number="2998" hits="1"/>
						<line number="3000" hits="1"/>
						<line number="3006" hits="0"/>
						<line number="3007" hits="1"/>
						<line number="3010" hits="0"/>
						<line number="3011" hits="0"/>
						<line number="3012" hits="0"/>
						<line number="3016" hits="1"/>
						<line number="3020" hits="1"/>
						<line number="3022" hits="1"/>
						<line number="3023" hits="1"/>
						<line number="3037" hits="1"/>
						<line number="3045" hits="1"/>
						<line number="3047" hits="1"/>
						<line number="3048" hits="1"/>
						<line number="3050" hits="0"/>
						<line number="3051" hits="0"/>
						<line number="3052" hits="0"/>
						<line number="3054" hits="1"/>
						<line number="3055" hits="0"/>
						<line number="3057" hits="1"/>
						<line number="3060" hits="1"/>
						<line number="3061" hits="1"/>
						<line number="3062" hits="1"/>
						<line number="3063" hits="1"/>
						<line number="3064" hits="1"/>
						<line number="3075" hits="0"/>
						<line number="3076" hits="1"/>
						<line number="3081" hits="0"/>
						<line number="3082" hits="0"/>
						<line number="3085" hits="1"/>
						<line number="3100" hits="1"/>
						<line number="3101" hits="1"/>
						<line number="3103" hits="1"/>
						<line number="3104" hits="1"/>
						<line number="3105" hits="1"/>
						<line number="3106" hits="1"/>
						<line number="3110" hits="1"/>
						<line number="3111" hits="1"/>
						<line number="3117" hits="1"/>
						<line number="3118" hits="1"/>
						<line number="3119" hits="1"/>
						<line number="3120" hits="1"/>
						<line number="3121" hits="1"/>
						<line number="3122" hits="0"/>
						<line number="3123" hits="1"/>
						<line number="3124" hits="1"/>
						<line number="3126" hits="1"/>
						<line number="3127" hits="1"/>
						<line number="3128" hits="1"/>
						<line number="3129" hits="1"/>
						<line number="3130" hits="0"/>
						<line number="3131" hits="1"/>
						<line number="3134" hits="1"/>
						<line number="3135" hits="1"/>
						<line number="3140" hits="0"/>
						<line number="3141" hits="1"/>
						<line number="3143" hits="1"/>
						<line number="3144" hits="0"/>
						<line number="3146" hits="0"/>
						<line number="3148" hits="0"/>
						<line number="3150" hits="0"/>
						<line number="3152" hits="0"/>
						<line number="3153" hits="0"/>
						<line number="3156" hits="0"/>
						<line number="3159" hits="0"/>
						<line number="3163" hits="0"/>
						<line number="3164" hits="0"/>
						<line number="3165" hits="0"/>
						<line number="3170" hits="0"/>
						<line number="3175" hits="1"/>
						<line number="3182" hits="1"/>
						<line number="3183" hits="1"/>
						<line number="3184" hits="1"/>
						<line number="3185" hits="1"/>
						<line number="3186" hits="1"/>
						<line number="3187" hits="1"/>
						<line number="3188" hits="1"/>
						<line number="3193" hits="1"/>
						<line number="3194" hits="1"/>
						<line number="3199" hits="1"/>
						<line number="3209" hits="1"/>
						<line number="3214" hits="1"/>
						<line number="3216" hits="1"/>
						<line number="3217" hits="1"/>
						<line number="3218" hits="1"/>
						<line number="3219" hits="0"/>
						<line number="3220" hits="0"/>
						<line number="3221" hits="1"/>
						<line number="3224" hits="1"/>
						<line number="3227" hits="0"/>
						<line number="3228" hits="1"/>
						<line number="3229" hits="1"/>
						<line number="3231" hits="1"/>
						<line number="3236" hits="1"/>
						<line number="3242" hits="1"/>
						<line number="3245" hits="1"/>
						<line number="3270" hits="0"/>
						<line number="3271" hits="1"/>
						<line number="3272" hits="1"/>
						<line number="3274" hits="1"/>
						<line number="3284" hits="0"/>
						<line number="3286" hits="1"/>
						<line number="3288" hits="1"/>
						<line number="3289" hits="1"/>
						<line number="3290" hits="1"/>
						<line number="3291" hits="1"/>
						<line number="3292" hits="0"/>
						<line number="3293" hits="0"/>
						<line number="3296" hits="1"/>
						<line number="3297" hits="1"/>
						<line number="3299" hits="1"/>
						<line number="3300" hits="0"/>
						<line number="3301" hits="1"/>
						<line number="3304" hits="1"/>
						<line number="3325" hits="1"/>
						<line number="3326" hits="0"/>
						<line number="3327" hits="1"/>
						<line number="3330" hits="1"/>
						<line number="3331" hits="1"/>
						<line number="3333" hits="1"/>
						<line number="3334" hits="1"/>
						<line number="3340" hits="1"/>
						<line number="3344" hits="0"/>
						<line number="3345" hits="1"/>
						<line number="3346" hits="1"/>
						<line number="3348" hits="1"/>
						<line number="3349" hits="1"/>
						<line number="3350" hits="1"/>
						<line number="3359" hits="1"/>
						<line number="3361" hits="1"/>
						<line number="3370" hits="1"/>
						<line number="3371" hits="1"/>
						<line number="3383" hits="1"/>
						<line number="3389" hits="1"/>
						<line number="3390" hits="1"/>
						<line number="3391" hits="1"/>
						<line number="3392" hits="1"/>
						<line number="3393" hits="1"/>
						<line number="3397" hits="1"/>
						<line number="3398" hits="1"/>
						<line number="3399" hits="1"/>
						<line number="3400" hits="1"/>
						<line number="3401" hits="1"/>
						<line number="3402" hits="1"/>
						<line number="3407" hits="1"/>
						<line number="3409" hits="1"/>
						<line number="3410" hits="1"/>
						<line number="3411" hits="1"/>
						<line number="3415" hits="1"/>
						<line number="3416" hits="1"/>
						<line number="3417" hits="1"/>
						<line number="3418" hits="1"/>
						<line number="3419" hits="1"/>
						<line number="3420" hits="1"/>
						<line number="3421" hits="1"/>
						<line number="3422" hits="1"/>
						<line number="3423" hits="1"/>
						<line number="3424" hits="1"/>
						<line number="3425" hits="1"/>
						<line number="3426" hits="1"/>
						<line number="3427" hits="1"/>
						<line number="3428" hits="1"/>
						<line number="3429" hits="1"/>
						<line number="3430" hits="1"/>
						<line number="3431" hits="1"/>
						<line number="3432" hits="1"/>
						<line number="3433" hits="1"/>
						<line number="3434" hits="1"/>
						<line number="3435" hits="1"/>
						<line number="3436" hits="1"/>
						<line number="3437" hits="1"/>
						<line number="3438" hits="1"/>
						<line number="3439" hits="1"/>
						<line number="3440" hits="1"/>
						<line number="3441" hits="0"/>
						<line number="3442" hits="0"/>
						<line number="3443" hits="1"/>
						<line number="3446" hits="1"/>
						<line number="3449" hits="1"/>
						<line number="3451" hits="1"/>
						<line number="3452" hits="1"/>
						<line number="3453" hits="1"/>
						<line number="3454" hits="1"/>
						<line number="3455" hits="1"/>
						<line number="3456" hits="0"/>
						<line number="3457" hits="0"/>
						<line number="3458" hits="0"/>
						<line number="3460" hits="1"/>
						<line number="3461" hits="1"/>
						<line number="3462" hits="1"/>
						<line number="3463" hits="1"/>
						<line number="3464" hits="0"/>
						<line number="3465" hits="0"/>
						<line number="3470" hits="1"/>
						<line number="3472" hits="1"/>
						<line number="3473" hits="1"/>
						<line number="3474" hits="1"/>
						<line number="3475" hits="1"/>
						<line number="3476" hits="1"/>
						<line number="3478" hits="1"/>
						<line number="3479" hits="1"/>
						<line number="3482" hits="1"/>
						<line number="3489" hits="0"/>
						<line number="3491" hits="0"/>
						<line number="3492" hits="0"/>
						<line number="3493" hits="0"/>
						<line number="3495" hits="0"/>
						<line number="3496" hits="0"/>
						<line number="3497" hits="0"/>
						<line number="3498" hits="0"/>
						<line number="3499" hits="0"/>
						<line number="3500" hits="0"/>
						<line number="3502" hits="0"/>
						<line number="3503" hits="0"/>
						<line number="3505" hits="1"/>
						<line number="3508" hits="1"/>
						<line number="3511" hits="1"/>
						<line number="3512" hits="1"/>
						<line number="3514" hits="1"/>
						<line number="3515" hits="1"/>
						<line number="3516" hits="1"/>
						<line number="3517" hits="1"/>
						<line number="3518" hits="1"/>
						<line number="3525" hits="0"/>
						<line number="3526" hits="0"/>
						<line number="3527" hits="1"/>
						<line number="3530" hits="1"/>
						<line number="3533" hits="0"/>
						<line number="3534" hits="1"/>
						<line number="3535" hits="1"/>
						<line number="3537" hits="1"/>
						<line number="3538" hits="1"/>
						<line number="3539" hits="1"/>
						<line number="3540" hits="1"/>
						<line number="3541" hits="1"/>
						<line number="3542" hits="0"/>
						<line number="3543" hits="1"/>
						<line number="3544" hits="1"/>
						<line number="3546" hits="0"/>
						<line number="3547" hits="1"/>
						<line number="3551" hits="0"/>
						<line number="3552" hits="1"/>
						<line number="3553" hits="1"/>
						<line number="3555" hits="1"/>
						<line number="3565" hits="1"/>
						<line number="3575" hits="1"/>
						<line number="3576" hits="1"/>
						<line number="3577" hits="1"/>
						<line number="3587" hits="1"/>
						<line number="3588" hits="1"/>
						<line number="3589" hits="1"/>
						<line number="3599" hits="1"/>
						<line number="3600" hits="1"/>
						<line number="3601" hits="1"/>
						<line number="3602" hits="1"/>
						<line number="3603" hits="1"/>
						<line number="3615" hits="1"/>
						<line number="3630" hits="1"/>
						<line number="3642" hits="0"/>
						<line number="3851" hits="1"/>
						<line number="3854" hits="1"/>
						<line number="3857" hits="0"/>
						<line number="3858" hits="1"/>
						<line number="3859" hits="1"/>
						<line number="3861" hits="1"/>
						<line number="3862" hits="1"/>
						<line number="3869" hits="1"/>
						<line number="3871" hits="1"/>
						<line number="3872" hits="1"/>
						<line number="3873" hits="1"/>
						<line number="3880" hits="0"/>
						<line number="3881" hits="0"/>
						<line number="3882" hits="1"/>
						<line number="3883" hits="1"/>
						<line number="3885" hits="0"/>
						<line number="3886" hits="1"/>
						<line number="3887" hits="1"/>
						<line number="3889" hits="1"/>
						<line number="3890" hits="0"/>
						<line number="3891" hits="1"/>
						<line number="3892" hits="1"/>
						<line number="3893" hits="1"/>
						<line number="3894" hits="1"/>
						<line number="3895" hits="1"/>
						<line number="3896" hits="1"/>
						<line number="3897" hits="1"/>
						<line number="3908" hits="1"/>
						<line number="3911" hits="0"/>
						<line number="3912" hits="1"/>
						<line number="3915" hits="1"/>
						<line number="3920" hits="0"/>
						<line number="3921" hits="1"/>
						<line number="3924" hits="1"/>
						<line number="3929" hits="1"/>
						<line number="3930" hits="1"/>
						<line number="3931" hits="0"/>
						<line number="3932" hits="1"/>
						<line number="3933" hits="1"/>
						<line number="3935" hits="1"/>
						<line number="3936" hits="1"/>
						<line number="3937" hits="1"/>
						<line number="3938" hits="1"/>
						<line number="3939" hits="1"/>
						<line number="3950" hits="1"/>
						<line number="3951" hits="1"/>
						<line number="3952" hits="1"/>
						<line number="3953" hits="1"/>
						<line number="3954" hits="1"/>
						<line number="3955" hits="1"/>
						<line number="3964" hits="1"/>
						<line number="3966" hits="0"/>
						<line number="3967" hits="0"/>
						<line number="3968" hits="0"/>
						<line number="3973" hits="1"/>
						<line number="3974" hits="0"/>
						<line number="3975" hits="1"/>
						<line number="3976" hits="0"/>
						<line number="3978" hits="0"/>
						<line number="3979" hits="0"/>
						<line number="3980" hits="0"/>
						<line number="3981" hits="0"/>
						<line number="3983" hits="0"/>
						<line number="3985" hits="0"/>
						<line number="3986" hits="0"/>
						<line number="3988" hits="0"/>
						<line number="3989" hits="0"/>
						<line number="3990" hits="0"/>
						<line number="3991" hits="0"/>
						<line number="3992" hits="0"/>
						<line number="3993" hits="0"/>
						<line number="3995" hits="0"/>
						<line number="3997" hits="0"/>
						<line number="3998" hits="0"/>
						<line number="3999" hits="1"/>
						<line number="4000" hits="0"/>
						<line number="4002" hits="0"/>
						<line number="4003" hits="0"/>
						<line number="4004" hits="0"/>
						<line number="4005" hits="1"/>
						<line number="4006" hits="0"/>
						<line number="4008" hits="0"/>
						<line number="4009" hits="0"/>
						<line number="4010" hits="0"/>
						<line number="4011" hits="0"/>
						<line number="4013" hits="0"/>
						<line number="4015" hits="0"/>
						<line number="4016" hits="0"/>
						<line number="4018" hits="0"/>
						<line number="4019" hits="0"/>
						<line number="4020" hits="0"/>
						<line number="4021" hits="0"/>
						<line number="4022" hits="0"/>
						<line number="4023" hits="1"/>
						<line number="4024" hits="1"/>
						<line number="4026" hits="0"/>
						<line number="4027" hits="0"/>
						<line number="4028" hits="1"/>
						<line number="4031" hits="0"/>
						<line number="4032" hits="0"/>
						<line number="4033" hits="0"/>
						<line number="4036" hits="1"/>
						<line number="4040" hits="1"/>
						<line number="4043" hits="0"/>
						<line number="4047" hits="0"/>
						<line number="4050" hits="1"/>
						<line number="4053" hits="1"/>
						<line number="4055" hits="1"/>
						<line number="4065" hits="0"/>
						<line number="4066" hits="1"/>
						<line number="4069" hits="1"/>
						<line number="4070" hits="1"/>
						<line number="4071" hits="1"/>
						<line number="4072" hits="0"/>
						<line number="4073" hits="1"/>
						<line number="4076" hits="1"/>
						<line number="4079" hits="0"/>
						<line number="4080" hits="0"/>
						<line number="4081" hits="0"/>
						<line number="4088" hits="0"/>
						<line number="4090" hits="0"/>
						<line number="4091" hits="0"/>
						<line number="4092" hits="0"/>
						<line number="4093" hits="0"/>
						<line number="4094" hits="0"/>
						<line number="4095" hits="0"/>
						<line number="4096" hits="0"/>
						<line number="4097" hits="0"/>
						<line number="4098" hits="0"/>
						<line number="4108" hits="0"/>
						<line number="4109" hits="0"/>
						<line number="4110" hits="0"/>
						<line number="4121" hits="0"/>
						<line number="4122" hits="0"/>
						<line number="4123" hits="0"/>
						<line number="4124" hits="1"/>
						<line number="4127" hits="1"/>
						<line number="4130" hits="1"/>
						<line number="4131" hits="0"/>
						<line number="4133" hits="1"/>
						<line number="4135" hits="0"/>
						<line number="4136" hits="0"/>
						<line number="4137" hits="1"/>
						<line number="4144" hits="1"/>
						<line number="4145" hits="1"/>
						<line number="4146" hits="0"/>
						<line number="4147" hits="1"/>
						<line number="4150" hits="1"/>
						<line number="4151" hits="0"/>
						<line number="4153" hits="1"/>
						<line number="4156" hits="1"/>
						<line number="4161" hits="1"/>
						<line number="4171" hits="1"/>
						<line number="4172" hits="0"/>
						<line number="4174" hits="1"/>
						<line number="4176" hits="1"/>
						<line number="4177" hits="1"/>
						<line number="4178" hits="1"/>
						<line number="4179" hits="1"/>
						<line number="4186" hits="0"/>
						<line number="4187" hits="1"/>
						<line number="4188" hits="1"/>
						<line number="4190" hits="1"/>
						<line number="4191" hits="1"/>
						<line number="4197" hits="1"/>
						<line number="4198" hits="1"/>
						<line number="4200" hits="1"/>
						<line number="4201" hits="0"/>
						<line number="4202" hits="1"/>
						<line number="4205" hits="1"/>
						<line number="4207" hits="1"/>
						<line number="4208" hits="1"/>
						<line number="4216" hits="1"/>
						<line number="4217" hits="1"/>
						<line number="4225" hits="1"/>
						<line number="4234" hits="1"/>
						<line number="4242" hits="1"/>
						<line number="4251" hits="0"/>
						<line number="4252" hits="1"/>
						<line number="4255" hits="1"/>
						<line number="4258" hits="1"/>
						<line number="4259" hits="1"/>
						<line number="4261" hits="1"/>
						<line number="4262" hits="1"/>
						<line number="4270" hits="1"/>
						<line number="4278" hits="1"/>
						<line number="4286" hits="1"/>
						<line number="4295" hits="1"/>
						<line number="4296" hits="1"/>
						<line number="4297" hits="1"/>
						<line number="4298" hits="1"/>
						<line number="4299" hits="1"/>
						<line number="4300" hits="1"/>
						<line number="4301" hits="0"/>
						<line number="4302" hits="0"/>
						<line number="4303" hits="1"/>
						<line number="4304" hits="1"/>
						<line number="4306" hits="1"/>
						<line number="4307" hits="0"/>
						<line number="4308" hits="0"/>
						<line number="4309" hits="1"/>
						<line number="4310" hits="1"/>
						<line number="4312" hits="0"/>
						<line number="4313" hits="1"/>
						<line number="4314" hits="0"/>
						<line number="4315" hits="0"/>
						<line number="4316" hits="0"/>
						<line number="4317" hits="1"/>
						<line number="4318" hits="1"/>
						<line number="4320" hits="1"/>
						<line number="4321" hits="1"/>
						<line number="4329" hits="1"/>
						<line number="4339" hits="0"/>
						<line number="4340" hits="1"/>
						<line number="4343" hits="1"/>
						<line number="4354" hits="0"/>
						<line number="4365" hits="0"/>
						<line number="4366" hits="0"/>
						<line number="4367" hits="0"/>
						<line number="4368" hits="0"/>
						<line number="4369" hits="0"/>
						<line number="4370" hits="0"/>
						<line number="4371" hits="0"/>
						<line number="4373" hits="0"/>
						<line number="4374" hits="0"/>
						<line number="4375" hits="0"/>
						<line number="4376" hits="0"/>
						<line number="4377" hits="0"/>
						<line number="4378" hits="0"/>
						<line number="4379" hits="0"/>
						<line number="4382" hits="0"/>
						<line number="4383" hits="0"/>
						<line number="4384" hits="0"/>
						<line number="4385" hits="0"/>
						<line number="4386" hits="0"/>
						<line number="4387" hits="0"/>
						<line number="4389" hits="0"/>
						<line number="4391" hits="0"/>
						<line number="4392" hits="0"/>
						<line number="4393" hits="0"/>
						<line number="4395" hits="0"/>
						<line number="4418" hits="0"/>
						<line number="4419" hits="0"/>
						<line number="4420" hits="0"/>
						<line number="4422" hits="0"/>
						<line number="4423" hits="0"/>
						<line number="4424" hits="0"/>
						<line number="4426" hits="0"/>
						<line number="4429" hits="0"/>
						<line number="4430" hits="0"/>
						<line number="4431" hits="0"/>
						<line number="4432" hits="0"/>
						<line number="4434" hits="0"/>
						<line number="4435" hits="0"/>
						<line number="4437" hits="0"/>
						<line number="4438" hits="0"/>
						<line number="4439" hits="0"/>
						<line number="4440" hits="0"/>
						<line number="4441" hits="0"/>
						<line number="4446" hits="0"/>
						<line number="4478" hits="0"/>
						<line number="4479" hits="0"/>
						<line number="4480" hits="0"/>
						<line number="4481" hits="0"/>
						<line number="4482" hits="0"/>
						<line number="4483" hits="0"/>
						<line number="4484" hits="0"/>
						<line number="4485" hits="0"/>
						<line number="4487" hits="0"/>
						<line number="4488" hits="0"/>
						<line number="4489" hits="0"/>
						<line number="4490" hits="0"/>
						<line number="4491" hits="0"/>
						<line number="4492" hits="0"/>
						<line number="4493" hits="0"/>
						<line number="4495" hits="0"/>
						<line number="4496" hits="0"/>
						<line number="4497" hits="0"/>
						<line number="4498" hits="0"/>
						<line number="4499" hits="0"/>
						<line number="4500" hits="0"/>
						<line number="4501" hits="0"/>
						<line number="4502" hits="0"/>
						<line number="4503" hits="0"/>
						<line number="4504" hits="0"/>
						<line number="4505" hits="0"/>
						<line number="4506" hits="0"/>
						<line number="4507" hits="0"/>
						<line number="4508" hits="1"/>
						<line number="4511" hits="1"/>
						<line number="4514" hits="1"/>
						<line number="4515" hits="1"/>
						<line number="4517" hits="0"/>
						<line number="4518" hits="0"/>
						<line number="4519" hits="0"/>
						<line number="4520" hits="0"/>
						<line number="4524" hits="0"/>
						<line number="4525" hits="1"/>
						<line number="4529" hits="1"/>
						<line number="4530" hits="1"/>
						<line number="4531" hits="1"/>
						<line number="4532" hits="0"/>
						<line number="4533" hits="0"/>
						<line number="4534" hits="0"/>
						<line number="4535" hits="0"/>
						<line number="4536" hits="0"/>
						<line number="4537" hits="0"/>
						<line number="4538" hits="0"/>
						<line number="4539" hits="0"/>
						<line number="4540" hits="0"/>
						<line number="4541" hits="0"/>
						<line number="4543" hits="0"/>
						<line number="4544" hits="0"/>
						<line number="4545" hits="0"/>
						<line number="4546" hits="1"/>
						<line number="4549" hits="0"/>
						<line number="4550" hits="0"/>
						<line number="4551" hits="0"/>
						<line number="4552" hits="0"/>
						<line number="4553" hits="0"/>
						<line number="4554" hits="1"/>
						<line number="4555" hits="1"/>
						<line number="4556" hits="0"/>
						<line number="4557" hits="0"/>
						<line number="4558" hits="1"/>
						<line number="4561" hits="1"/>
						<line number="4564" hits="1"/>
						<line number="4565" hits="0"/>
						<line number="4566" hits="1"/>
						<line number="4567" hits="1"/>
						<line number="4569" hits="0"/>
						<line number="4570" hits="1"/>
						<line number="4571" hits="1"/>
						<line number="4572" hits="1"/>
						<line number="4573" hits="1"/>
						<line number="4574" hits="1"/>
						<line number="4580" hits="0"/>
						<line number="4581" hits="1"/>
						<line number="4582" hits="1"/>
						<line number="4583" hits="1"/>
						<line number="4584" hits="1"/>
						<line number="4585" hits="1"/>
						<line number="4591" hits="0"/>
						<line number="4592" hits="0"/>
						<line number="4593" hits="0"/>
						<line number="4594" hits="0"/>
						<line number="4595" hits="1"/>
						<line number="4601" hits="0"/>
						<line number="4602" hits="1"/>
						<line number="4605" hits="1"/>
						<line number="4608" hits="1"/>
						<line number="4610" hits="0"/>
						<line number="4611" hits="0"/>
						<line number="4612" hits="1"/>
						<line number="4615" hits="1"/>
						<line number="4618" hits="1"/>
						<line number="4619" hits="1"/>
						<line number="4621" hits="0"/>
						<line number="4622" hits="1"/>
						<line number="4623" hits="1"/>
						<line number="4625" hits="1"/>
						<line number="4626" hits="1"/>
						<line number="4632" hits="0"/>
						<line number="4633" hits="0"/>
						<line number="4634" hits="1"/>
						<line number="4635" hits="0"/>
						<line number="4636" hits="0"/>
						<line number="4637" hits="0"/>
						<line number="4638" hits="1"/>
						<line number="4641" hits="1"/>
						<line number="4645" hits="1"/>
						<line number="4646" hits="1"/>
						<line number="4647" hits="1"/>
						<line number="4648" hits="1"/>
						<line number="4649" hits="1"/>
						<line number="4650" hits="1"/>
						<line number="4651" hits="1"/>
						<line number="4652" hits="1"/>
						<line number="4653" hits="1"/>
						<line number="4654" hits="1"/>
						<line number="4655" hits="1"/>
						<line number="4656" hits="1"/>
						<line number="4657" hits="1"/>
						<line number="4658" hits="1"/>
						<line number="4659" hits="1"/>
						<line number="4662" hits="1"/>
						<line number="4666" hits="1"/>
						<line number="4668" hits="1"/>
						<line number="4669" hits="1"/>
						<line number="4670" hits="1"/>
						<line number="4671" hits="0"/>
						<line number="4672" hits="1"/>
						<line number="4673" hits="0"/>
						<line number="4675" hits="1"/>
						<line number="4676" hits="0"/>
						<line number="4677" hits="0"/>
						<line number="4678" hits="0"/>
						<line number="4679" hits="0"/>
						<line number="4680" hits="0"/>
						<line number="4681" hits="0"/>
						<line number="4682" hits="0"/>
						<line number="4683" hits="0"/>
						<line number="4684" hits="0"/>
						<line number="4685" hits="0"/>
						<line number="4686" hits="0"/>
						<line number="4687" hits="0"/>
						<line number="4688" hits="0"/>
						<line number="4689" hits="0"/>
						<line number="4690" hits="0"/>
						<line number="4691" hits="0"/>
						<line number="4692" hits="0"/>
						<line number="4693" hits="0"/>
						<line number="4694" hits="0"/>
						<line number="4695" hits="0"/>
						<line number="4696" hits="0"/>
						<line number="4697" hits="1"/>
						<line number="4698" hits="1"/>
						<line number="4700" hits="1"/>
						<line number="4701" hits="1"/>
						<line number="4702" hits="1"/>
						<line number="4703" hits="0"/>
						<line number="4704" hits="1"/>
						<line number="4705" hits="0"/>
						<line number="4707" hits="1"/>
						<line number="4708" hits="0"/>
						<line number="4709" hits="0"/>
						<line number="4715" hits="0"/>
						<line number="4718" hits="0"/>
						<line number="4719" hits="0"/>
						<line number="4720" hits="0"/>
						<line number="4726" hits="0"/>
						<line number="4728" hits="0"/>
						<line number="4729" hits="0"/>
						<line number="4730" hits="1"/>
						<line number="4733" hits="1"/>
						<line number="4738" hits="1"/>
						<line number="4740" hits="1"/>
						<line number="4741" hits="1"/>
						<line number="4749" hits="1"/>
						<line number="4752" hits="1"/>
						<line number="4754" hits="1"/>
						<line number="4755" hits="1"/>
						<line number="4757" hits="1"/>
						<line number="4758" hits="1"/>
						<line number="4759" hits="0"/>
						<line number="4760" hits="0"/>
						<line number="4761" hits="1"/>
						<line number="4763" hits="1"/>
						<line number="4764" hits="1"/>
						<line number="4772" hits="1"/>
						<line number="4773" hits="1"/>
						<line number="4774" hits="1"/>
						<line number="4775" hits="0"/>
						<line number="4776" hits="0"/>
						<line number="4777" hits="1"/>
						<line number="4780" hits="1"/>
						<line number="4791" hits="0"/>
						<line number="4792" hits="1"/>
						<line number="4793" hits="0"/>
						<line number="4795" hits="1"/>
						<line number="4797" hits="1"/>
						<line number="4798" hits="1"/>
						<line number="4799" hits="1"/>
						<line number="4805" hits="1"/>
						<line number="4806" hits="0"/>
						<line number="4807" hits="0"/>
						<line number="4808" hits="1"/>
						<line number="4810" hits="1"/>
[...]
						<line number="11757" hits="1"/>
						<line number="11758" hits="1"/>
						<line number="11770" hits="1"/>
						<line number="11771" hits="1"/>
						<line number="11772" hits="0"/>
						<line number="11773" hits="1"/>
						<line number="11786" hits="1"/>
						<line number="11788" hits="1"/>
						<line number="11790" hits="1"/>
						<line number="11795" hits="0"/>
						<line number="11797" hits="0"/>
						<line number="11798" hits="1"/>
						<line number="11804" hits="1"/>
						<line number="11805" hits="1"/>
						<line number="11807" hits="0"/>
						<line number="11820" hits="0"/>
						<line number="11822" hits="0"/>
						<line number="11823" hits="0"/>
						<line number="11824" hits="0"/>
						<line number="11830" hits="0"/>
						<line number="11831" hits="0"/>
						<line number="11833" hits="1"/>
						<line number="11839" hits="1"/>
						<line number="11841" hits="0"/>
						<line number="11843" hits="0"/>
						<line number="11844" hits="0"/>
						<line number="11845" hits="1"/>
						<line number="11859" hits="1"/>
						<line number="11860" hits="1"/>
						<line number="11862" hits="1"/>
						<line number="11884" hits="1"/>
						<line number="11885" hits="1"/>
						<line number="11887" hits="1"/>
						<line number="11894" hits="1"/>
						<line number="11895" hits="1"/>
						<line number="11897" hits="1"/>
						<line number="11910" hits="0"/>
						<line number="11911" hits="0"/>
						<line number="11912" hits="0"/>
						<line number="11913" hits="1"/>
						<line number="11919" hits="1"/>
						<line number="11920" hits="1"/>
						<line number="11922" hits="1"/>
						<line number="11928" hits="1"/>
						<line number="11931" hits="1"/>
						<line number="11934" hits="1"/>
						<line number="11935" hits="1"/>
						<line number="11946" hits="1"/>
						<line number="11947" hits="1"/>
						<line number="11948" hits="1"/>
						<line number="11950" hits="1"/>
						<line number="11966" hits="1"/>
						<line number="11967" hits="1"/>
						<line number="11975" hits="1"/>
						<line number="11976" hits="1"/>
						<line number="11983" hits="0"/>
						<line number="11985" hits="0"/>
						<line number="11987" hits="0"/>
						<line number="11998" hits="0"/>
						<line number="11999" hits="0"/>
						<line number="12000" hits="0"/>
						<line number="12002" hits="1"/>
						<line number="12019" hits="1"/>
						<line number="12021" hits="1"/>
						<line number="12022" hits="0"/>
						<line number="12023" hits="0"/>
						<line number="12031" hits="0"/>
						<line number="12032" hits="0"/>
						<line number="12034" hits="0"/>
						<line number="12036" hits="0"/>
						<line number="12049" hits="0"/>
						<line number="12051" hits="0"/>
						<line number="12052" hits="0"/>
						<line number="12053" hits="0"/>
						<line number="12055" hits="0"/>
						<line number="12067" hits="0"/>
						<line number="12069" hits="0"/>
						<line number="12071" hits="0"/>
						<line number="12084" hits="0"/>
						<line number="12086" hits="0"/>
						<line number="12087" hits="0"/>
						<line number="12093" hits="0"/>
						<line number="12094" hits="0"/>
						<line number="12095" hits="1"/>
						<line number="12096" hits="1"/>
						<line number="12099" hits="1"/>
						<line number="12102" hits="0"/>
						<line number="12103" hits="0"/>
						<line number="12115" hits="0"/>
						<line number="12116" hits="0"/>
						<line number="12118" hits="0"/>
						<line number="12141" hits="0"/>
						<line number="12143" hits="0"/>
						<line number="12144" hits="0"/>
						<line number="12145" hits="0"/>
						<line number="12151" hits="0"/>
						<line number="12152" hits="0"/>
						<line number="12163" hits="0"/>
						<line number="12164" hits="0"/>
						<line number="12165" hits="0"/>
						<line number="12166" hits="0"/>
						<line number="12167" hits="0"/>
						<line number="12193" hits="0"/>
						<line number="12195" hits="0"/>
						<line number="12196" hits="1"/>
						<line number="12202" hits="0"/>
						<line number="12204" hits="0"/>
						<line number="12205" hits="0"/>
						<line number="12220" hits="0"/>
						<line number="12222" hits="0"/>
						<line number="12224" hits="0"/>
						<line number="12232" hits="0"/>
						<line number="12234" hits="1"/>
						<line number="12235" hits="1"/>
						<line number="12238" hits="1"/>
						<line number="12241" hits="0"/>
						<line number="12242" hits="0"/>
						<line number="12244" hits="0"/>
						<line number="12259" hits="0"/>
						<line number="12260" hits="0"/>
						<line number="12267" hits="0"/>
						<line number="12276" hits="0"/>
						<line number="12278" hits="0"/>
						<line number="12280" hits="0"/>
						<line number="12293" hits="0"/>
						<line number="12295" hits="0"/>
						<line number="12296" hits="0"/>
						<line number="12298" hits="0"/>
						<line number="12310" hits="0"/>
						<line number="12312" hits="0"/>
						<line number="12313" hits="0"/>
						<line number="12314" hits="0"/>
						<line number="12320" hits="0"/>
						<line number="12321" hits="0"/>
						<line number="12322" hits="0"/>
						<line number="12324" hits="0"/>
						<line number="12333" hits="0"/>
						<line number="12334" hits="0"/>
						<line number="12335" hits="0"/>
						<line number="12336" hits="0"/>
						<line number="12340" hits="0"/>
						<line number="12341" hits="0"/>
						<line number="12342" hits="0"/>
						<line number="12343" hits="0"/>
						<line number="12344" hits="0"/>
						<line number="12350" hits="0"/>
						<line number="12351" hits="0"/>
						<line number="12352" hits="0"/>
						<line number="12354" hits="0"/>
						<line number="12359" hits="1"/>
						<line number="12383" hits="0"/>
						<line number="12385" hits="0"/>
						<line number="12386" hits="0"/>
						<line number="12390" hits="0"/>
						<line number="12391" hits="0"/>
						<line number="12392" hits="0"/>
						<line number="12400" hits="0"/>
						<line number="12401" hits="0"/>
						<line number="12402" hits="0"/>
						<line number="12430" hits="0"/>
						<line number="12431" hits="0"/>
						<line number="12433" hits="0"/>
						<line number="12440" hits="0"/>
						<line number="12442" hits="1"/>
						<line number="12445" hits="1"/>
						<line number="12448" hits="0"/>
						<line number="12450" hits="0"/>
						<line number="12451" hits="0"/>
						<line number="12466" hits="0"/>
						<line number="12468" hits="0"/>
						<line number="12476" hits="0"/>
						<line number="12477" hits="0"/>
						<line number="12479" hits="0"/>
						<line number="12480" hits="0"/>
						<line number="12481" hits="0"/>
						<line number="12482" hits="0"/>
						<line number="12483" hits="0"/>
						<line number="12484" hits="0"/>
						<line number="12485" hits="0"/>
						<line number="12486" hits="0"/>
						<line number="12487" hits="0"/>
						<line number="12488" hits="0"/>
						<line number="12489" hits="0"/>
						<line number="12490" hits="0"/>
						<line number="12491" hits="0"/>
						<line number="12492" hits="0"/>
						<line number="12500" hits="1"/>
						<line number="12516" hits="0"/>
						<line number="12518" hits="0"/>
						<line number="12526" hits="0"/>
						<line number="12527" hits="0"/>
						<line number="12528" hits="0"/>
						<line number="12529" hits="0"/>
						<line number="12530" hits="0"/>
						<line number="12531" hits="0"/>
						<line number="12532" hits="0"/>
						<line number="12533" hits="0"/>
						<line number="12534" hits="0"/>
						<line number="12535" hits="0"/>
						<line number="12536" hits="0"/>
						<line number="12548" hits="0"/>
						<line number="12562" hits="0"/>
						<line number="12563" hits="0"/>
						<line number="12564" hits="1"/>
						<line number="12565" hits="1"/>
						<line number="12568" hits="1"/>
						<line number="12572" hits="0"/>
						<line number="12573" hits="0"/>
						<line number="12581" hits="0"/>
						<line number="12589" hits="0"/>
						<line number="12592" hits="0"/>
						<line number="12599" hits="0"/>
						<line number="12601" hits="0"/>
						<line number="12603" hits="0"/>
						<line number="12604" hits="0"/>
						<line number="12605" hits="0"/>
						<line number="12606" hits="0"/>
						<line number="12607" hits="0"/>
						<line number="12609" hits="0"/>
						<line number="12612" hits="0"/>
						<line number="12619" hits="0"/>
						<line number="12620" hits="0"/>
						<line number="12621" hits="0"/>
						<line number="12622" hits="0"/>
						<line number="12623" hits="0"/>
						<line number="12624" hits="0"/>
						<line number="12625" hits="0"/>
						<line number="12627" hits="0"/>
						<line number="12628" hits="0"/>
						<line number="12629" hits="0"/>
						<line number="12630" hits="0"/>
						<line number="12631" hits="0"/>
						<line number="12632" hits="0"/>
						<line number="12633" hits="0"/>
						<line number="12634" hits="0"/>
						<line number="12640" hits="0"/>
						<line number="12641" hits="1"/>
						<line number="12642" hits="1"/>
						<line number="12645" hits="1"/>
						<line number="12648" hits="0"/>
						<line number="12655" hits="0"/>
						<line number="12656" hits="0"/>
						<line number="12658" hits="0"/>
						<line number="12659" hits="0"/>
						<line number="12660" hits="0"/>
						<line number="12661" hits="0"/>
						<line number="12662" hits="0"/>
						<line number="12663" hits="0"/>
						<line number="12664" hits="0"/>
						<line number="12665" hits="0"/>
						<line number="12666" hits="0"/>
						<line number="12667" hits="0"/>
						<line number="12668" hits="0"/>
						<line number="12669" hits="0"/>
						<line number="12670" hits="0"/>
						<line number="12671" hits="0"/>
						<line number="12672" hits="0"/>
						<line number="12674" hits="0"/>
						<line number="12675" hits="0"/>
						<line number="12676" hits="0"/>
						<line number="12678" hits="0"/>
						<line number="12679" hits="0"/>
						<line number="12680" hits="0"/>
						<line number="12682" hits="0"/>
						<line number="12683" hits="0"/>
						<line number="12685" hits="0"/>
						<line number="12686" hits="0"/>
						<line number="12695" hits="0"/>
						<line number="12696" hits="1"/>
						<line number="12697" hits="1"/>
						<line number="12700" hits="1"/>
						<line number="12703" hits="0"/>
						<line number="12704" hits="0"/>
						<line number="12706" hits="0"/>
						<line number="12707" hits="1"/>
						<line number="12715" hits="0"/>
						<line number="12718" hits="0"/>
						<line number="12725" hits="0"/>
						<line number="12726" hits="0"/>
						<line number="12733" hits="0"/>
						<line number="12740" hits="0"/>
						<line number="12747" hits="0"/>
						<line number="12748" hits="0"/>
						<line number="12749" hits="0"/>
						<line number="12750" hits="0"/>
						<line number="12752" hits="0"/>
						<line number="12758" hits="0"/>
						<line number="12759" hits="0"/>
						<line number="12776" hits="0"/>
						<line number="12793" hits="0"/>
						<line number="12810" hits="0"/>
						<line number="12811" hits="0"/>
						<line number="12812" hits="0"/>
						<line number="12813" hits="0"/>
						<line number="12814" hits="0"/>
						<line number="12815" hits="0"/>
						<line number="12817" hits="0"/>
						<line number="12818" hits="0"/>
						<line number="12830" hits="0"/>
						<line number="12831" hits="0"/>
						<line number="12832" hits="0"/>
						<line number="12833" hits="1"/>
						<line number="12845" hits="1"/>
						<line number="12846" hits="1"/>
						<line number="12848" hits="0"/>
						<line number="12849" hits="1"/>
						<line number="12852" hits="1"/>
						<line number="12853" hits="1"/>
						<line number="12858" hits="1"/>
						<line number="12859" hits="0"/>
						<line number="12860" hits="1"/>
						<line number="12861" hits="1"/>
						<line number="12862" hits="1"/>
						<line number="12863" hits="1"/>
						<line number="12864" hits="1"/>
						<line number="12865" hits="1"/>
						<line number="12866" hits="0"/>
						<line number="12867" hits="1"/>
						<line number="12868" hits="0"/>
						<line number="12869" hits="1"/>
						<line number="12871" hits="1"/>
						<line number="12872" hits="1"/>
						<line number="12873" hits="1"/>
						<line number="12874" hits="1"/>
						<line number="12877" hits="1"/>
						<line number="12880" hits="0"/>
						<line number="12881" hits="0"/>
						<line number="12883" hits="0"/>
						<line number="12884" hits="0"/>
						<line number="12885" hits="0"/>
						<line number="12886" hits="0"/>
						<line number="12894" hits="0"/>
						<line number="12895" hits="1"/>
						<line number="12897" hits="0"/>
						<line number="12898" hits="0"/>
						<line number="12901" hits="0"/>
						<line number="12902" hits="1"/>
						<line number="12907" hits="0"/>
						<line number="12908" hits="1"/>
						<line number="12909" hits="1"/>
						<line number="12910" hits="1"/>
						<line number="12911" hits="1"/>
						<line number="12912" hits="1"/>
						<line number="12913" hits="1"/>
						<line number="12914" hits="1"/>
						<line number="12915" hits="0"/>
						<line number="12916" hits="0"/>
						<line number="12917" hits="0"/>
						<line number="12918" hits="0"/>
						<line number="12919" hits="0"/>
						<line number="12920" hits="1"/>
						<line number="12921" hits="1"/>
						<line number="12924" hits="1"/>
						<line number="12927" hits="0"/>
						<line number="12929" hits="0"/>
						<line number="12930" hits="1"/>
						<line number="12938" hits="1"/>
						<line number="12941" hits="1"/>
						<line number="12945" hits="0"/>
						<line number="12946" hits="0"/>
						<line number="12947" hits="0"/>
						<line number="12948" hits="0"/>
						<line number="12949" hits="0"/>
						<line number="12951" hits="0"/>
						<line number="12952" hits="0"/>
						<line number="12953" hits="0"/>
						<line number="12954" hits="0"/>
						<line number="12955" hits="0"/>
						<line number="12956" hits="0"/>
						<line number="12957" hits="0"/>
						<line number="12958" hits="0"/>
						<line number="12959" hits="0"/>
						<line number="12965" hits="0"/>
						<line number="12966" hits="1"/>
						<line number="12967" hits="1"/>
						<line number="12968" hits="1"/>
						<line number="12969" hits="1"/>
						<line number="12972" hits="1"/>
						<line number="12975" hits="1"/>
						<line number="12976" hits="1"/>
						<line number="12977" hits="1"/>
						<line number="12978" hits="1"/>
						<line number="12980" hits="1"/>
						<line number="12981" hits="1"/>
						<line number="12982" hits="1"/>
						<line number="12990" hits="1"/>
						<line number="12991" hits="1"/>
						<line number="12992" hits="0"/>
						<line number="12993" hits="1"/>
						<line number="12994" hits="1"/>
						<line number="12995" hits="1"/>
						<line number="12996" hits="1"/>
						<line number="12997" hits="1"/>
						<line number="12998" hits="1"/>
						<line number="12999" hits="1"/>
						<line number="13000" hits="0"/>
						<line number="13001" hits="1"/>
						<line number="13002" hits="1"/>
						<line number="13003" hits="1"/>
						<line number="13004" hits="1"/>
						<line number="13005" hits="1"/>
						<line number="13006" hits="1"/>
						<line number="13007" hits="0"/>
						<line number="13008" hits="1"/>
						<line number="13009" hits="1"/>
						<line number="13010" hits="1"/>
						<line number="13011" hits="1"/>
						<line number="13012" hits="1"/>
						<line number="13015" hits="1"/>
						<line number="13018" hits="1"/>
						<line number="13019" hits="0"/>
						<line number="13020" hits="1"/>
						<line number="13021" hits="1"/>
						<line number="13022" hits="1"/>
						<line number="13023" hits="1"/>
						<line number="13025" hits="0"/>
						<line number="13026" hits="1"/>
						<line number="13027" hits="1"/>
						<line number="13028" hits="0"/>
						<line number="13029" hits="0"/>
						<line number="13030" hits="0"/>
						<line number="13031" hits="0"/>
						<line number="13032" hits="0"/>
						<line number="13033" hits="0"/>
						<line number="13034" hits="0"/>
						<line number="13035" hits="0"/>
						<line number="13036" hits="0"/>
						<line number="13037" hits="0"/>
						<line number="13038" hits="0"/>
						<line number="13039" hits="0"/>
						<line number="13040" hits="1"/>
						<line number="13041" hits="1"/>
						<line number="13047" hits="0"/>
						<line number="13048" hits="0"/>
						<line number="13049" hits="0"/>
						<line number="13050" hits="0"/>
						<line number="13051" hits="0"/>
						<line number="13052" hits="0"/>
						<line number="13053" hits="1"/>
						<line number="13066" hits="0"/>
						<line number="13067" hits="0"/>
						<line number="13068" hits="0"/>
						<line number="13069" hits="0"/>
						<line number="13070" hits="0"/>
						<line number="13071" hits="0"/>
						<line number="13076" hits="1"/>
						<line number="13094" hits="1"/>
						<line number="13122" hits="1"/>
						<line number="13136" hits="1"/>
						<line number="13152" hits="0"/>
						<line number="13153" hits="0"/>
						<line number="13158" hits="0"/>
						<line number="13159" hits="0"/>
						<line number="13162" hits="0"/>
						<line number="13163" hits="0"/>
						<line number="13164" hits="0"/>
						<line number="13172" hits="0"/>
						<line number="13176" hits="0"/>
						<line number="13177" hits="0"/>
						<line number="13178" hits="1"/>
						<line number="13196" hits="1"/>
						<line number="13210" hits="1"/>
						<line number="13211" hits="1"/>
						<line number="13212" hits="1"/>
						<line number="13213" hits="1"/>
						<line number="13214" hits="1"/>
						<line number="13215" hits="1"/>
						<line number="13216" hits="1"/>
						<line number="13218" hits="1"/>
						<line number="13219" hits="1"/>
						<line number="13224" hits="1"/>
						<line number="13226" hits="1"/>
						<line number="13227" hits="1"/>
						<line number="13230" hits="1"/>
						<line number="13231" hits="1"/>
					</lines>
				</class>
			</classes>
		</package>
		<package name="pyds9plugin.testing" line-rate="0.9545" branch-rate="0" complexity="0">
			<classes>
				<class name="test.py" filename="pyds9plugin/testing/test.py" complexity="0" line-rate="0.9545" branch-rate="0">
					<methods/>
					<lines>
						<line number="3" hits="1"/>
						<line number="8" hits="1"/>
						<line number="9" hits="1"/>
						<line number="11" hits="1"/>
						<line number="12" hits="1"/>
						<line number="13" hits="1"/>
						<line number="15" hits="1"/>
						<line number="16" hits="1"/>
						<line number="17" hits="1"/>
						<line number="18" hits="1"/>
						<line number="19" hits="1"/>
						<line number="20" hits="1"/>
						<line number="22" hits="1"/>
						<line number="24" hits="1"/>
						<line number="25" hits="1"/>
						<line number="26" hits="1"/>
						<line number="27" hits="1"/>
						<line number="28" hits="0"/>
						<line number="29" hits="1"/>
						<line number="30" hits="1"/>
						<line number="31" hits="0"/>
						<line number="34" hits="1"/>
						<line number="35" hits="1"/>
						<line number="36" hits="1"/>
						<line number="37" hits="1"/>
						<line number="39" hits="1"/>
						<line number="40" hits="1"/>
						<line number="60" hits="1"/>
						<line number="61" hits="1"/>
						<line number="62" hits="1"/>
						<line number="63" hits="1"/>
						<line number="64" hits="1"/>
						<line number="190" hits="1"/>
						<line number="191" hits="1"/>
						<line number="192" hits="1"/>
						<line number="203" hits="1"/>
						<line number="204" hits="1"/>
						<line number="205" hits="1"/>
						<line number="206" hits="1"/>
						<line number="207" hits="1"/>
						<line number="208" hits="1"/>
						<line number="209" hits="1"/>
						<line number="218" hits="1"/>
						<line number="219" hits="1"/>
					</lines>
				</class>
			</classes>
		</package>
	</packages>
</coverage>
