<?xml version="1.0" ?>
<coverage version="5.3" timestamp="1623918966433" lines-valid="6116" lines-covered="266" line-rate="0.04349" branches-covered="0" branches-valid="0" branch-rate="0" complexity="0">
	<!-- Generated by coverage.py: https://coverage.readthedocs.io -->
	<!-- Based on https://raw.githubusercontent.com/cobertura/web/master/htdocs/xml/coverage-04.dtd -->
	<sources>
		<source>/Users/Vincent/Github/pyds9plugin</source>
	</sources>
	<packages>
		<package name="pyds9plugin" line-rate="0.0382" branch-rate="0" complexity="0">
			<classes>
				<class name="DS9Utils.py" filename="pyds9plugin/DS9Utils.py" complexity="0" line-rate="0.0382" branch-rate="0">
					<methods/>
					<lines>
						<line number="3" hits="1"/>
						<line number="42" hits="1"/>
						<line number="43" hits="1"/>
						<line number="44" hits="1"/>
						<line number="45" hits="1"/>
						<line number="46" hits="1"/>
						<line number="48" hits="1"/>
						<line number="49" hits="1"/>
						<line number="51" hits="1"/>
						<line number="52" hits="1"/>
						<line number="53" hits="0"/>
						<line number="54" hits="0"/>
						<line number="56" hits="1"/>
						<line number="57" hits="1"/>
						<line number="59" hits="1"/>
						<line number="62" hits="1"/>
						<line number="63" hits="0"/>
						<line number="66" hits="1"/>
						<line number="67" hits="0"/>
						<line number="69" hits="0"/>
						<line number="70" hits="0"/>
						<line number="71" hits="0"/>
						<line number="72" hits="0"/>
						<line number="75" hits="1"/>
						<line number="76" hits="1"/>
						<line number="77" hits="0"/>
						<line number="78" hits="0"/>
						<line number="79" hits="0"/>
						<line number="81" hits="1"/>
						<line number="82" hits="0"/>
						<line number="83" hits="0"/>
						<line number="85" hits="0"/>
						<line number="86" hits="0"/>
						<line number="87" hits="0"/>
						<line number="88" hits="0"/>
						<line number="89" hits="0"/>
						<line number="90" hits="0"/>
						<line number="93" hits="0"/>
						<line number="96" hits="1"/>
						<line number="97" hits="0"/>
						<line number="98" hits="0"/>
						<line number="99" hits="0"/>
						<line number="104" hits="0"/>
						<line number="105" hits="0"/>
						<line number="111" hits="0"/>
						<line number="112" hits="0"/>
						<line number="113" hits="0"/>
						<line number="116" hits="1"/>
						<line number="118" hits="0"/>
						<line number="120" hits="0"/>
						<line number="121" hits="0"/>
						<line number="122" hits="0"/>
						<line number="123" hits="0"/>
						<line number="124" hits="0"/>
						<line number="125" hits="0"/>
						<line number="126" hits="0"/>
						<line number="127" hits="0"/>
						<line number="129" hits="0"/>
						<line number="130" hits="0"/>
						<line number="138" hits="1"/>
						<line number="142" hits="0"/>
						<line number="143" hits="0"/>
						<line number="145" hits="0"/>
						<line number="146" hits="0"/>
						<line number="147" hits="0"/>
						<line number="148" hits="0"/>
						<line number="149" hits="0"/>
						<line number="150" hits="0"/>
						<line number="152" hits="0"/>
						<line number="153" hits="0"/>
						<line number="155" hits="0"/>
						<line number="156" hits="0"/>
						<line number="172" hits="1"/>
						<line number="173" hits="1"/>
						<line number="176" hits="1"/>
						<line number="178" hits="1"/>
						<line number="179" hits="0"/>
						<line number="181" hits="1"/>
						<line number="182" hits="0"/>
						<line number="185" hits="1"/>
						<line number="189" hits="0"/>
						<line number="191" hits="0"/>
						<line number="192" hits="0"/>
						<line number="193" hits="0"/>
						<line number="195" hits="0"/>
						<line number="196" hits="0"/>
						<line number="197" hits="0"/>
						<line number="198" hits="0"/>
						<line number="199" hits="0"/>
						<line number="201" hits="0"/>
						<line number="202" hits="0"/>
						<line number="205" hits="0"/>
						<line number="206" hits="0"/>
						<line number="209" hits="0"/>
						<line number="211" hits="0"/>
						<line number="213" hits="0"/>
						<line number="214" hits="0"/>
						<line number="215" hits="0"/>
						<line number="216" hits="0"/>
						<line number="217" hits="0"/>
						<line number="220" hits="1"/>
						<line number="223" hits="0"/>
						<line number="224" hits="0"/>
						<line number="225" hits="0"/>
						<line number="226" hits="0"/>
						<line number="227" hits="0"/>
						<line number="228" hits="0"/>
						<line number="229" hits="0"/>
						<line number="230" hits="0"/>
						<line number="231" hits="0"/>
						<line number="232" hits="0"/>
						<line number="233" hits="0"/>
						<line number="234" hits="0"/>
						<line number="235" hits="0"/>
						<line number="236" hits="0"/>
						<line number="237" hits="0"/>
						<line number="238" hits="0"/>
						<line number="239" hits="0"/>
						<line number="242" hits="1"/>
						<line number="243" hits="0"/>
						<line number="250" hits="1"/>
						<line number="251" hits="1"/>
						<line number="254" hits="1"/>
						<line number="256" hits="1"/>
						<line number="257" hits="1"/>
						<line number="260" hits="1"/>
						<line number="262" hits="1"/>
						<line number="263" hits="1"/>
						<line number="264" hits="1"/>
						<line number="265" hits="0"/>
						<line number="266" hits="1"/>
						<line number="267" hits="1"/>
						<line number="268" hits="1"/>
						<line number="269" hits="1"/>
						<line number="270" hits="1"/>
						<line number="271" hits="1"/>
						<line number="274" hits="1"/>
						<line number="277" hits="1"/>
						<line number="279" hits="0"/>
						<line number="280" hits="0"/>
						<line number="281" hits="0"/>
						<line number="282" hits="0"/>
						<line number="284" hits="0"/>
						<line number="286" hits="0"/>
						<line number="289" hits="1"/>
						<line number="291" hits="0"/>
						<line number="292" hits="0"/>
						<line number="293" hits="0"/>
						<line number="295" hits="0"/>
						<line number="297" hits="0"/>
						<line number="300" hits="1"/>
						<line number="302" hits="0"/>
						<line number="303" hits="0"/>
						<line number="304" hits="0"/>
						<line number="305" hits="0"/>
						<line number="307" hits="0"/>
						<line number="309" hits="0"/>
						<line number="310" hits="0"/>
						<line number="311" hits="0"/>
						<line number="314" hits="0"/>
						<line number="317" hits="1"/>
						<line number="319" hits="0"/>
						<line number="320" hits="0"/>
						<line number="321" hits="0"/>
						<line number="322" hits="0"/>
						<line number="323" hits="0"/>
						<line number="324" hits="0"/>
						<line number="325" hits="0"/>
						<line number="326" hits="0"/>
						<line number="327" hits="0"/>
						<line number="328" hits="0"/>
						<line number="329" hits="0"/>
						<line number="330" hits="0"/>
						<line number="331" hits="0"/>
						<line number="332" hits="0"/>
						<line number="334" hits="0"/>
						<line number="337" hits="1"/>
						<line number="353" hits="0"/>
						<line number="355" hits="0"/>
						<line number="356" hits="0"/>
						<line number="357" hits="0"/>
						<line number="358" hits="0"/>
						<line number="359" hits="0"/>
						<line number="360" hits="0"/>
						<line number="362" hits="0"/>
						<line number="363" hits="0"/>
						<line number="365" hits="0"/>
						<line number="366" hits="0"/>
						<line number="367" hits="0"/>
						<line number="368" hits="0"/>
						<line number="369" hits="0"/>
						<line number="370" hits="0"/>
						<line number="371" hits="0"/>
						<line number="373" hits="0"/>
						<line number="385" hits="0"/>
						<line number="387" hits="0"/>
						<line number="399" hits="0"/>
						<line number="401" hits="0"/>
						<line number="402" hits="0"/>
						<line number="403" hits="0"/>
						<line number="404" hits="0"/>
						<line number="405" hits="0"/>
						<line number="406" hits="0"/>
						<line number="407" hits="0"/>
						<line number="411" hits="0"/>
						<line number="412" hits="0"/>
						<line number="414" hits="0"/>
						<line number="415" hits="0"/>
						<line number="416" hits="0"/>
						<line number="418" hits="0"/>
						<line number="421" hits="1"/>
						<line number="424" hits="0"/>
						<line number="426" hits="0"/>
						<line number="427" hits="0"/>
						<line number="428" hits="0"/>
						<line number="429" hits="0"/>
						<line number="430" hits="0"/>
						<line number="431" hits="0"/>
						<line number="432" hits="0"/>
						<line number="434" hits="0"/>
						<line number="435" hits="0"/>
						<line number="436" hits="0"/>
						<line number="437" hits="0"/>
						<line number="438" hits="0"/>
						<line number="439" hits="0"/>
						<line number="440" hits="0"/>
						<line number="441" hits="0"/>
						<line number="442" hits="0"/>
						<line number="443" hits="0"/>
						<line number="444" hits="0"/>
						<line number="445" hits="0"/>
						<line number="446" hits="0"/>
						<line number="447" hits="0"/>
						<line number="484" hits="1"/>
						<line number="487" hits="0"/>
						<line number="488" hits="0"/>
						<line number="489" hits="0"/>
						<line number="490" hits="0"/>
						<line number="491" hits="0"/>
						<line number="492" hits="0"/>
						<line number="493" hits="0"/>
						<line number="495" hits="0"/>
						<line number="498" hits="1"/>
						<line number="501" hits="0"/>
						<line number="502" hits="0"/>
						<line number="503" hits="0"/>
						<line number="504" hits="0"/>
						<line number="505" hits="0"/>
						<line number="506" hits="0"/>
						<line number="507" hits="0"/>
						<line number="509" hits="0"/>
						<line number="512" hits="1"/>
						<line number="515" hits="0"/>
						<line number="516" hits="0"/>
						<line number="517" hits="0"/>
						<line number="518" hits="0"/>
						<line number="519" hits="0"/>
						<line number="521" hits="0"/>
						<line number="524" hits="1"/>
						<line number="526" hits="0"/>
						<line number="528" hits="0"/>
						<line number="529" hits="0"/>
						<line number="530" hits="0"/>
						<line number="536" hits="1"/>
						<line number="539" hits="0"/>
						<line number="541" hits="0"/>
						<line number="542" hits="0"/>
						<line number="543" hits="0"/>
						<line number="544" hits="0"/>
						<line number="545" hits="0"/>
						<line number="546" hits="0"/>
						<line number="548" hits="0"/>
						<line number="550" hits="0"/>
						<line number="551" hits="0"/>
						<line number="552" hits="0"/>
						<line number="553" hits="0"/>
						<line number="554" hits="0"/>
						<line number="555" hits="0"/>
						<line number="557" hits="0"/>
						<line number="559" hits="0"/>
						<line number="560" hits="0"/>
						<line number="561" hits="0"/>
						<line number="569" hits="0"/>
						<line number="578" hits="0"/>
						<line number="579" hits="0"/>
						<line number="580" hits="0"/>
						<line number="581" hits="0"/>
						<line number="583" hits="0"/>
						<line number="584" hits="0"/>
						<line number="586" hits="0"/>
						<line number="592" hits="0"/>
						<line number="593" hits="0"/>
						<line number="594" hits="0"/>
						<line number="596" hits="0"/>
						<line number="599" hits="0"/>
						<line number="602" hits="0"/>
						<line number="603" hits="0"/>
						<line number="609" hits="0"/>
						<line number="610" hits="0"/>
						<line number="613" hits="0"/>
						<line number="615" hits="0"/>
						<line number="616" hits="0"/>
						<line number="617" hits="0"/>
						<line number="618" hits="0"/>
						<line number="628" hits="0"/>
						<line number="630" hits="0"/>
						<line number="633" hits="1"/>
						<line number="635" hits="0"/>
						<line number="636" hits="0"/>
						<line number="637" hits="0"/>
						<line number="638" hits="0"/>
						<line number="639" hits="0"/>
						<line number="640" hits="0"/>
						<line number="641" hits="0"/>
						<line number="642" hits="0"/>
						<line number="643" hits="0"/>
						<line number="646" hits="0"/>
						<line number="651" hits="0"/>
						<line number="652" hits="0"/>
						<line number="653" hits="0"/>
						<line number="656" hits="1"/>
						<line number="659" hits="0"/>
						<line number="661" hits="0"/>
						<line number="662" hits="0"/>
						<line number="663" hits="0"/>
						<line number="664" hits="0"/>
						<line number="666" hits="0"/>
						<line number="687" hits="0"/>
						<line number="692" hits="1"/>
						<line number="700" hits="0"/>
						<line number="702" hits="0"/>
						<line number="703" hits="0"/>
						<line number="711" hits="0"/>
						<line number="712" hits="0"/>
						<line number="714" hits="0"/>
						<line number="716" hits="0"/>
						<line number="717" hits="0"/>
						<line number="724" hits="0"/>
						<line number="725" hits="0"/>
						<line number="732" hits="0"/>
						<line number="741" hits="0"/>
						<line number="742" hits="0"/>
						<line number="743" hits="0"/>
						<line number="744" hits="0"/>
						<line number="745" hits="0"/>
						<line number="746" hits="0"/>
						<line number="747" hits="0"/>
						<line number="748" hits="0"/>
						<line number="749" hits="0"/>
						<line number="750" hits="0"/>
						<line number="751" hits="0"/>
						<line number="753" hits="0"/>
						<line number="754" hits="0"/>
						<line number="759" hits="0"/>
						<line number="760" hits="0"/>
						<line number="762" hits="0"/>
						<line number="763" hits="0"/>
						<line number="767" hits="0"/>
						<line number="769" hits="0"/>
						<line number="771" hits="0"/>
						<line number="775" hits="1"/>
						<line number="778" hits="0"/>
						<line number="779" hits="0"/>
						<line number="780" hits="0"/>
						<line number="782" hits="0"/>
						<line number="783" hits="0"/>
						<line number="784" hits="0"/>
						<line number="792" hits="0"/>
						<line number="795" hits="0"/>
						<line number="798" hits="0"/>
						<line number="799" hits="0"/>
						<line number="801" hits="0"/>
						<line number="802" hits="0"/>
						<line number="803" hits="0"/>
						<line number="804" hits="0"/>
						<line number="805" hits="0"/>
						<line number="806" hits="0"/>
						<line number="807" hits="0"/>
						<line number="808" hits="0"/>
						<line number="809" hits="0"/>
						<line number="810" hits="0"/>
						<line number="813" hits="0"/>
						<line number="815" hits="0"/>
						<line number="816" hits="0"/>
						<line number="817" hits="0"/>
						<line number="818" hits="0"/>
						<line number="819" hits="0"/>
						<line number="820" hits="0"/>
						<line number="821" hits="0"/>
						<line number="822" hits="0"/>
						<line number="823" hits="0"/>
						<line number="824" hits="0"/>
						<line number="825" hits="0"/>
						<line number="826" hits="0"/>
						<line number="827" hits="0"/>
						<line number="828" hits="0"/>
						<line number="829" hits="0"/>
						<line number="830" hits="0"/>
						<line number="831" hits="0"/>
						<line number="833" hits="0"/>
						<line number="834" hits="0"/>
						<line number="835" hits="0"/>
						<line number="836" hits="0"/>
						<line number="838" hits="0"/>
						<line number="839" hits="0"/>
						<line number="840" hits="0"/>
						<line number="841" hits="0"/>
						<line number="842" hits="0"/>
						<line number="843" hits="0"/>
						<line number="845" hits="0"/>
						<line number="846" hits="0"/>
						<line number="847" hits="0"/>
						<line number="848" hits="0"/>
						<line number="849" hits="0"/>
						<line number="850" hits="0"/>
						<line number="851" hits="0"/>
						<line number="852" hits="0"/>
						<line number="853" hits="0"/>
						<line number="854" hits="0"/>
						<line number="856" hits="0"/>
						<line number="857" hits="0"/>
						<line number="859" hits="0"/>
						<line number="861" hits="0"/>
						<line number="862" hits="0"/>
						<line number="864" hits="0"/>
						<line number="865" hits="0"/>
						<line number="867" hits="0"/>
						<line number="869" hits="0"/>
						<line number="870" hits="0"/>
						<line number="872" hits="0"/>
						<line number="874" hits="0"/>
						<line number="877" hits="1"/>
						<line number="880" hits="0"/>
						<line number="881" hits="0"/>
						<line number="882" hits="0"/>
						<line number="884" hits="0"/>
						<line number="885" hits="0"/>
						<line number="886" hits="0"/>
						<line number="889" hits="1"/>
						<line number="912" hits="0"/>
						<line number="913" hits="0"/>
						<line number="914" hits="0"/>
						<line number="915" hits="0"/>
						<line number="917" hits="0"/>
						<line number="918" hits="0"/>
						<line number="919" hits="0"/>
						<line number="920" hits="0"/>
						<line number="921" hits="0"/>
						<line number="923" hits="0"/>
						<line number="925" hits="0"/>
						<line number="926" hits="0"/>
						<line number="928" hits="0"/>
						<line number="929" hits="0"/>
						<line number="935" hits="0"/>
						<line number="936" hits="0"/>
						<line number="939" hits="0"/>
						<line number="940" hits="0"/>
						<line number="946" hits="0"/>
						<line number="948" hits="0"/>
						<line number="949" hits="0"/>
						<line number="950" hits="0"/>
						<line number="951" hits="0"/>
						<line number="952" hits="0"/>
						<line number="953" hits="0"/>
						<line number="954" hits="0"/>
						<line number="955" hits="0"/>
						<line number="958" hits="0"/>
						<line number="964" hits="0"/>
						<line number="966" hits="0"/>
						<line number="967" hits="0"/>
						<line number="968" hits="0"/>
						<line number="970" hits="0"/>
						<line number="971" hits="0"/>
						<line number="972" hits="0"/>
						<line number="973" hits="0"/>
						<line number="974" hits="0"/>
						<line number="975" hits="0"/>
						<line number="976" hits="0"/>
						<line number="978" hits="0"/>
						<line number="979" hits="0"/>
						<line number="980" hits="0"/>
						<line number="981" hits="0"/>
						<line number="982" hits="0"/>
						<line number="983" hits="0"/>
						<line number="984" hits="0"/>
						<line number="985" hits="0"/>
						<line number="986" hits="0"/>
						<line number="987" hits="0"/>
						<line number="989" hits="0"/>
						<line number="991" hits="0"/>
						<line number="992" hits="0"/>
						<line number="993" hits="0"/>
						<line number="994" hits="0"/>
						<line number="995" hits="0"/>
						<line number="996" hits="0"/>
						<line number="997" hits="0"/>
						<line number="998" hits="0"/>
						<line number="999" hits="0"/>
						<line number="1000" hits="0"/>
						<line number="1001" hits="0"/>
						<line number="1002" hits="0"/>
						<line number="1003" hits="0"/>
						<line number="1004" hits="0"/>
						<line number="1005" hits="0"/>
						<line number="1007" hits="0"/>
						<line number="1008" hits="0"/>
						<line number="1009" hits="0"/>
						<line number="1011" hits="0"/>
						<line number="1012" hits="0"/>
						<line number="1013" hits="0"/>
						<line number="1014" hits="0"/>
						<line number="1015" hits="0"/>
						<line number="1016" hits="0"/>
						<line number="1017" hits="0"/>
						<line number="1018" hits="0"/>
						<line number="1019" hits="0"/>
						<line number="1020" hits="0"/>
						<line number="1021" hits="0"/>
						<line number="1022" hits="0"/>
						<line number="1023" hits="0"/>
						<line number="1024" hits="0"/>
						<line number="1025" hits="0"/>
						<line number="1026" hits="0"/>
						<line number="1027" hits="0"/>
						<line number="1029" hits="0"/>
						<line number="1030" hits="0"/>
						<line number="1031" hits="0"/>
						<line number="1032" hits="0"/>
						<line number="1033" hits="0"/>
						<line number="1034" hits="0"/>
						<line number="1036" hits="0"/>
						<line number="1037" hits="0"/>
						<line number="1038" hits="0"/>
						<line number="1039" hits="0"/>
						<line number="1040" hits="0"/>
						<line number="1041" hits="0"/>
						<line number="1042" hits="0"/>
						<line number="1043" hits="0"/>
						<line number="1044" hits="0"/>
						<line number="1045" hits="0"/>
						<line number="1046" hits="0"/>
						<line number="1048" hits="0"/>
						<line number="1049" hits="0"/>
						<line number="1050" hits="0"/>
						<line number="1051" hits="0"/>
						<line number="1052" hits="0"/>
						<line number="1053" hits="0"/>
						<line number="1054" hits="0"/>
						<line number="1055" hits="0"/>
						<line number="1056" hits="0"/>
						<line number="1057" hits="0"/>
						<line number="1058" hits="0"/>
						<line number="1059" hits="0"/>
						<line number="1060" hits="0"/>
						<line number="1061" hits="0"/>
						<line number="1062" hits="0"/>
						<line number="1063" hits="0"/>
						<line number="1064" hits="0"/>
						<line number="1067" hits="0"/>
						<line number="1068" hits="0"/>
						<line number="1069" hits="0"/>
						<line number="1070" hits="0"/>
						<line number="1071" hits="0"/>
						<line number="1072" hits="0"/>
						<line number="1073" hits="0"/>
						<line number="1074" hits="0"/>
						<line number="1075" hits="0"/>
						<line number="1077" hits="0"/>
						<line number="1078" hits="0"/>
						<line number="1079" hits="0"/>
						<line number="1080" hits="0"/>
						<line number="1081" hits="0"/>
						<line number="1083" hits="0"/>
						<line number="1084" hits="0"/>
						<line number="1086" hits="0"/>
						<line number="1087" hits="0"/>
						<line number="1090" hits="1"/>
						<line number="1093" hits="0"/>
						<line number="1097" hits="0"/>
						<line number="1098" hits="0"/>
						<line number="1099" hits="0"/>
						<line number="1100" hits="0"/>
						<line number="1101" hits="0"/>
						<line number="1102" hits="0"/>
						<line number="1103" hits="0"/>
						<line number="1106" hits="1"/>
						<line number="1110" hits="0"/>
						<line number="1111" hits="0"/>
						<line number="1113" hits="0"/>
						<line number="1114" hits="0"/>
						<line number="1116" hits="0"/>
						<line number="1118" hits="0"/>
						<line number="1119" hits="0"/>
						<line number="1120" hits="0"/>
						<line number="1121" hits="0"/>
						<line number="1123" hits="0"/>
						<line number="1126" hits="1"/>
						<line number="1129" hits="0"/>
						<line number="1130" hits="0"/>
						<line number="1131" hits="0"/>
						<line number="1134" hits="1"/>
						<line number="1137" hits="0"/>
						<line number="1138" hits="0"/>
						<line number="1139" hits="0"/>
						<line number="1140" hits="0"/>
						<line number="1141" hits="0"/>
						<line number="1143" hits="0"/>
						<line number="1144" hits="0"/>
						<line number="1145" hits="0"/>
						<line number="1146" hits="0"/>
						<line number="1148" hits="0"/>
						<line number="1149" hits="0"/>
						<line number="1150" hits="0"/>
						<line number="1151" hits="0"/>
						<line number="1152" hits="0"/>
						<line number="1153" hits="0"/>
						<line number="1154" hits="0"/>
						<line number="1155" hits="0"/>
						<line number="1156" hits="0"/>
						<line number="1157" hits="0"/>
						<line number="1158" hits="0"/>
						<line number="1159" hits="0"/>
						<line number="1160" hits="0"/>
						<line number="1161" hits="0"/>
						<line number="1162" hits="0"/>
						<line number="1163" hits="0"/>
						<line number="1164" hits="0"/>
						<line number="1166" hits="0"/>
						<line number="1167" hits="0"/>
						<line number="1168" hits="0"/>
						<line number="1169" hits="0"/>
						<line number="1170" hits="0"/>
						<line number="1171" hits="0"/>
						<line number="1172" hits="0"/>
						<line number="1173" hits="0"/>
						<line number="1174" hits="0"/>
						<line number="1175" hits="0"/>
						<line number="1176" hits="0"/>
						<line number="1177" hits="0"/>
						<line number="1178" hits="0"/>
						<line number="1179" hits="0"/>
						<line number="1180" hits="0"/>
						<line number="1181" hits="0"/>
						<line number="1182" hits="0"/>
						<line number="1183" hits="0"/>
						<line number="1184" hits="0"/>
						<line number="1185" hits="0"/>
						<line number="1186" hits="0"/>
						<line number="1187" hits="0"/>
						<line number="1188" hits="0"/>
						<line number="1189" hits="0"/>
						<line number="1190" hits="0"/>
						<line number="1191" hits="0"/>
						<line number="1201" hits="0"/>
						<line number="1203" hits="0"/>
						<line number="1206" hits="1"/>
						<line number="1211" hits="0"/>
						<line number="1213" hits="0"/>
						<line number="1224" hits="0"/>
						<line number="1225" hits="0"/>
						<line number="1227" hits="0"/>
						<line number="1228" hits="0"/>
						<line number="1229" hits="0"/>
						<line number="1230" hits="0"/>
						<line number="1231" hits="0"/>
						<line number="1232" hits="0"/>
						<line number="1233" hits="0"/>
						<line number="1234" hits="0"/>
						<line number="1235" hits="0"/>
						<line number="1236" hits="0"/>
						<line number="1238" hits="0"/>
						<line number="1239" hits="0"/>
						<line number="1240" hits="0"/>
						<line number="1241" hits="0"/>
						<line number="1242" hits="0"/>
						<line number="1243" hits="0"/>
						<line number="1245" hits="0"/>
						<line number="1246" hits="0"/>
						<line number="1247" hits="0"/>
						<line number="1249" hits="0"/>
						<line number="1250" hits="0"/>
						<line number="1251" hits="0"/>
						<line number="1253" hits="0"/>
						<line number="1254" hits="0"/>
						<line number="1255" hits="0"/>
						<line number="1256" hits="0"/>
						<line number="1258" hits="0"/>
						<line number="1259" hits="0"/>
						<line number="1260" hits="0"/>
						<line number="1261" hits="0"/>
						<line number="1262" hits="0"/>
						<line number="1265" hits="1"/>
						<line number="1268" hits="0"/>
						<line number="1271" hits="0"/>
						<line number="1273" hits="0"/>
						<line number="1274" hits="0"/>
						<line number="1275" hits="0"/>
						<line number="1276" hits="0"/>
						<line number="1277" hits="0"/>
						<line number="1278" hits="0"/>
						<line number="1279" hits="0"/>
						<line number="1281" hits="0"/>
						<line number="1282" hits="0"/>
						<line number="1283" hits="0"/>
						<line number="1284" hits="0"/>
						<line number="1285" hits="0"/>
						<line number="1286" hits="0"/>
						<line number="1287" hits="0"/>
						<line number="1288" hits="0"/>
						<line number="1289" hits="0"/>
						<line number="1291" hits="0"/>
						<line number="1292" hits="0"/>
						<line number="1293" hits="0"/>
						<line number="1294" hits="0"/>
						<line number="1295" hits="0"/>
						<line number="1296" hits="0"/>
						<line number="1297" hits="0"/>
						<line number="1298" hits="0"/>
						<line number="1299" hits="0"/>
						<line number="1301" hits="0"/>
						<line number="1304" hits="1"/>
						<line number="1307" hits="0"/>
						<line number="1308" hits="0"/>
						<line number="1309" hits="0"/>
						<line number="1310" hits="0"/>
						<line number="1312" hits="0"/>
						<line number="1313" hits="0"/>
						<line number="1316" hits="0"/>
						<line number="1318" hits="0"/>
						<line number="1319" hits="0"/>
						<line number="1320" hits="0"/>
						<line number="1321" hits="0"/>
						<line number="1322" hits="0"/>
						<line number="1323" hits="0"/>
						<line number="1324" hits="0"/>
						<line number="1325" hits="0"/>
						<line number="1326" hits="0"/>
						<line number="1327" hits="0"/>
						<line number="1328" hits="0"/>
						<line number="1329" hits="0"/>
						<line number="1331" hits="0"/>
						<line number="1332" hits="0"/>
						<line number="1333" hits="0"/>
						<line number="1334" hits="0"/>
						<line number="1335" hits="0"/>
						<line number="1336" hits="0"/>
						<line number="1338" hits="0"/>
						<line number="1339" hits="0"/>
						<line number="1340" hits="0"/>
						<line number="1341" hits="0"/>
						<line number="1342" hits="0"/>
						<line number="1344" hits="0"/>
						<line number="1345" hits="0"/>
						<line number="1346" hits="0"/>
						<line number="1347" hits="0"/>
						<line number="1348" hits="0"/>
						<line number="1349" hits="0"/>
						<line number="1350" hits="0"/>
						<line number="1351" hits="0"/>
						<line number="1352" hits="0"/>
						<line number="1353" hits="0"/>
						<line number="1354" hits="0"/>
						<line number="1355" hits="0"/>
						<line number="1356" hits="0"/>
						<line number="1357" hits="0"/>
						<line number="1358" hits="0"/>
						<line number="1359" hits="0"/>
						<line number="1360" hits="0"/>
						<line number="1365" hits="0"/>
						<line number="1366" hits="0"/>
						<line number="1367" hits="0"/>
						<line number="1369" hits="0"/>
						<line number="1370" hits="0"/>
						<line number="1371" hits="0"/>
						<line number="1372" hits="0"/>
						<line number="1377" hits="0"/>
						<line number="1378" hits="0"/>
						<line number="1379" hits="0"/>
						<line number="1380" hits="0"/>
						<line number="1381" hits="0"/>
						<line number="1382" hits="0"/>
						<line number="1383" hits="0"/>
						<line number="1384" hits="0"/>
						<line number="1385" hits="0"/>
						<line number="1386" hits="0"/>
						<line number="1387" hits="0"/>
						<line number="1388" hits="0"/>
						<line number="1389" hits="0"/>
						<line number="1390" hits="0"/>
						<line number="1391" hits="0"/>
						<line number="1392" hits="0"/>
						<line number="1393" hits="0"/>
						<line number="1398" hits="0"/>
						<line number="1399" hits="0"/>
						<line number="1401" hits="0"/>
						<line number="1402" hits="0"/>
						<line number="1403" hits="0"/>
						<line number="1405" hits="0"/>
						<line number="1415" hits="0"/>
						<line number="1416" hits="0"/>
						<line number="1417" hits="0"/>
						<line number="1418" hits="0"/>
						<line number="1419" hits="0"/>
						<line number="1420" hits="0"/>
						<line number="1421" hits="0"/>
						<line number="1422" hits="0"/>
						<line number="1423" hits="0"/>
						<line number="1425" hits="0"/>
						<line number="1426" hits="0"/>
						<line number="1427" hits="0"/>
						<line number="1428" hits="0"/>
						<line number="1429" hits="0"/>
						<line number="1439" hits="0"/>
						<line number="1448" hits="0"/>
						<line number="1454" hits="0"/>
						<line number="1456" hits="0"/>
						<line number="1457" hits="0"/>
						<line number="1458" hits="0"/>
						<line number="1459" hits="0"/>
						<line number="1461" hits="0"/>
						<line number="1462" hits="0"/>
						<line number="1464" hits="0"/>
						<line number="1465" hits="0"/>
						<line number="1467" hits="0"/>
						<line number="1468" hits="0"/>
						<line number="1473" hits="0"/>
						<line number="1474" hits="0"/>
						<line number="1475" hits="0"/>
						<line number="1476" hits="0"/>
						<line number="1477" hits="0"/>
						<line number="1478" hits="0"/>
						<line number="1479" hits="0"/>
						<line number="1480" hits="0"/>
						<line number="1481" hits="0"/>
						<line number="1482" hits="0"/>
						<line number="1483" hits="0"/>
						<line number="1484" hits="0"/>
						<line number="1488" hits="0"/>
						<line number="1489" hits="0"/>
						<line number="1493" hits="0"/>
						<line number="1495" hits="0"/>
						<line number="1508" hits="0"/>
						<line number="1509" hits="0"/>
						<line number="1510" hits="0"/>
						<line number="1511" hits="0"/>
						<line number="1512" hits="0"/>
						<line number="1515" hits="1"/>
						<line number="1518" hits="0"/>
						<line number="1519" hits="0"/>
						<line number="1521" hits="0"/>
						<line number="1522" hits="0"/>
						<line number="1523" hits="0"/>
						<line number="1526" hits="0"/>
						<line number="1527" hits="0"/>
						<line number="1528" hits="0"/>
						<line number="1529" hits="0"/>
						<line number="1530" hits="0"/>
						<line number="1531" hits="0"/>
						<line number="1532" hits="0"/>
						<line number="1533" hits="0"/>
						<line number="1534" hits="0"/>
						<line number="1535" hits="0"/>
						<line number="1536" hits="0"/>
						<line number="1537" hits="0"/>
						<line number="1541" hits="0"/>
						<line number="1543" hits="0"/>
						<line number="1544" hits="0"/>
						<line number="1545" hits="0"/>
						<line number="1546" hits="0"/>
						<line number="1547" hits="0"/>
						<line number="1548" hits="0"/>
						<line number="1549" hits="0"/>
						<line number="1550" hits="0"/>
						<line number="1553" hits="0"/>
						<line number="1554" hits="0"/>
						<line number="1555" hits="0"/>
						<line number="1556" hits="0"/>
						<line number="1557" hits="0"/>
						<line number="1559" hits="0"/>
						<line number="1560" hits="0"/>
						<line number="1561" hits="0"/>
						<line number="1562" hits="0"/>
						<line number="1563" hits="0"/>
						<line number="1564" hits="0"/>
						<line number="1565" hits="0"/>
						<line number="1566" hits="0"/>
						<line number="1567" hits="0"/>
						<line number="1568" hits="0"/>
						<line number="1569" hits="0"/>
						<line number="1570" hits="0"/>
						<line number="1573" hits="1"/>
						<line number="1578" hits="0"/>
						<line number="1595" hits="0"/>
						<line number="1597" hits="0"/>
						<line number="1598" hits="0"/>
						<line number="1599" hits="0"/>
						<line number="1601" hits="0"/>
						<line number="1602" hits="0"/>
						<line number="1603" hits="0"/>
						<line number="1605" hits="0"/>
						<line number="1606" hits="0"/>
						<line number="1607" hits="0"/>
						<line number="1609" hits="0"/>
						<line number="1611" hits="0"/>
						<line number="1612" hits="0"/>
						<line number="1613" hits="0"/>
						<line number="1617" hits="0"/>
						<line number="1618" hits="0"/>
						<line number="1620" hits="0"/>
						<line number="1621" hits="0"/>
						<line number="1622" hits="0"/>
						<line number="1623" hits="0"/>
						<line number="1634" hits="0"/>
						<line number="1635" hits="0"/>
						<line number="1637" hits="0"/>
						<line number="1638" hits="0"/>
						<line number="1639" hits="0"/>
						<line number="1640" hits="0"/>
						<line number="1641" hits="0"/>
						<line number="1642" hits="0"/>
						<line number="1645" hits="1"/>
						<line number="1648" hits="0"/>
						<line number="1649" hits="0"/>
						<line number="1651" hits="0"/>
						<line number="1652" hits="0"/>
						<line number="1653" hits="0"/>
						<line number="1654" hits="0"/>
						<line number="1655" hits="0"/>
						<line number="1656" hits="0"/>
						<line number="1657" hits="0"/>
						<line number="1658" hits="0"/>
						<line number="1661" hits="1"/>
						<line number="1664" hits="0"/>
						<line number="1665" hits="0"/>
						<line number="1666" hits="0"/>
						<line number="1668" hits="0"/>
						<line number="1669" hits="0"/>
						<line number="1670" hits="0"/>
						<line number="1671" hits="0"/>
						<line number="1673" hits="0"/>
						<line number="1676" hits="1"/>
						<line number="1679" hits="0"/>
						<line number="1681" hits="0"/>
						<line number="1682" hits="0"/>
						<line number="1683" hits="0"/>
						<line number="1684" hits="0"/>
						<line number="1685" hits="0"/>
						<line number="1686" hits="0"/>
						<line number="1687" hits="0"/>
						<line number="1688" hits="0"/>
						<line number="1689" hits="0"/>
						<line number="1690" hits="0"/>
						<line number="1691" hits="0"/>
						<line number="1692" hits="0"/>
						<line number="1693" hits="0"/>
						<line number="1694" hits="0"/>
						<line number="1695" hits="0"/>
						<line number="1696" hits="0"/>
						<line number="1697" hits="0"/>
						<line number="1698" hits="0"/>
						<line number="1699" hits="0"/>
						<line number="1700" hits="0"/>
						<line number="1703" hits="1"/>
						<line number="1706" hits="0"/>
						<line number="1707" hits="0"/>
						<line number="1709" hits="0"/>
						<line number="1711" hits="0"/>
						<line number="1712" hits="0"/>
						<line number="1713" hits="0"/>
						<line number="1714" hits="0"/>
						<line number="1715" hits="0"/>
						<line number="1716" hits="0"/>
						<line number="1717" hits="0"/>
						<line number="1718" hits="0"/>
						<line number="1719" hits="0"/>
						<line number="1720" hits="0"/>
						<line number="1722" hits="0"/>
						<line number="1723" hits="0"/>
						<line number="1724" hits="0"/>
						<line number="1725" hits="0"/>
						<line number="1726" hits="0"/>
						<line number="1727" hits="0"/>
						<line number="1729" hits="0"/>
						<line number="1731" hits="0"/>
						<line number="1732" hits="0"/>
						<line number="1733" hits="0"/>
						<line number="1734" hits="0"/>
						<line number="1735" hits="0"/>
						<line number="1736" hits="0"/>
						<line number="1737" hits="0"/>
						<line number="1738" hits="0"/>
						<line number="1739" hits="0"/>
						<line number="1740" hits="0"/>
						<line number="1741" hits="0"/>
						<line number="1742" hits="0"/>
						<line number="1743" hits="0"/>
						<line number="1744" hits="0"/>
						<line number="1745" hits="0"/>
						<line number="1746" hits="0"/>
						<line number="1747" hits="0"/>
						<line number="1748" hits="0"/>
						<line number="1749" hits="0"/>
						<line number="1750" hits="0"/>
						<line number="1752" hits="0"/>
						<line number="1753" hits="0"/>
						<line number="1754" hits="0"/>
						<line number="1755" hits="0"/>
						<line number="1756" hits="0"/>
						<line number="1757" hits="0"/>
						<line number="1758" hits="0"/>
						<line number="1759" hits="0"/>
						<line number="1760" hits="0"/>
						<line number="1761" hits="0"/>
						<line number="1763" hits="0"/>
						<line number="1764" hits="0"/>
						<line number="1765" hits="0"/>
						<line number="1766" hits="0"/>
						<line number="1768" hits="0"/>
						<line number="1770" hits="0"/>
						<line number="1774" hits="0"/>
						<line number="1778" hits="1"/>
						<line number="1784" hits="0"/>
						<line number="1785" hits="0"/>
						<line number="1786" hits="0"/>
						<line number="1789" hits="0"/>
						<line number="1791" hits="0"/>
						<line number="1794" hits="0"/>
						<line number="1795" hits="0"/>
						<line number="1796" hits="0"/>
						<line number="1797" hits="0"/>
						<line number="1798" hits="0"/>
						<line number="1799" hits="0"/>
						<line number="1800" hits="0"/>
						<line number="1802" hits="0"/>
						<line number="1805" hits="0"/>
						<line number="1806" hits="0"/>
						<line number="1807" hits="0"/>
						<line number="1808" hits="0"/>
						<line number="1809" hits="0"/>
						<line number="1810" hits="0"/>
						<line number="1811" hits="0"/>
						<line number="1813" hits="0"/>
						<line number="1814" hits="0"/>
						<line number="1815" hits="0"/>
						<line number="1816" hits="0"/>
						<line number="1817" hits="0"/>
						<line number="1818" hits="0"/>
						<line number="1820" hits="0"/>
						<line number="1821" hits="0"/>
						<line number="1822" hits="0"/>
						<line number="1824" hits="0"/>
						<line number="1827" hits="0"/>
						<line number="1830" hits="1"/>
						<line number="1833" hits="0"/>
						<line number="1836" hits="0"/>
						<line number="1839" hits="1"/>
						<line number="1842" hits="0"/>
						<line number="1844" hits="0"/>
						<line number="1847" hits="1"/>
						<line number="1875" hits="0"/>
						<line number="1876" hits="0"/>
						<line number="1877" hits="0"/>
						<line number="1878" hits="0"/>
						<line number="1880" hits="0"/>
						<line number="1881" hits="0"/>
						<line number="1882" hits="0"/>
						<line number="1883" hits="0"/>
						<line number="1884" hits="0"/>
						<line number="1885" hits="0"/>
						<line number="1886" hits="0"/>
						<line number="1887" hits="0"/>
						<line number="1888" hits="0"/>
						<line number="1889" hits="0"/>
						<line number="1890" hits="0"/>
						<line number="1891" hits="0"/>
						<line number="1892" hits="0"/>
						<line number="1893" hits="0"/>
						<line number="1894" hits="0"/>
						<line number="1895" hits="0"/>
						<line number="1896" hits="0"/>
						<line number="1897" hits="0"/>
						<line number="1898" hits="0"/>
						<line number="1902" hits="0"/>
						<line number="1903" hits="0"/>
						<line number="1905" hits="0"/>
						<line number="1909" hits="0"/>
						<line number="1910" hits="0"/>
						<line number="1911" hits="0"/>
						<line number="1912" hits="0"/>
						<line number="1913" hits="0"/>
						<line number="1914" hits="0"/>
						<line number="1915" hits="0"/>
						<line number="1916" hits="0"/>
						<line number="1917" hits="0"/>
						<line number="1918" hits="0"/>
						<line number="1919" hits="0"/>
						<line number="1920" hits="0"/>
						<line number="1921" hits="0"/>
						<line number="1922" hits="0"/>
						<line number="1923" hits="0"/>
						<line number="1924" hits="0"/>
						<line number="1925" hits="0"/>
						<line number="1926" hits="0"/>
						<line number="1927" hits="0"/>
						<line number="1928" hits="0"/>
						<line number="1929" hits="0"/>
						<line number="1930" hits="0"/>
						<line number="1931" hits="0"/>
						<line number="1932" hits="0"/>
						<line number="1933" hits="0"/>
						<line number="1934" hits="0"/>
						<line number="1935" hits="0"/>
						<line number="1936" hits="0"/>
						<line number="1937" hits="0"/>
						<line number="1938" hits="0"/>
						<line number="1939" hits="0"/>
						<line number="1940" hits="0"/>
						<line number="1941" hits="0"/>
						<line number="1942" hits="0"/>
						<line number="1943" hits="0"/>
						<line number="1944" hits="0"/>
						<line number="1945" hits="0"/>
						<line number="1946" hits="0"/>
						<line number="1947" hits="0"/>
						<line number="1948" hits="0"/>
						<line number="1949" hits="0"/>
						<line number="1950" hits="0"/>
						<line number="1951" hits="0"/>
						<line number="1952" hits="0"/>
						<line number="1953" hits="0"/>
						<line number="1954" hits="0"/>
						<line number="1955" hits="0"/>
						<line number="1956" hits="0"/>
						<line number="1957" hits="0"/>
						<line number="1958" hits="0"/>
						<line number="1959" hits="0"/>
						<line number="1960" hits="0"/>
						<line number="1961" hits="0"/>
						<line number="1962" hits="0"/>
						<line number="1964" hits="0"/>
						<line number="1965" hits="0"/>
						<line number="1980" hits="0"/>
						<line number="2001" hits="0"/>
						<line number="2002" hits="0"/>
						<line number="2003" hits="0"/>
						<line number="2004" hits="0"/>
						<line number="2005" hits="0"/>
						<line number="2006" hits="0"/>
						<line number="2007" hits="0"/>
						<line number="2008" hits="0"/>
						<line number="2009" hits="0"/>
						<line number="2011" hits="0"/>
						<line number="2012" hits="0"/>
						<line number="2014" hits="0"/>
						<line number="2015" hits="0"/>
						<line number="2016" hits="0"/>
						<line number="2017" hits="0"/>
						<line number="2018" hits="0"/>
						<line number="2019" hits="0"/>
						<line number="2020" hits="0"/>
						<line number="2021" hits="0"/>
						<line number="2022" hits="0"/>
						<line number="2023" hits="0"/>
						<line number="2024" hits="0"/>
						<line number="2025" hits="0"/>
						<line number="2026" hits="0"/>
						<line number="2027" hits="0"/>
						<line number="2028" hits="0"/>
						<line number="2029" hits="0"/>
						<line number="2030" hits="0"/>
						<line number="2031" hits="0"/>
						<line number="2032" hits="0"/>
						<line number="2033" hits="0"/>
						<line number="2034" hits="0"/>
						<line number="2035" hits="0"/>
						<line number="2036" hits="0"/>
						<line number="2037" hits="0"/>
						<line number="2038" hits="0"/>
						<line number="2039" hits="0"/>
						<line number="2040" hits="0"/>
						<line number="2041" hits="0"/>
						<line number="2042" hits="0"/>
						<line number="2043" hits="0"/>
						<line number="2044" hits="0"/>
						<line number="2045" hits="0"/>
						<line number="2046" hits="0"/>
						<line number="2047" hits="0"/>
						<line number="2048" hits="0"/>
						<line number="2049" hits="0"/>
						<line number="2050" hits="0"/>
						<line number="2051" hits="0"/>
						<line number="2052" hits="0"/>
						<line number="2053" hits="0"/>
						<line number="2054" hits="0"/>
						<line number="2055" hits="0"/>
						<line number="2056" hits="0"/>
						<line number="2057" hits="0"/>
						<line number="2058" hits="0"/>
						<line number="2059" hits="0"/>
						<line number="2060" hits="0"/>
						<line number="2061" hits="0"/>
						<line number="2062" hits="0"/>
						<line number="2063" hits="0"/>
						<line number="2064" hits="0"/>
						<line number="2065" hits="0"/>
						<line number="2066" hits="0"/>
						<line number="2067" hits="0"/>
						<line number="2068" hits="0"/>
						<line number="2069" hits="0"/>
						<line number="2070" hits="0"/>
						<line number="2071" hits="0"/>
						<line number="2073" hits="0"/>
						<line number="2076" hits="1"/>
						<line number="2095" hits="0"/>
						<line number="2096" hits="0"/>
						<line number="2097" hits="0"/>
						<line number="2099" hits="0"/>
						<line number="2101" hits="0"/>
						<line number="2103" hits="0"/>
						<line number="2104" hits="0"/>
						<line number="2105" hits="0"/>
						<line number="2106" hits="0"/>
						<line number="2107" hits="0"/>
						<line number="2108" hits="0"/>
						<line number="2109" hits="0"/>
						<line number="2110" hits="0"/>
						<line number="2112" hits="0"/>
						<line number="2113" hits="0"/>
						<line number="2114" hits="0"/>
						<line number="2115" hits="0"/>
						<line number="2116" hits="0"/>
						<line number="2117" hits="0"/>
						<line number="2119" hits="0"/>
						<line number="2120" hits="0"/>
						<line number="2121" hits="0"/>
						<line number="2122" hits="0"/>
						<line number="2126" hits="0"/>
						<line number="2127" hits="0"/>
						<line number="2128" hits="0"/>
						<line number="2129" hits="0"/>
						<line number="2132" hits="0"/>
						<line number="2133" hits="0"/>
						<line number="2134" hits="0"/>
						<line number="2136" hits="0"/>
						<line number="2137" hits="0"/>
						<line number="2138" hits="0"/>
						<line number="2139" hits="0"/>
						<line number="2141" hits="0"/>
						<line number="2142" hits="0"/>
						<line number="2143" hits="0"/>
						<line number="2144" hits="0"/>
						<line number="2145" hits="0"/>
						<line number="2146" hits="0"/>
						<line number="2148" hits="0"/>
						<line number="2149" hits="0"/>
						<line number="2150" hits="0"/>
						<line number="2151" hits="0"/>
						<line number="2152" hits="0"/>
						<line number="2153" hits="0"/>
						<line number="2154" hits="0"/>
						<line number="2155" hits="0"/>
						<line number="2156" hits="0"/>
						<line number="2157" hits="0"/>
						<line number="2158" hits="0"/>
						<line number="2159" hits="0"/>
						<line number="2160" hits="0"/>
						<line number="2161" hits="0"/>
						<line number="2162" hits="0"/>
						<line number="2163" hits="0"/>
						<line number="2164" hits="0"/>
						<line number="2165" hits="0"/>
						<line number="2166" hits="0"/>
						<line number="2167" hits="0"/>
						<line number="2169" hits="0"/>
						<line number="2170" hits="0"/>
						<line number="2171" hits="0"/>
						<line number="2173" hits="0"/>
						<line number="2174" hits="0"/>
						<line number="2175" hits="0"/>
						<line number="2176" hits="0"/>
						<line number="2177" hits="0"/>
						<line number="2178" hits="0"/>
						<line number="2179" hits="0"/>
						<line number="2180" hits="0"/>
						<line number="2181" hits="0"/>
						<line number="2182" hits="0"/>
						<line number="2183" hits="0"/>
						<line number="2184" hits="0"/>
						<line number="2185" hits="0"/>
						<line number="2186" hits="0"/>
						<line number="2187" hits="0"/>
						<line number="2188" hits="0"/>
						<line number="2189" hits="0"/>
						<line number="2190" hits="0"/>
						<line number="2191" hits="0"/>
						<line number="2192" hits="0"/>
						<line number="2193" hits="0"/>
						<line number="2194" hits="0"/>
						<line number="2195" hits="0"/>
						<line number="2196" hits="0"/>
						<line number="2197" hits="0"/>
						<line number="2198" hits="0"/>
						<line number="2199" hits="0"/>
						<line number="2200" hits="0"/>
						<line number="2201" hits="0"/>
						<line number="2202" hits="0"/>
						<line number="2204" hits="0"/>
						<line number="2211" hits="0"/>
						<line number="2212" hits="0"/>
						<line number="2213" hits="0"/>
						<line number="2214" hits="0"/>
						<line number="2215" hits="0"/>
						<line number="2216" hits="0"/>
						<line number="2217" hits="0"/>
						<line number="2218" hits="0"/>
						<line number="2219" hits="0"/>
						<line number="2221" hits="0"/>
						<line number="2241" hits="0"/>
						<line number="2261" hits="0"/>
						<line number="2262" hits="0"/>
						<line number="2263" hits="0"/>
						<line number="2264" hits="0"/>
						<line number="2265" hits="0"/>
						<line number="2266" hits="0"/>
						<line number="2267" hits="0"/>
						<line number="2268" hits="0"/>
						<line number="2269" hits="0"/>
						<line number="2271" hits="0"/>
						<line number="2272" hits="0"/>
						<line number="2273" hits="0"/>
						<line number="2274" hits="0"/>
						<line number="2275" hits="0"/>
						<line number="2276" hits="0"/>
						<line number="2277" hits="0"/>
						<line number="2278" hits="0"/>
						<line number="2279" hits="0"/>
						<line number="2280" hits="0"/>
						<line number="2281" hits="0"/>
						<line number="2282" hits="0"/>
						<line number="2283" hits="0"/>
						<line number="2284" hits="0"/>
						<line number="2285" hits="0"/>
						<line number="2286" hits="0"/>
						<line number="2287" hits="0"/>
						<line number="2288" hits="0"/>
						<line number="2289" hits="0"/>
						<line number="2290" hits="0"/>
						<line number="2291" hits="0"/>
						<line number="2292" hits="0"/>
						<line number="2293" hits="0"/>
						<line number="2294" hits="0"/>
						<line number="2295" hits="0"/>
						<line number="2296" hits="0"/>
						<line number="2297" hits="0"/>
						<line number="2298" hits="0"/>
						<line number="2299" hits="0"/>
						<line number="2300" hits="0"/>
						<line number="2301" hits="0"/>
						<line number="2302" hits="0"/>
						<line number="2303" hits="0"/>
						<line number="2304" hits="0"/>
						<line number="2305" hits="0"/>
						<line number="2306" hits="0"/>
						<line number="2307" hits="0"/>
						<line number="2308" hits="0"/>
						<line number="2309" hits="0"/>
						<line number="2310" hits="0"/>
						<line number="2311" hits="0"/>
						<line number="2312" hits="0"/>
						<line number="2313" hits="0"/>
						<line number="2314" hits="0"/>
						<line number="2315" hits="0"/>
						<line number="2316" hits="0"/>
						<line number="2317" hits="0"/>
						<line number="2318" hits="0"/>
						<line number="2319" hits="0"/>
						<line number="2320" hits="0"/>
						<line number="2321" hits="0"/>
						<line number="2322" hits="0"/>
						<line number="2323" hits="0"/>
						<line number="2324" hits="0"/>
						<line number="2325" hits="0"/>
						<line number="2326" hits="0"/>
						<line number="2327" hits="0"/>
						<line number="2328" hits="0"/>
						<line number="2329" hits="0"/>
						<line number="2330" hits="0"/>
						<line number="2331" hits="0"/>
						<line number="2334" hits="1"/>
						<line number="2338" hits="0"/>
						<line number="2339" hits="0"/>
						<line number="2340" hits="0"/>
						<line number="2342" hits="0"/>
						<line number="2343" hits="0"/>
						<line number="2344" hits="0"/>
						<line number="2345" hits="0"/>
						<line number="2346" hits="0"/>
						<line number="2347" hits="0"/>
						<line number="2349" hits="0"/>
						<line number="2356" hits="0"/>
						<line number="2357" hits="0"/>
						<line number="2358" hits="0"/>
						<line number="2359" hits="0"/>
						<line number="2360" hits="0"/>
						<line number="2361" hits="0"/>
						<line number="2362" hits="0"/>
						<line number="2363" hits="0"/>
						<line number="2364" hits="0"/>
						<line number="2370" hits="0"/>
						<line number="2371" hits="0"/>
						<line number="2376" hits="0"/>
						<line number="2379" hits="1"/>
						<line number="2382" hits="0"/>
						<line number="2383" hits="0"/>
						<line number="2384" hits="0"/>
						<line number="2386" hits="0"/>
						<line number="2387" hits="0"/>
						<line number="2390" hits="0"/>
						<line number="2399" hits="0"/>
						<line number="2402" hits="0"/>
						<line number="2410" hits="0"/>
						<line number="2412" hits="0"/>
						<line number="2413" hits="0"/>
						<line number="2414" hits="0"/>
						<line number="2415" hits="0"/>
						<line number="2416" hits="0"/>
						<line number="2419" hits="0"/>
						<line number="2420" hits="0"/>
						<line number="2421" hits="0"/>
						<line number="2422" hits="0"/>
						<line number="2424" hits="0"/>
						<line number="2426" hits="0"/>
						<line number="2427" hits="0"/>
						<line number="2428" hits="0"/>
						<line number="2429" hits="0"/>
						<line number="2430" hits="0"/>
						<line number="2431" hits="0"/>
						<line number="2432" hits="0"/>
						<line number="2433" hits="0"/>
						<line number="2435" hits="0"/>
						<line number="2436" hits="0"/>
						<line number="2437" hits="0"/>
						<line number="2438" hits="0"/>
						<line number="2439" hits="0"/>
						<line number="2440" hits="0"/>
						<line number="2441" hits="0"/>
						<line number="2442" hits="0"/>
						<line number="2443" hits="0"/>
						<line number="2444" hits="0"/>
						<line number="2445" hits="0"/>
						<line number="2446" hits="0"/>
						<line number="2447" hits="0"/>
						<line number="2449" hits="0"/>
						<line number="2450" hits="0"/>
						<line number="2452" hits="0"/>
						<line number="2453" hits="0"/>
						<line number="2454" hits="0"/>
						<line number="2460" hits="0"/>
						<line number="2461" hits="0"/>
						<line number="2462" hits="0"/>
						<line number="2463" hits="0"/>
						<line number="2464" hits="0"/>
						<line number="2469" hits="0"/>
						<line number="2470" hits="0"/>
						<line number="2472" hits="0"/>
						<line number="2474" hits="0"/>
						<line number="2475" hits="0"/>
						<line number="2477" hits="0"/>
						<line number="2478" hits="0"/>
						<line number="2480" hits="0"/>
						<line number="2481" hits="0"/>
						<line number="2483" hits="0"/>
						<line number="2499" hits="0"/>
						<line number="2513" hits="0"/>
						<line number="2515" hits="0"/>
						<line number="2516" hits="0"/>
						<line number="2517" hits="0"/>
						<line number="2518" hits="0"/>
						<line number="2519" hits="0"/>
						<line number="2522" hits="1"/>
						<line number="2525" hits="0"/>
						<line number="2526" hits="0"/>
						<line number="2527" hits="0"/>
						<line number="2529" hits="0"/>
						<line number="2530" hits="0"/>
						<line number="2531" hits="0"/>
						<line number="2539" hits="0"/>
						<line number="2540" hits="0"/>
						<line number="2541" hits="0"/>
						<line number="2542" hits="0"/>
						<line number="2543" hits="0"/>
						<line number="2544" hits="0"/>
						<line number="2545" hits="0"/>
						<line number="2546" hits="0"/>
						<line number="2547" hits="0"/>
						<line number="2548" hits="0"/>
						<line number="2550" hits="0"/>
						<line number="2551" hits="0"/>
						<line number="2552" hits="0"/>
						<line number="2553" hits="0"/>
						<line number="2556" hits="1"/>
						<line number="2560" hits="0"/>
						<line number="2561" hits="0"/>
						<line number="2564" hits="0"/>
						<line number="2566" hits="0"/>
						<line number="2575" hits="0"/>
						<line number="2576" hits="0"/>
						<line number="2577" hits="0"/>
						<line number="2588" hits="0"/>
						<line number="2590" hits="0"/>
						<line number="2592" hits="0"/>
						<line number="2593" hits="0"/>
						<line number="2594" hits="0"/>
						<line number="2596" hits="0"/>
						<line number="2597" hits="0"/>
						<line number="2598" hits="0"/>
						<line number="2599" hits="0"/>
						<line number="2600" hits="0"/>
						<line number="2601" hits="0"/>
						<line number="2602" hits="0"/>
						<line number="2603" hits="0"/>
						<line number="2604" hits="0"/>
						<line number="2606" hits="0"/>
						<line number="2608" hits="0"/>
						<line number="2610" hits="0"/>
						<line number="2611" hits="0"/>
						<line number="2612" hits="0"/>
						<line number="2613" hits="0"/>
						<line number="2614" hits="0"/>
						<line number="2615" hits="0"/>
						<line number="2616" hits="0"/>
						<line number="2617" hits="0"/>
						<line number="2618" hits="0"/>
						<line number="2619" hits="0"/>
						<line number="2620" hits="0"/>
						<line number="2622" hits="0"/>
						<line number="2624" hits="0"/>
						<line number="2625" hits="0"/>
						<line number="2626" hits="0"/>
						<line number="2628" hits="0"/>
						<line number="2630" hits="0"/>
						<line number="2631" hits="0"/>
						<line number="2632" hits="0"/>
						<line number="2633" hits="0"/>
						<line number="2634" hits="0"/>
						<line number="2635" hits="0"/>
						<line number="2636" hits="0"/>
						<line number="2637" hits="0"/>
						<line number="2638" hits="0"/>
						<line number="2640" hits="0"/>
						<line number="2641" hits="0"/>
						<line number="2642" hits="0"/>
						<line number="2643" hits="0"/>
						<line number="2644" hits="0"/>
						<line number="2645" hits="0"/>
						<line number="2648" hits="1"/>
						<line number="2660" hits="0"/>
						<line number="2662" hits="0"/>
						<line number="2663" hits="0"/>
						<line number="2671" hits="0"/>
						<line number="2679" hits="0"/>
						<line number="2681" hits="0"/>
						<line number="2682" hits="0"/>
						<line number="2684" hits="0"/>
						<line number="2685" hits="0"/>
						<line number="2686" hits="0"/>
						<line number="2688" hits="0"/>
						<line number="2689" hits="0"/>
						<line number="2691" hits="0"/>
						<line number="2694" hits="0"/>
						<line number="2695" hits="0"/>
						<line number="2696" hits="0"/>
						<line number="2697" hits="0"/>
						<line number="2698" hits="0"/>
						<line number="2709" hits="0"/>
						<line number="2710" hits="0"/>
						<line number="2711" hits="0"/>
						<line number="2712" hits="0"/>
						<line number="2715" hits="1"/>
						<line number="2722" hits="0"/>
						<line number="2723" hits="0"/>
						<line number="2725" hits="0"/>
						<line number="2727" hits="0"/>
						<line number="2728" hits="0"/>
						<line number="2729" hits="0"/>
						<line number="2730" hits="0"/>
						<line number="2734" hits="0"/>
						<line number="2737" hits="0"/>
						<line number="2738" hits="0"/>
						<line number="2739" hits="0"/>
						<line number="2740" hits="0"/>
						<line number="2741" hits="0"/>
						<line number="2742" hits="0"/>
						<line number="2743" hits="0"/>
						<line number="2744" hits="0"/>
						<line number="2746" hits="0"/>
						<line number="2747" hits="0"/>
						<line number="2748" hits="0"/>
						<line number="2749" hits="0"/>
						<line number="2750" hits="0"/>
						<line number="2751" hits="0"/>
						<line number="2752" hits="0"/>
						<line number="2753" hits="0"/>
						<line number="2754" hits="0"/>
						<line number="2755" hits="0"/>
						<line number="2757" hits="0"/>
						<line number="2758" hits="0"/>
						<line number="2760" hits="0"/>
						<line number="2761" hits="0"/>
						<line number="2763" hits="0"/>
						<line number="2764" hits="0"/>
						<line number="2765" hits="0"/>
						<line number="2768" hits="0"/>
						<line number="2769" hits="0"/>
						<line number="2770" hits="0"/>
						<line number="2771" hits="0"/>
						<line number="2772" hits="0"/>
						<line number="2773" hits="0"/>
						<line number="2774" hits="0"/>
						<line number="2776" hits="0"/>
						<line number="2777" hits="0"/>
						<line number="2778" hits="0"/>
						<line number="2779" hits="0"/>
						<line number="2780" hits="0"/>
						<line number="2781" hits="0"/>
						<line number="2782" hits="0"/>
						<line number="2783" hits="0"/>
						<line number="2784" hits="0"/>
						<line number="2785" hits="0"/>
						<line number="2786" hits="0"/>
						<line number="2789" hits="1"/>
						<line number="2793" hits="0"/>
						<line number="2795" hits="0"/>
						<line number="2796" hits="0"/>
						<line number="2797" hits="0"/>
						<line number="2798" hits="0"/>
						<line number="2799" hits="0"/>
						<line number="2800" hits="0"/>
						<line number="2803" hits="1"/>
						<line number="2806" hits="0"/>
						<line number="2807" hits="0"/>
						<line number="2808" hits="0"/>
						<line number="2810" hits="0"/>
						<line number="2811" hits="0"/>
						<line number="2812" hits="0"/>
						<line number="2815" hits="1"/>
						<line number="2841" hits="0"/>
						<line number="2842" hits="0"/>
						<line number="2843" hits="0"/>
						<line number="2846" hits="0"/>
						<line number="2849" hits="0"/>
						<line number="2850" hits="0"/>
						<line number="2852" hits="0"/>
						<line number="2853" hits="0"/>
						<line number="2854" hits="0"/>
						<line number="2855" hits="0"/>
						<line number="2856" hits="0"/>
						<line number="2857" hits="0"/>
						<line number="2858" hits="0"/>
						<line number="2859" hits="0"/>
						<line number="2861" hits="0"/>
						<line number="2862" hits="0"/>
						<line number="2863" hits="0"/>
						<line number="2864" hits="0"/>
						<line number="2875" hits="0"/>
						<line number="2876" hits="0"/>
						<line number="2877" hits="0"/>
						<line number="2878" hits="0"/>
						<line number="2879" hits="0"/>
						<line number="2881" hits="0"/>
						<line number="2882" hits="0"/>
						<line number="2883" hits="0"/>
						<line number="2885" hits="0"/>
						<line number="2886" hits="0"/>
						<line number="2887" hits="0"/>
						<line number="2889" hits="0"/>
						<line number="2890" hits="0"/>
						<line number="2891" hits="0"/>
						<line number="2892" hits="0"/>
						<line number="2898" hits="0"/>
						<line number="2899" hits="0"/>
						<line number="2904" hits="0"/>
						<line number="2908" hits="0"/>
						<line number="2909" hits="0"/>
						<line number="2910" hits="0"/>
						<line number="2911" hits="0"/>
						<line number="2912" hits="0"/>
						<line number="2913" hits="0"/>
						<line number="2914" hits="0"/>
						<line number="2915" hits="0"/>
						<line number="2916" hits="0"/>
						<line number="2917" hits="0"/>
						<line number="2918" hits="0"/>
						<line number="2919" hits="0"/>
						<line number="2921" hits="0"/>
						<line number="2923" hits="0"/>
						<line number="2924" hits="0"/>
						<line number="2925" hits="0"/>
						<line number="2926" hits="0"/>
						<line number="2927" hits="0"/>
						<line number="2928" hits="0"/>
						<line number="2929" hits="0"/>
						<line number="2930" hits="0"/>
						<line number="2931" hits="0"/>
						<line number="2932" hits="0"/>
						<line number="2933" hits="0"/>
						<line number="2934" hits="0"/>
						<line number="2935" hits="0"/>
						<line number="2936" hits="0"/>
						<line number="2937" hits="0"/>
						<line number="2938" hits="0"/>
						<line number="2939" hits="0"/>
						<line number="2940" hits="0"/>
						<line number="2941" hits="0"/>
						<line number="2942" hits="0"/>
						<line number="2943" hits="0"/>
						<line number="2944" hits="0"/>
						<line number="2945" hits="0"/>
						<line number="2946" hits="0"/>
						<line number="2947" hits="0"/>
						<line number="2948" hits="0"/>
						<line number="2949" hits="0"/>
						<line number="2950" hits="0"/>
						<line number="2951" hits="0"/>
						<line number="2952" hits="0"/>
						<line number="2954" hits="0"/>
						<line number="2955" hits="0"/>
						<line number="2958" hits="1"/>
						<line number="2961" hits="0"/>
						<line number="2963" hits="0"/>
						<line number="2964" hits="0"/>
						<line number="2965" hits="0"/>
						<line number="2966" hits="0"/>
						<line number="2967" hits="0"/>
						<line number="2968" hits="0"/>
						<line number="2969" hits="0"/>
						<line number="2970" hits="0"/>
						<line number="2972" hits="0"/>
						<line number="2973" hits="0"/>
						<line number="2974" hits="0"/>
						<line number="2975" hits="0"/>
						<line number="2976" hits="0"/>
						<line number="2977" hits="0"/>
						<line number="2980" hits="0"/>
						<line number="2982" hits="0"/>
						<line number="2983" hits="0"/>
						<line number="2984" hits="0"/>
						<line number="2985" hits="0"/>
						<line number="2986" hits="0"/>
						<line number="2988" hits="0"/>
						<line number="2989" hits="0"/>
						<line number="2992" hits="1"/>
						<line number="2999" hits="0"/>
						<line number="3001" hits="0"/>
						<line number="3002" hits="0"/>
						<line number="3003" hits="0"/>
						<line number="3005" hits="0"/>
						<line number="3006" hits="0"/>
						<line number="3007" hits="0"/>
						<line number="3008" hits="0"/>
						<line number="3009" hits="0"/>
						<line number="3010" hits="0"/>
						<line number="3012" hits="0"/>
						<line number="3013" hits="0"/>
						<line number="3015" hits="0"/>
						<line number="3018" hits="1"/>
						<line number="3021" hits="0"/>
						<line number="3022" hits="0"/>
						<line number="3024" hits="0"/>
						<line number="3025" hits="0"/>
						<line number="3026" hits="0"/>
						<line number="3027" hits="0"/>
						<line number="3028" hits="0"/>
						<line number="3029" hits="0"/>
						<line number="3032" hits="0"/>
						<line number="3033" hits="0"/>
						<line number="3036" hits="1"/>
						<line number="3040" hits="0"/>
						<line number="3041" hits="0"/>
						<line number="3042" hits="0"/>
						<line number="3044" hits="0"/>
						<line number="3045" hits="0"/>
						<line number="3046" hits="0"/>
						<line number="3047" hits="0"/>
						<line number="3048" hits="0"/>
						<line number="3049" hits="0"/>
						<line number="3050" hits="0"/>
						<line number="3051" hits="0"/>
						<line number="3053" hits="0"/>
						<line number="3055" hits="0"/>
						<line number="3057" hits="0"/>
						<line number="3058" hits="0"/>
						<line number="3059" hits="0"/>
						<line number="3061" hits="0"/>
						<line number="3064" hits="0"/>
						<line number="3074" hits="0"/>
						<line number="3075" hits="0"/>
						<line number="3076" hits="0"/>
						<line number="3086" hits="0"/>
						<line number="3087" hits="0"/>
						<line number="3088" hits="0"/>
						<line number="3098" hits="0"/>
						<line number="3099" hits="0"/>
						<line number="3100" hits="0"/>
						<line number="3101" hits="0"/>
						<line number="3102" hits="0"/>
						<line number="3103" hits="0"/>
						<line number="3104" hits="0"/>
						<line number="3116" hits="0"/>
						<line number="3117" hits="0"/>
						<line number="3129" hits="0"/>
						<line number="3155" hits="1"/>
						<line number="3159" hits="0"/>
						<line number="3160" hits="0"/>
						<line number="3164" hits="0"/>
						<line number="3165" hits="0"/>
						<line number="3167" hits="0"/>
						<line number="3168" hits="0"/>
						<line number="3170" hits="0"/>
						<line number="3171" hits="0"/>
						<line number="3172" hits="0"/>
						<line number="3174" hits="0"/>
						<line number="3175" hits="0"/>
						<line number="3176" hits="0"/>
						<line number="3177" hits="0"/>
						<line number="3178" hits="0"/>
						<line number="3179" hits="0"/>
						<line number="3180" hits="0"/>
						<line number="3181" hits="0"/>
						<line number="3184" hits="0"/>
						<line number="3185" hits="0"/>
						<line number="3186" hits="0"/>
						<line number="3187" hits="0"/>
						<line number="3188" hits="0"/>
						<line number="3190" hits="0"/>
						<line number="3191" hits="0"/>
						<line number="3192" hits="0"/>
						<line number="3193" hits="0"/>
						<line number="3194" hits="0"/>
						<line number="3195" hits="0"/>
						<line number="3196" hits="0"/>
						<line number="3197" hits="0"/>
						<line number="3198" hits="0"/>
						<line number="3199" hits="0"/>
						<line number="3201" hits="0"/>
						<line number="3202" hits="0"/>
						<line number="3203" hits="0"/>
						<line number="3204" hits="0"/>
						<line number="3205" hits="0"/>
						<line number="3207" hits="0"/>
						<line number="3218" hits="0"/>
						<line number="3219" hits="0"/>
						<line number="3220" hits="0"/>
						<line number="3221" hits="0"/>
						<line number="3222" hits="0"/>
						<line number="3224" hits="0"/>
						<line number="3225" hits="0"/>
						<line number="3226" hits="0"/>
						<line number="3227" hits="0"/>
						<line number="3228" hits="0"/>
						<line number="3229" hits="0"/>
						<line number="3232" hits="0"/>
						<line number="3245" hits="0"/>
						<line number="3247" hits="0"/>
						<line number="3248" hits="0"/>
						<line number="3250" hits="0"/>
						<line number="3251" hits="0"/>
						<line number="3252" hits="0"/>
						<line number="3253" hits="0"/>
						<line number="3254" hits="0"/>
						<line number="3255" hits="0"/>
						<line number="3257" hits="0"/>
						<line number="3258" hits="0"/>
						<line number="3259" hits="0"/>
						<line number="3260" hits="0"/>
						<line number="3261" hits="0"/>
						<line number="3262" hits="0"/>
						<line number="3264" hits="0"/>
						<line number="3265" hits="0"/>
						<line number="3266" hits="0"/>
						<line number="3267" hits="0"/>
						<line number="3268" hits="0"/>
						<line number="3269" hits="0"/>
						<line number="3271" hits="0"/>
						<line number="3274" hits="0"/>
						<line number="3277" hits="0"/>
						<line number="3279" hits="0"/>
						<line number="3281" hits="0"/>
						<line number="3282" hits="0"/>
						<line number="3284" hits="0"/>
						<line number="3285" hits="0"/>
						<line number="3286" hits="0"/>
						<line number="3287" hits="0"/>
						<line number="3289" hits="0"/>
						<line number="3301" hits="0"/>
						<line number="3313" hits="0"/>
						<line number="3326" hits="0"/>
						<line number="3327" hits="0"/>
						<line number="3328" hits="0"/>
						<line number="3329" hits="0"/>
						<line number="3330" hits="0"/>
						<line number="3331" hits="0"/>
						<line number="3335" hits="1"/>
						<line number="3338" hits="0"/>
						<line number="3339" hits="0"/>
						<line number="3340" hits="0"/>
						<line number="3341" hits="0"/>
						<line number="3343" hits="0"/>
						<line number="3344" hits="0"/>
						<line number="3345" hits="0"/>
						<line number="3347" hits="0"/>
						<line number="3348" hits="0"/>
						<line number="3349" hits="0"/>
						<line number="3350" hits="0"/>
						<line number="3351" hits="0"/>
						<line number="3352" hits="0"/>
						<line number="3353" hits="0"/>
						<line number="3355" hits="0"/>
						<line number="3356" hits="0"/>
						<line number="3357" hits="0"/>
						<line number="3359" hits="0"/>
						<line number="3360" hits="0"/>
						<line number="3361" hits="0"/>
						<line number="3362" hits="0"/>
						<line number="3363" hits="0"/>
						<line number="3364" hits="0"/>
						<line number="3365" hits="0"/>
						<line number="3366" hits="0"/>
						<line number="3367" hits="0"/>
						<line number="3372" hits="0"/>
						<line number="3374" hits="0"/>
						<line number="3375" hits="0"/>
						<line number="3376" hits="0"/>
						<line number="3377" hits="0"/>
						<line number="3378" hits="0"/>
						<line number="3379" hits="0"/>
						<line number="3380" hits="0"/>
						<line number="3381" hits="0"/>
						<line number="3382" hits="0"/>
						<line number="3383" hits="0"/>
						<line number="3384" hits="0"/>
						<line number="3386" hits="0"/>
						<line number="3387" hits="0"/>
						<line number="3388" hits="0"/>
						<line number="3389" hits="0"/>
						<line number="3391" hits="0"/>
						<line number="3403" hits="0"/>
						<line number="3404" hits="0"/>
						<line number="3405" hits="0"/>
						<line number="3406" hits="0"/>
						<line number="3407" hits="0"/>
						<line number="3409" hits="0"/>
						<line number="3417" hits="0"/>
						<line number="3419" hits="0"/>
						<line number="3420" hits="0"/>
						<line number="3421" hits="0"/>
						<line number="3426" hits="0"/>
						<line number="3427" hits="0"/>
						<line number="3428" hits="0"/>
						<line number="3429" hits="0"/>
						<line number="3431" hits="0"/>
						<line number="3432" hits="0"/>
						<line number="3433" hits="0"/>
						<line number="3434" hits="0"/>
						<line number="3436" hits="0"/>
						<line number="3438" hits="0"/>
						<line number="3439" hits="0"/>
						<line number="3441" hits="0"/>
						<line number="3442" hits="0"/>
						<line number="3443" hits="0"/>
						<line number="3444" hits="0"/>
						<line number="3445" hits="0"/>
						<line number="3446" hits="0"/>
						<line number="3448" hits="0"/>
						<line number="3450" hits="0"/>
						<line number="3451" hits="0"/>
						<line number="3452" hits="0"/>
						<line number="3453" hits="0"/>
						<line number="3455" hits="0"/>
						<line number="3456" hits="0"/>
						<line number="3457" hits="0"/>
						<line number="3458" hits="0"/>
						<line number="3459" hits="0"/>
						<line number="3461" hits="0"/>
						<line number="3462" hits="0"/>
						<line number="3463" hits="0"/>
						<line number="3464" hits="0"/>
						<line number="3466" hits="0"/>
						<line number="3468" hits="0"/>
						<line number="3469" hits="0"/>
						<line number="3471" hits="0"/>
						<line number="3472" hits="0"/>
						<line number="3473" hits="0"/>
						<line number="3474" hits="0"/>
						<line number="3475" hits="0"/>
						<line number="3476" hits="0"/>
						<line number="3477" hits="0"/>
						<line number="3479" hits="0"/>
						<line number="3480" hits="0"/>
						<line number="3481" hits="0"/>
						<line number="3484" hits="0"/>
						<line number="3485" hits="0"/>
						<line number="3486" hits="0"/>
						<line number="3487" hits="0"/>
						<line number="3489" hits="0"/>
						<line number="3490" hits="0"/>
						<line number="3492" hits="0"/>
						<line number="3493" hits="0"/>
						<line number="3494" hits="0"/>
						<line number="3496" hits="0"/>
						<line number="3506" hits="0"/>
						<line number="3507" hits="0"/>
						<line number="3508" hits="0"/>
						<line number="3509" hits="0"/>
						<line number="3510" hits="0"/>
						<line number="3511" hits="0"/>
						<line number="3512" hits="0"/>
						<line number="3513" hits="0"/>
						<line number="3514" hits="0"/>
						<line number="3515" hits="0"/>
						<line number="3516" hits="0"/>
						<line number="3519" hits="0"/>
						<line number="3521" hits="0"/>
						<line number="3522" hits="0"/>
						<line number="3523" hits="0"/>
						<line number="3524" hits="0"/>
						<line number="3525" hits="0"/>
						<line number="3526" hits="0"/>
						<line number="3527" hits="0"/>
						<line number="3528" hits="0"/>
						<line number="3529" hits="0"/>
						<line number="3539" hits="0"/>
						<line number="3540" hits="0"/>
						<line number="3541" hits="0"/>
						<line number="3552" hits="0"/>
						<line number="3553" hits="0"/>
						<line number="3554" hits="0"/>
						<line number="3557" hits="1"/>
						<line number="3560" hits="0"/>
						<line number="3561" hits="0"/>
						<line number="3563" hits="0"/>
						<line number="3565" hits="0"/>
						<line number="3566" hits="0"/>
						<line number="3567" hits="0"/>
						<line number="3569" hits="0"/>
						<line number="3570" hits="0"/>
						<line number="3571" hits="0"/>
						<line number="3572" hits="0"/>
						<line number="3573" hits="0"/>
						<line number="3574" hits="0"/>
						<line number="3576" hits="0"/>
						<line number="3577" hits="0"/>
						<line number="3578" hits="0"/>
						<line number="3579" hits="0"/>
						<line number="3580" hits="0"/>
						<line number="3582" hits="0"/>
						<line number="3584" hits="0"/>
						<line number="3585" hits="0"/>
						<line number="3586" hits="0"/>
						<line number="3587" hits="0"/>
						<line number="3594" hits="0"/>
						<line number="3595" hits="0"/>
						<line number="3596" hits="0"/>
						<line number="3598" hits="0"/>
						<line number="3599" hits="0"/>
						<line number="3605" hits="0"/>
						<line number="3606" hits="0"/>
						<line number="3608" hits="0"/>
						<line number="3609" hits="0"/>
						<line number="3610" hits="0"/>
						<line number="3611" hits="0"/>
						<line number="3613" hits="0"/>
						<line number="3614" hits="0"/>
						<line number="3615" hits="0"/>
						<line number="3616" hits="0"/>
						<line number="3624" hits="0"/>
						<line number="3633" hits="0"/>
						<line number="3636" hits="0"/>
						<line number="3639" hits="0"/>
						<line number="3640" hits="0"/>
						<line number="3643" hits="1"/>
						<line number="3646" hits="0"/>
						<line number="3647" hits="0"/>
						<line number="3649" hits="0"/>
						<line number="3650" hits="0"/>
						<line number="3653" hits="0"/>
						<line number="3654" hits="0"/>
						<line number="3655" hits="0"/>
						<line number="3657" hits="0"/>
						<line number="3658" hits="0"/>
						<line number="3659" hits="0"/>
						<line number="3660" hits="0"/>
						<line number="3661" hits="0"/>
						<line number="3662" hits="0"/>
						<line number="3663" hits="0"/>
						<line number="3664" hits="0"/>
						<line number="3665" hits="0"/>
						<line number="3667" hits="0"/>
						<line number="3668" hits="0"/>
						<line number="3669" hits="0"/>
						<line number="3670" hits="0"/>
						<line number="3671" hits="0"/>
						<line number="3673" hits="0"/>
						<line number="3674" hits="0"/>
						<line number="3675" hits="0"/>
						<line number="3676" hits="0"/>
						<line number="3677" hits="0"/>
						<line number="3678" hits="0"/>
						<line number="3679" hits="0"/>
						<line number="3681" hits="0"/>
						<line number="3682" hits="0"/>
						<line number="3691" hits="0"/>
						<line number="3701" hits="0"/>
						<line number="3702" hits="0"/>
						<line number="3705" hits="1"/>
						<line number="3708" hits="0"/>
						<line number="3709" hits="0"/>
						<line number="3710" hits="0"/>
						<line number="3711" hits="0"/>
						<line number="3712" hits="0"/>
						<line number="3713" hits="0"/>
						<line number="3714" hits="0"/>
						<line number="3715" hits="0"/>
						<line number="3717" hits="0"/>
						<line number="3718" hits="0"/>
						<line number="3719" hits="0"/>
						<line number="3720" hits="0"/>
						<line number="3721" hits="0"/>
						<line number="3722" hits="0"/>
						<line number="3723" hits="0"/>
						<line number="3724" hits="0"/>
						<line number="3726" hits="0"/>
						<line number="3728" hits="0"/>
						<line number="3729" hits="0"/>
						<line number="3730" hits="0"/>
						<line number="3731" hits="0"/>
						<line number="3733" hits="0"/>
						<line number="3735" hits="0"/>
						<line number="3736" hits="0"/>
						<line number="3737" hits="0"/>
						<line number="3739" hits="0"/>
						<line number="3762" hits="0"/>
						<line number="3763" hits="0"/>
						<line number="3764" hits="0"/>
						<line number="3766" hits="0"/>
						<line number="3767" hits="0"/>
						<line number="3768" hits="0"/>
						<line number="3770" hits="0"/>
						<line number="3773" hits="0"/>
						<line number="3774" hits="0"/>
						<line number="3775" hits="0"/>
						<line number="3776" hits="0"/>
						<line number="3778" hits="0"/>
						<line number="3779" hits="0"/>
						<line number="3781" hits="0"/>
						<line number="3782" hits="0"/>
						<line number="3783" hits="0"/>
[...]
						<line number="10232" hits="0"/>
						<line number="10238" hits="0"/>
						<line number="10240" hits="0"/>
						<line number="10241" hits="0"/>
						<line number="10256" hits="0"/>
						<line number="10258" hits="0"/>
						<line number="10260" hits="0"/>
						<line number="10268" hits="0"/>
						<line number="10270" hits="0"/>
						<line number="10271" hits="0"/>
						<line number="10274" hits="1"/>
						<line number="10277" hits="0"/>
						<line number="10278" hits="0"/>
						<line number="10280" hits="0"/>
						<line number="10295" hits="0"/>
						<line number="10297" hits="0"/>
						<line number="10301" hits="0"/>
						<line number="10310" hits="0"/>
						<line number="10312" hits="0"/>
						<line number="10314" hits="0"/>
						<line number="10327" hits="0"/>
						<line number="10329" hits="0"/>
						<line number="10330" hits="0"/>
						<line number="10332" hits="0"/>
						<line number="10344" hits="0"/>
						<line number="10346" hits="0"/>
						<line number="10347" hits="0"/>
						<line number="10348" hits="0"/>
						<line number="10351" hits="0"/>
						<line number="10353" hits="0"/>
						<line number="10354" hits="0"/>
						<line number="10356" hits="0"/>
						<line number="10365" hits="0"/>
						<line number="10367" hits="0"/>
						<line number="10368" hits="0"/>
						<line number="10369" hits="0"/>
						<line number="10370" hits="0"/>
						<line number="10371" hits="0"/>
						<line number="10372" hits="0"/>
						<line number="10373" hits="0"/>
						<line number="10374" hits="0"/>
						<line number="10377" hits="0"/>
						<line number="10378" hits="0"/>
						<line number="10379" hits="0"/>
						<line number="10381" hits="0"/>
						<line number="10383" hits="0"/>
						<line number="10402" hits="0"/>
						<line number="10404" hits="0"/>
						<line number="10405" hits="0"/>
						<line number="10406" hits="0"/>
						<line number="10407" hits="0"/>
						<line number="10408" hits="0"/>
						<line number="10416" hits="0"/>
						<line number="10417" hits="0"/>
						<line number="10418" hits="0"/>
						<line number="10446" hits="0"/>
						<line number="10447" hits="0"/>
						<line number="10449" hits="0"/>
						<line number="10456" hits="0"/>
						<line number="10458" hits="0"/>
						<line number="10461" hits="1"/>
						<line number="10464" hits="0"/>
						<line number="10466" hits="0"/>
						<line number="10467" hits="0"/>
						<line number="10476" hits="0"/>
						<line number="10479" hits="0"/>
						<line number="10480" hits="0"/>
						<line number="10481" hits="0"/>
						<line number="10483" hits="0"/>
						<line number="10484" hits="0"/>
						<line number="10485" hits="0"/>
						<line number="10486" hits="0"/>
						<line number="10487" hits="0"/>
						<line number="10488" hits="0"/>
						<line number="10489" hits="0"/>
						<line number="10490" hits="0"/>
						<line number="10491" hits="0"/>
						<line number="10492" hits="0"/>
						<line number="10493" hits="0"/>
						<line number="10494" hits="0"/>
						<line number="10495" hits="0"/>
						<line number="10496" hits="0"/>
						<line number="10499" hits="0"/>
						<line number="10515" hits="0"/>
						<line number="10517" hits="0"/>
						<line number="10518" hits="0"/>
						<line number="10519" hits="0"/>
						<line number="10520" hits="0"/>
						<line number="10521" hits="0"/>
						<line number="10522" hits="0"/>
						<line number="10523" hits="0"/>
						<line number="10524" hits="0"/>
						<line number="10525" hits="0"/>
						<line number="10526" hits="0"/>
						<line number="10527" hits="0"/>
						<line number="10528" hits="0"/>
						<line number="10540" hits="0"/>
						<line number="10551" hits="0"/>
						<line number="10552" hits="0"/>
						<line number="10561" hits="0"/>
						<line number="10562" hits="0"/>
						<line number="10565" hits="1"/>
						<line number="10569" hits="0"/>
						<line number="10570" hits="0"/>
						<line number="10571" hits="0"/>
						<line number="10572" hits="0"/>
						<line number="10573" hits="0"/>
						<line number="10580" hits="0"/>
						<line number="10582" hits="0"/>
						<line number="10584" hits="0"/>
						<line number="10585" hits="0"/>
						<line number="10586" hits="0"/>
						<line number="10587" hits="0"/>
						<line number="10588" hits="0"/>
						<line number="10590" hits="0"/>
						<line number="10591" hits="0"/>
						<line number="10596" hits="0"/>
						<line number="10597" hits="0"/>
						<line number="10598" hits="0"/>
						<line number="10599" hits="0"/>
						<line number="10600" hits="0"/>
						<line number="10601" hits="0"/>
						<line number="10602" hits="0"/>
						<line number="10604" hits="0"/>
						<line number="10605" hits="0"/>
						<line number="10606" hits="0"/>
						<line number="10607" hits="0"/>
						<line number="10608" hits="0"/>
						<line number="10609" hits="0"/>
						<line number="10610" hits="0"/>
						<line number="10611" hits="0"/>
						<line number="10617" hits="0"/>
						<line number="10618" hits="0"/>
						<line number="10619" hits="0"/>
						<line number="10622" hits="1"/>
						<line number="10626" hits="0"/>
						<line number="10627" hits="0"/>
						<line number="10628" hits="0"/>
						<line number="10630" hits="0"/>
						<line number="10631" hits="0"/>
						<line number="10632" hits="0"/>
						<line number="10633" hits="0"/>
						<line number="10634" hits="0"/>
						<line number="10635" hits="0"/>
						<line number="10636" hits="0"/>
						<line number="10637" hits="0"/>
						<line number="10638" hits="0"/>
						<line number="10639" hits="0"/>
						<line number="10640" hits="0"/>
						<line number="10641" hits="0"/>
						<line number="10642" hits="0"/>
						<line number="10643" hits="0"/>
						<line number="10644" hits="0"/>
						<line number="10646" hits="0"/>
						<line number="10647" hits="0"/>
						<line number="10648" hits="0"/>
						<line number="10652" hits="0"/>
						<line number="10653" hits="0"/>
						<line number="10654" hits="0"/>
						<line number="10656" hits="0"/>
						<line number="10664" hits="0"/>
						<line number="10673" hits="0"/>
						<line number="10674" hits="0"/>
						<line number="10675" hits="0"/>
						<line number="10676" hits="0"/>
						<line number="10677" hits="0"/>
						<line number="10680" hits="1"/>
						<line number="10683" hits="0"/>
						<line number="10684" hits="0"/>
						<line number="10685" hits="0"/>
						<line number="10687" hits="0"/>
						<line number="10688" hits="0"/>
						<line number="10689" hits="0"/>
						<line number="10690" hits="0"/>
						<line number="10691" hits="0"/>
						<line number="10692" hits="0"/>
						<line number="10699" hits="0"/>
						<line number="10706" hits="0"/>
						<line number="10709" hits="0"/>
						<line number="10710" hits="0"/>
						<line number="10712" hits="0"/>
						<line number="10713" hits="0"/>
						<line number="10716" hits="0"/>
						<line number="10717" hits="0"/>
						<line number="10719" hits="0"/>
						<line number="10736" hits="0"/>
						<line number="10753" hits="0"/>
						<line number="10770" hits="0"/>
						<line number="10771" hits="0"/>
						<line number="10772" hits="0"/>
						<line number="10773" hits="0"/>
						<line number="10774" hits="0"/>
						<line number="10775" hits="0"/>
						<line number="10779" hits="0"/>
						<line number="10780" hits="0"/>
						<line number="10789" hits="0"/>
						<line number="10790" hits="0"/>
						<line number="10791" hits="0"/>
						<line number="10792" hits="0"/>
						<line number="10801" hits="0"/>
						<line number="10802" hits="0"/>
						<line number="10804" hits="0"/>
						<line number="10805" hits="0"/>
						<line number="10806" hits="0"/>
						<line number="10807" hits="0"/>
						<line number="10808" hits="0"/>
						<line number="10809" hits="0"/>
						<line number="10810" hits="0"/>
						<line number="10811" hits="0"/>
						<line number="10812" hits="0"/>
						<line number="10813" hits="0"/>
						<line number="10814" hits="0"/>
						<line number="10815" hits="0"/>
						<line number="10816" hits="0"/>
						<line number="10817" hits="0"/>
						<line number="10818" hits="0"/>
						<line number="10819" hits="0"/>
						<line number="10821" hits="0"/>
						<line number="10822" hits="0"/>
						<line number="10823" hits="0"/>
						<line number="10824" hits="0"/>
						<line number="10827" hits="1"/>
						<line number="10830" hits="0"/>
						<line number="10831" hits="0"/>
						<line number="10833" hits="0"/>
						<line number="10834" hits="0"/>
						<line number="10835" hits="0"/>
						<line number="10836" hits="0"/>
						<line number="10843" hits="0"/>
						<line number="10844" hits="0"/>
						<line number="10846" hits="0"/>
						<line number="10847" hits="0"/>
						<line number="10848" hits="0"/>
						<line number="10849" hits="0"/>
						<line number="10850" hits="0"/>
						<line number="10851" hits="0"/>
						<line number="10852" hits="0"/>
						<line number="10853" hits="0"/>
						<line number="10854" hits="0"/>
						<line number="10855" hits="0"/>
						<line number="10856" hits="0"/>
						<line number="10857" hits="0"/>
						<line number="10858" hits="0"/>
						<line number="10859" hits="0"/>
						<line number="10860" hits="0"/>
						<line number="10861" hits="0"/>
						<line number="10862" hits="0"/>
						<line number="10863" hits="0"/>
						<line number="10864" hits="0"/>
						<line number="10901" hits="1"/>
						<line number="10905" hits="0"/>
						<line number="10906" hits="0"/>
						<line number="10911" hits="0"/>
						<line number="10912" hits="0"/>
						<line number="10913" hits="0"/>
						<line number="10914" hits="0"/>
						<line number="10916" hits="0"/>
						<line number="10917" hits="0"/>
						<line number="10918" hits="0"/>
						<line number="10919" hits="0"/>
						<line number="10920" hits="0"/>
						<line number="10921" hits="0"/>
						<line number="10922" hits="0"/>
						<line number="10923" hits="0"/>
						<line number="10924" hits="0"/>
						<line number="10925" hits="0"/>
						<line number="10926" hits="0"/>
						<line number="10927" hits="0"/>
						<line number="10928" hits="0"/>
						<line number="10929" hits="0"/>
						<line number="10930" hits="0"/>
						<line number="10931" hits="0"/>
						<line number="10932" hits="0"/>
						<line number="10934" hits="0"/>
						<line number="10935" hits="0"/>
						<line number="10936" hits="0"/>
						<line number="10937" hits="0"/>
						<line number="10938" hits="0"/>
						<line number="10939" hits="0"/>
						<line number="10940" hits="0"/>
						<line number="10941" hits="0"/>
						<line number="10942" hits="0"/>
						<line number="10943" hits="0"/>
						<line number="10944" hits="0"/>
						<line number="10947" hits="1"/>
						<line number="10949" hits="0"/>
						<line number="10951" hits="0"/>
						<line number="10952" hits="0"/>
						<line number="10953" hits="0"/>
						<line number="10954" hits="0"/>
						<line number="10955" hits="0"/>
						<line number="10956" hits="0"/>
						<line number="10957" hits="0"/>
						<line number="10960" hits="0"/>
						<line number="10961" hits="0"/>
						<line number="10962" hits="0"/>
						<line number="10963" hits="0"/>
						<line number="10965" hits="0"/>
						<line number="10966" hits="0"/>
						<line number="10967" hits="0"/>
						<line number="10968" hits="0"/>
						<line number="10969" hits="0"/>
						<line number="10970" hits="0"/>
						<line number="10971" hits="0"/>
						<line number="10972" hits="0"/>
						<line number="10973" hits="0"/>
						<line number="10974" hits="0"/>
						<line number="10975" hits="0"/>
						<line number="10978" hits="1"/>
						<line number="10981" hits="0"/>
						<line number="10983" hits="0"/>
						<line number="10986" hits="0"/>
						<line number="10989" hits="1"/>
						<line number="10993" hits="0"/>
						<line number="10994" hits="0"/>
						<line number="10995" hits="0"/>
						<line number="10996" hits="0"/>
						<line number="10997" hits="0"/>
						<line number="10999" hits="0"/>
						<line number="11000" hits="0"/>
						<line number="11001" hits="0"/>
						<line number="11002" hits="0"/>
						<line number="11003" hits="0"/>
						<line number="11004" hits="0"/>
						<line number="11005" hits="0"/>
						<line number="11006" hits="0"/>
						<line number="11007" hits="0"/>
						<line number="11008" hits="0"/>
						<line number="11009" hits="0"/>
						<line number="11010" hits="0"/>
						<line number="11011" hits="0"/>
						<line number="11012" hits="0"/>
						<line number="11015" hits="1"/>
						<line number="11018" hits="0"/>
						<line number="11019" hits="0"/>
						<line number="11020" hits="0"/>
						<line number="11021" hits="0"/>
						<line number="11023" hits="0"/>
						<line number="11024" hits="0"/>
						<line number="11025" hits="0"/>
						<line number="11026" hits="0"/>
						<line number="11027" hits="0"/>
						<line number="11028" hits="0"/>
						<line number="11029" hits="0"/>
						<line number="11030" hits="0"/>
						<line number="11031" hits="0"/>
						<line number="11032" hits="0"/>
						<line number="11033" hits="0"/>
						<line number="11034" hits="0"/>
						<line number="11035" hits="0"/>
						<line number="11036" hits="0"/>
						<line number="11037" hits="0"/>
						<line number="11038" hits="0"/>
						<line number="11039" hits="0"/>
						<line number="11041" hits="0"/>
						<line number="11042" hits="0"/>
						<line number="11043" hits="0"/>
						<line number="11044" hits="0"/>
						<line number="11045" hits="0"/>
						<line number="11046" hits="0"/>
						<line number="11049" hits="1"/>
						<line number="11056" hits="0"/>
						<line number="11057" hits="0"/>
						<line number="11058" hits="0"/>
						<line number="11059" hits="0"/>
						<line number="11060" hits="0"/>
						<line number="11061" hits="0"/>
						<line number="11064" hits="0"/>
						<line number="11065" hits="0"/>
						<line number="11066" hits="0"/>
						<line number="11067" hits="0"/>
						<line number="11068" hits="0"/>
						<line number="11069" hits="0"/>
						<line number="11070" hits="0"/>
						<line number="11071" hits="0"/>
						<line number="11072" hits="0"/>
						<line number="11073" hits="0"/>
						<line number="11076" hits="0"/>
						<line number="11077" hits="0"/>
						<line number="11078" hits="0"/>
						<line number="11079" hits="0"/>
						<line number="11080" hits="0"/>
						<line number="11081" hits="0"/>
						<line number="11082" hits="0"/>
						<line number="11088" hits="0"/>
						<line number="11089" hits="0"/>
						<line number="11090" hits="0"/>
						<line number="11091" hits="0"/>
						<line number="11092" hits="0"/>
						<line number="11093" hits="0"/>
						<line number="11094" hits="0"/>
						<line number="11104" hits="0"/>
						<line number="11105" hits="0"/>
						<line number="11106" hits="0"/>
						<line number="11107" hits="0"/>
						<line number="11108" hits="0"/>
						<line number="11109" hits="0"/>
						<line number="11114" hits="1"/>
						<line number="11118" hits="0"/>
						<line number="11153" hits="0"/>
						<line number="11172" hits="0"/>
						<line number="11189" hits="0"/>
						<line number="11190" hits="0"/>
						<line number="11196" hits="0"/>
						<line number="11209" hits="0"/>
						<line number="11210" hits="0"/>
						<line number="11211" hits="0"/>
						<line number="11212" hits="0"/>
						<line number="11217" hits="0"/>
						<line number="11218" hits="0"/>
						<line number="11219" hits="0"/>
						<line number="11220" hits="0"/>
						<line number="11238" hits="0"/>
						<line number="11247" hits="0"/>
						<line number="11248" hits="0"/>
						<line number="11249" hits="0"/>
						<line number="11250" hits="0"/>
						<line number="11251" hits="0"/>
						<line number="11252" hits="0"/>
						<line number="11253" hits="0"/>
						<line number="11255" hits="0"/>
						<line number="11256" hits="0"/>
						<line number="11257" hits="0"/>
						<line number="11259" hits="0"/>
						<line number="11263" hits="0"/>
						<line number="11266" hits="1"/>
						<line number="11267" hits="0"/>
					</lines>
				</class>
			</classes>
		</package>
		<package name="pyds9plugin.testing" line-rate="0.3789" branch-rate="0" complexity="0">
			<classes>
				<class name="test_profile.py" filename="pyds9plugin/testing/test_profile.py" complexity="0" line-rate="0.3789" branch-rate="0">
					<methods/>
					<lines>
						<line number="3" hits="1"/>
						<line number="8" hits="1"/>
						<line number="9" hits="1"/>
						<line number="10" hits="1"/>
						<line number="11" hits="1"/>
						<line number="12" hits="1"/>
						<line number="14" hits="1"/>
						<line number="15" hits="1"/>
						<line number="16" hits="1"/>
						<line number="17" hits="1"/>
						<line number="18" hits="1"/>
						<line number="22" hits="1"/>
						<line number="23" hits="1"/>
						<line number="24" hits="1"/>
						<line number="31" hits="1"/>
						<line number="32" hits="1"/>
						<line number="33" hits="1"/>
						<line number="34" hits="0"/>
						<line number="35" hits="1"/>
						<line number="36" hits="1"/>
						<line number="37" hits="1"/>
						<line number="38" hits="0"/>
						<line number="40" hits="1"/>
						<line number="41" hits="0"/>
						<line number="42" hits="0"/>
						<line number="43" hits="0"/>
						<line number="44" hits="0"/>
						<line number="45" hits="0"/>
						<line number="46" hits="0"/>
						<line number="49" hits="1"/>
						<line number="50" hits="1"/>
						<line number="51" hits="1"/>
						<line number="53" hits="1"/>
						<line number="54" hits="0"/>
						<line number="55" hits="0"/>
						<line number="60" hits="0"/>
						<line number="61" hits="0"/>
						<line number="62" hits="0"/>
						<line number="63" hits="0"/>
						<line number="67" hits="1"/>
						<line number="68" hits="1"/>
						<line number="69" hits="1"/>
						<line number="70" hits="1"/>
						<line number="71" hits="1"/>
						<line number="75" hits="1"/>
						<line number="79" hits="0"/>
						<line number="80" hits="0"/>
						<line number="81" hits="0"/>
						<line number="83" hits="0"/>
						<line number="85" hits="0"/>
						<line number="86" hits="0"/>
						<line number="87" hits="0"/>
						<line number="88" hits="0"/>
						<line number="90" hits="0"/>
						<line number="91" hits="0"/>
						<line number="92" hits="0"/>
						<line number="93" hits="0"/>
						<line number="94" hits="0"/>
						<line number="97" hits="0"/>
						<line number="100" hits="0"/>
						<line number="103" hits="0"/>
						<line number="117" hits="0"/>
						<line number="121" hits="0"/>
						<line number="122" hits="0"/>
						<line number="125" hits="0"/>
						<line number="126" hits="0"/>
						<line number="127" hits="0"/>
						<line number="131" hits="0"/>
						<line number="132" hits="0"/>
						<line number="133" hits="0"/>
						<line number="134" hits="0"/>
						<line number="135" hits="0"/>
						<line number="137" hits="0"/>
						<line number="139" hits="0"/>
						<line number="140" hits="0"/>
						<line number="141" hits="0"/>
						<line number="142" hits="0"/>
						<line number="143" hits="0"/>
						<line number="145" hits="0"/>
						<line number="148" hits="0"/>
						<line number="150" hits="0"/>
						<line number="154" hits="0"/>
						<line number="155" hits="0"/>
						<line number="156" hits="0"/>
						<line number="160" hits="0"/>
						<line number="165" hits="0"/>
						<line number="175" hits="0"/>
						<line number="176" hits="0"/>
						<line number="177" hits="1"/>
						<line number="178" hits="1"/>
						<line number="179" hits="1"/>
						<line number="180" hits="1"/>
						<line number="181" hits="1"/>
						<line number="184" hits="0"/>
						<line number="185" hits="0"/>
					</lines>
				</class>
			</classes>
		</package>
	</packages>
</coverage>
